<?xml version="1.0" encoding="UTF-8"?>
<!-- Generated by org.testng.reporters.JUnitXMLReporter -->
<testsuite ignored="39" hostname="LAPTOP-T6FV17P0" failures="0" tests="28" name="Smoke Tests" time="877.209" errors="0" timestamp="2026-01-22T21:37:43 IST">
  <testcase classname="com.demoqa.webautomation.testcases.ElementsFunctionalityTest" name="verifyFormSubmissionWithValidData" time="3.873"/>
  <testcase classname="com.demoqa.webautomation.testcases.ElementsFunctionalityTest" name="verifyFormSubmissionWithValidData" time="3.286"/>
  <testcase classname="com.demoqa.webautomation.testcases.ElementsFunctionalityTest" name="verifyFormSubmissionWithValidData" time="2.495"/>
  <testcase classname="com.demoqa.webautomation.testcases.ElementsFunctionalityTest" name="verifyHomeFolderExpandCollapse" time="11.274"/>
  <testcase classname="com.demoqa.webautomation.testcases.ElementsFunctionalityTest" name="verifyHomeSelectsAllCheckboxes" time="1.109"/>
  <testcase classname="com.demoqa.webautomation.testcases.ElementsFunctionalityTest" name="verifyYesRadioButtonSelected" time="1.27"/>
  <testcase classname="com.demoqa.webautomation.testcases.ElementsFunctionalityTest" name="verifyAddButtonOpensRegistrationForm" time="1.803"/>
  <testcase classname="com.demoqa.webautomation.testcases.ElementsFunctionalityTest" name="verifyAddingNewRecordWithAllValidData" time="6.367"/>
  <testcase classname="com.demoqa.webautomation.testcases.ElementsFunctionalityTest" name="verifyAddingNewRecordWithAllValidData" time="4.74"/>
  <testcase classname="com.demoqa.webautomation.testcases.ElementsFunctionalityTest" name="verifyAddingNewRecordWithAllValidData" time="5.685"/>
  <testcase classname="com.demoqa.webautomation.testcases.ElementsFunctionalityTest" name="verifyAddingNewRecordWithAllValidData" time="5.113"/>
  <testcase classname="com.demoqa.webautomation.testcases.ElementsFunctionalityTest" name="verifyEditButtonOpensRecordWithCorrectData" time="1.285"/>
  <testcase classname="com.demoqa.webautomation.testcases.ElementsFunctionalityTest" name="verifyEditButtonOpensRecordWithCorrectData" time="2.472"/>
  <testcase classname="com.demoqa.webautomation.testcases.ElementsFunctionalityTest" name="verifyEditButtonOpensRecordWithCorrectData" time="1.385"/>
  <testcase classname="com.demoqa.webautomation.testcases.ElementsFunctionalityTest" name="verifyDeleteExistingRecord" time="22.253"/>
  <testcase classname="com.demoqa.webautomation.testcases.ElementsFunctionalityTest" name="verifySearchWithValidFirstName" time="1.394"/>
  <testcase classname="com.demoqa.webautomation.testcases.ElementsFunctionalityTest" name="verifySearchWithValidFirstName" time="1.341"/>
  <testcase classname="com.demoqa.webautomation.testcases.ElementsFunctionalityTest" name="verifySearchWithValidFirstName" time="2.025"/>
  <testcase classname="com.demoqa.webautomation.testcases.ElementsFunctionalityTest" name="verifyDoubleClickFunctionality" time="1.555"/>
  <testcase classname="com.demoqa.webautomation.testcases.ElementsFunctionalityTest" name="verifyRightClickFunctionality" time="0.954"/>
  <testcase classname="com.demoqa.webautomation.testcases.ElementsFunctionalityTest" name="verifyClickMeFunctionality" time="1.671"/>
  <testcase classname="com.demoqa.webautomation.testcases.ElementsFunctionalityTest" name="verifyLinkOpenInNewTab" time="3.26">
    <skipped/>
  </testcase> <!-- verifyLinkOpenInNewTab -->
  <testcase classname="com.demoqa.webautomation.testcases.ElementsFunctionalityTest" name="verifyLinkOpenInNewTab" time="3.106"/>
  <testcase classname="com.demoqa.webautomation.testcases.ElementsFunctionalityTest" name="verifyCreatedLinkAndGetResponseCode" time="2.171"/>
  <testcase classname="com.demoqa.webautomation.testcases.ElementsFunctionalityTest" name="verifyValidImage" time="0.263"/>
  <testcase classname="com.demoqa.webautomation.testcases.ElementsFunctionalityTest" name="verifyDownloadFunctionality" time="2.054"/>
  <testcase classname="com.demoqa.webautomation.testcases.ElementsFunctionalityTest" name="verifyUploadFileFunctionality" time="0.851"/>
  <testcase classname="com.demoqa.webautomation.testcases.ElementsFunctionalityTest" name="verifyRandomIdText" time="0.491"/>
  <testcase classname="com.demoqa.webautomation.testcases.ElementsFunctionalityTest" name="verifySearchWithValidEmail" time="0.0">
    <ignored/>
  </testcase> <!-- verifySearchWithValidEmail -->
  <testcase classname="com.demoqa.webautomation.testcases.ElementsFunctionalityTest" name="verifyClickOnVeuCheckbox" time="0.0">
    <ignored/>
  </testcase> <!-- verifyClickOnVeuCheckbox -->
  <testcase classname="com.demoqa.webautomation.testcases.ElementsFunctionalityTest" name="verifyClickOnWordFileCheckbox" time="0.0">
    <ignored/>
  </testcase> <!-- verifyClickOnWordFileCheckbox -->
  <testcase classname="com.demoqa.webautomation.testcases.ElementsFunctionalityTest" name="verifyClickOnGeneralCheckbox" time="0.0">
    <ignored/>
  </testcase> <!-- verifyClickOnGeneralCheckbox -->
  <testcase classname="com.demoqa.webautomation.testcases.ElementsFunctionalityTest" name="verifyClickOnAngularCheckbox" time="0.0">
    <ignored/>
  </testcase> <!-- verifyClickOnAngularCheckbox -->
  <testcase classname="com.demoqa.webautomation.testcases.ElementsFunctionalityTest" name="verifyDesktopSelectsAllChildCheckboxes" time="0.0">
    <ignored/>
  </testcase> <!-- verifyDesktopSelectsAllChildCheckboxes -->
  <testcase classname="com.demoqa.webautomation.testcases.ElementsFunctionalityTest" name="verifyDocumentsSelectsAllChildCheckboxes" time="0.0">
    <ignored/>
  </testcase> <!-- verifyDocumentsSelectsAllChildCheckboxes -->
  <testcase classname="com.demoqa.webautomation.testcases.ElementsFunctionalityTest" name="verifyFormSubmissionWithValidEmail" time="0.0">
    <ignored/>
  </testcase> <!-- verifyFormSubmissionWithValidEmail -->
  <testcase classname="com.demoqa.webautomation.testcases.ElementsFunctionalityTest" name="verifyClickOnExcelFileCheckbox" time="0.0">
    <ignored/>
  </testcase> <!-- verifyClickOnExcelFileCheckbox -->
  <testcase classname="com.demoqa.webautomation.testcases.ElementsFunctionalityTest" name="verifyColorChangeButton" time="0.0">
    <ignored/>
  </testcase> <!-- verifyColorChangeButton -->
  <testcase classname="com.demoqa.webautomation.testcases.ElementsFunctionalityTest" name="verifyDynamicLinkOpenInNewTab" time="0.0">
    <ignored/>
  </testcase> <!-- verifyDynamicLinkOpenInNewTab -->
  <testcase classname="com.demoqa.webautomation.testcases.ElementsFunctionalityTest" name="verifyClickOnPrivateCheckbox" time="0.0">
    <ignored/>
  </testcase> <!-- verifyClickOnPrivateCheckbox -->
  <testcase classname="com.demoqa.webautomation.testcases.ElementsFunctionalityTest" name="verifyUnAuthorizedAndGetResponseCode" time="0.0">
    <ignored/>
  </testcase> <!-- verifyUnAuthorizedAndGetResponseCode -->
  <testcase classname="com.demoqa.webautomation.testcases.ElementsFunctionalityTest" name="verifyNotFoundAndGetResponseCode" time="0.0">
    <ignored/>
  </testcase> <!-- verifyNotFoundAndGetResponseCode -->
  <testcase classname="com.demoqa.webautomation.testcases.ElementsFunctionalityTest" name="verifySearchWithValidDepartment" time="0.0">
    <ignored/>
  </testcase> <!-- verifySearchWithValidDepartment -->
  <testcase classname="com.demoqa.webautomation.testcases.ElementsFunctionalityTest" name="verifyClickOnPublicCheckbox" time="0.0">
    <ignored/>
  </testcase> <!-- verifyClickOnPublicCheckbox -->
  <testcase classname="com.demoqa.webautomation.testcases.ElementsFunctionalityTest" name="verifyClickOnNotesCheckbox" time="0.0">
    <ignored/>
  </testcase> <!-- verifyClickOnNotesCheckbox -->
  <testcase classname="com.demoqa.webautomation.testcases.ElementsFunctionalityTest" name="verifyClickOnCommandsCheckbox" time="0.0">
    <ignored/>
  </testcase> <!-- verifyClickOnCommandsCheckbox -->
  <testcase classname="com.demoqa.webautomation.testcases.ElementsFunctionalityTest" name="verifyDownloadsSelectsAllChildCheckboxes" time="0.0">
    <ignored/>
  </testcase> <!-- verifyDownloadsSelectsAllChildCheckboxes -->
  <testcase classname="com.demoqa.webautomation.testcases.ElementsFunctionalityTest" name="verifySearchWithNoMatchingResults" time="0.0">
    <ignored/>
  </testcase> <!-- verifySearchWithNoMatchingResults -->
  <testcase classname="com.demoqa.webautomation.testcases.ElementsFunctionalityTest" name="verifyMovedAndGetResponseCode" time="0.0">
    <ignored/>
  </testcase> <!-- verifyMovedAndGetResponseCode -->
  <testcase classname="com.demoqa.webautomation.testcases.ElementsFunctionalityTest" name="verifyFormSubmissionWithValidCurrentAddress" time="0.0">
    <ignored/>
  </testcase> <!-- verifyFormSubmissionWithValidCurrentAddress -->
  <testcase classname="com.demoqa.webautomation.testcases.ElementsFunctionalityTest" name="verifyClickOnClassifiedCheckbox" time="0.0">
    <ignored/>
  </testcase> <!-- verifyClickOnClassifiedCheckbox -->
  <testcase classname="com.demoqa.webautomation.testcases.ElementsFunctionalityTest" name="verifyOfficeSelectsAllChildCheckboxes" time="0.0">
    <ignored/>
  </testcase> <!-- verifyOfficeSelectsAllChildCheckboxes -->
  <testcase classname="com.demoqa.webautomation.testcases.ElementsFunctionalityTest" name="verifyWorkspaceSelectsAllChildCheckboxes" time="0.0">
    <ignored/>
  </testcase> <!-- verifyWorkspaceSelectsAllChildCheckboxes -->
  <testcase classname="com.demoqa.webautomation.testcases.ElementsFunctionalityTest" name="verifyFormSubmissionWithValidName" time="0.0">
    <ignored/>
  </testcase> <!-- verifyFormSubmissionWithValidName -->
  <testcase classname="com.demoqa.webautomation.testcases.ElementsFunctionalityTest" name="verifyNoContentAndGetResponseCode" time="0.0">
    <ignored/>
  </testcase> <!-- verifyNoContentAndGetResponseCode -->
  <testcase classname="com.demoqa.webautomation.testcases.ElementsFunctionalityTest" name="verifyBadRequestAndGetResponseCode" time="0.0">
    <ignored/>
  </testcase> <!-- verifyBadRequestAndGetResponseCode -->
  <testcase classname="com.demoqa.webautomation.testcases.ElementsFunctionalityTest" name="verifyForbiddenAndGetResponseCode" time="0.0">
    <ignored/>
  </testcase> <!-- verifyForbiddenAndGetResponseCode -->
  <testcase classname="com.demoqa.webautomation.testcases.ElementsFunctionalityTest" name="verifyEditingExistingRecord" time="0.0">
    <ignored/>
  </testcase> <!-- verifyEditingExistingRecord -->
  <testcase classname="com.demoqa.webautomation.testcases.ElementsFunctionalityTest" name="verifySearchWithValidLastName" time="0.0">
    <ignored/>
  </testcase> <!-- verifySearchWithValidLastName -->
  <testcase classname="com.demoqa.webautomation.testcases.ElementsFunctionalityTest" name="verifyEnableAfter5Seconds" time="0.0">
    <ignored/>
  </testcase> <!-- verifyEnableAfter5Seconds -->
  <testcase classname="com.demoqa.webautomation.testcases.ElementsFunctionalityTest" name="verifyBrokenLinkFunctionality" time="0.0">
    <ignored/>
  </testcase> <!-- verifyBrokenLinkFunctionality -->
  <testcase classname="com.demoqa.webautomation.testcases.ElementsFunctionalityTest" name="verifyFormSubmissionWithValidPermanentAddress" time="0.0">
    <ignored/>
  </testcase> <!-- verifyFormSubmissionWithValidPermanentAddress -->
  <testcase classname="com.demoqa.webautomation.testcases.ElementsFunctionalityTest" name="verifyImpressiveRadioButtonSelected" time="0.0">
    <ignored/>
  </testcase> <!-- verifyImpressiveRadioButtonSelected -->
  <testcase classname="com.demoqa.webautomation.testcases.ElementsFunctionalityTest" name="verifyValidLinkFunctionality" time="0.0">
    <ignored/>
  </testcase> <!-- verifyValidLinkFunctionality -->
  <testcase classname="com.demoqa.webautomation.testcases.ElementsFunctionalityTest" name="verifyVisibleAfter5Seconds" time="0.0">
    <ignored/>
  </testcase> <!-- verifyVisibleAfter5Seconds -->
  <testcase classname="com.demoqa.webautomation.testcases.ElementsFunctionalityTest" name="verifyInValidImage" time="0.0">
    <ignored/>
  </testcase> <!-- verifyInValidImage -->
  <testcase classname="com.demoqa.webautomation.testcases.ElementsFunctionalityTest" name="verifyClickOnReactCheckbox" time="0.0">
    <ignored/>
  </testcase> <!-- verifyClickOnReactCheckbox -->
</testsuite> <!-- Smoke Tests -->
