<html>
<head>
<title>TestNG:  Smoke Tests</title>
<link href="../testng.css" rel="stylesheet" type="text/css" />
<link href="../my-testng.css" rel="stylesheet" type="text/css" />

<style type="text/css">
.log { display: none;} 
.stack-trace { display: none;} 
</style>
<script type="text/javascript">
<!--
function flip(e) {
  current = e.style.display;
  if (current == 'block') {
    e.style.display = 'none';
    return 0;
  }
  else {
    e.style.display = 'block';
    return 1;
  }
}

function toggleBox(szDivId, elem, msg1, msg2)
{
  var res = -1;  if (document.getElementById) {
    res = flip(document.getElementById(szDivId));
  }
  else if (document.all) {
    // this is the way old msie versions work
    res = flip(document.all[szDivId]);
  }
  if(elem) {
    if(res == 0) elem.innerHTML = msg1; else elem.innerHTML = msg2;
  }

}

function toggleAllBoxes() {
  if (document.getElementsByTagName) {
    d = document.getElementsByTagName('div');
    for (i = 0; i < d.length; i++) {
      if (d[i].className == 'log') {
        flip(d[i]);
      }
    }
  }
}

// -->
</script>

</head>
<body>
<h2 align='center'>Smoke Tests</h2><table border='1' align="center">
<tr>
<td>Tests passed/Failed/Skipped:</td><td>27/0/1</td>
</tr><tr>
<td>Started on:</td><td>Thu Jan 22 21:23:03 IST 2026</td>
</tr>
<tr><td>Total time:</td><td>877 seconds (877209 ms)</td>
</tr><tr>
<td>Included groups:</td><td>smoke </td>
</tr><tr>
<td>Excluded groups:</td><td></td>
</tr>
</table><p/>
<small><i>(Hover the method name to see the test class name)</i></small><p/>
<table width='100%' border='1' class='invocation-passed'>
<tr><td colspan='4' align='center'><b>PASSED TESTS</b></td></tr>
<tr><td><b>Test method</b></td>
<td><b>Attribute(s)</b></td>
<td width="30%"><b>Exception</b></td>
<td width="10%"><b>Time (seconds)</b></td>
<td><b>Instance</b></td>
</tr>
<tr>
<td title='com.demoqa.webautomation.testcases.ElementsFunctionalityTest.verifyAddingNewRecordWithAllValidData()'><b>verifyAddingNewRecordWithAllValidData</b><br>Test class: com.demoqa.webautomation.testcases.ElementsFunctionalityTest<br>Test method: TC_027: Verify adding a new record to web table with all valid data<br>Parameters: {firstName=Rahul, lastName=Verma, salary=60000, department=IT Support, email=rahul.verma@testmail.com, age=30}</td>
<td></td>
<td>5</td>
<td>com.demoqa.webautomation.testcases.ElementsFunctionalityTest@5a9d6f02</td></tr>
<tr>
<td title='com.demoqa.webautomation.testcases.ElementsFunctionalityTest.verifyEditButtonOpensRecordWithCorrectData()'><b>verifyEditButtonOpensRecordWithCorrectData</b><br>Test class: com.demoqa.webautomation.testcases.ElementsFunctionalityTest<br>Test method: TC_028: Verify Edit button opens the correct record with accurate data<br>Parameters: {firstName=Kierra, lastName=Gentry, salary=2000, department=Legal, age=29, email=kierra@example.com}</td>
<td></td>
<td>1</td>
<td>com.demoqa.webautomation.testcases.ElementsFunctionalityTest@5a9d6f02</td></tr>
<tr>
<td title='com.demoqa.webautomation.testcases.ElementsFunctionalityTest.verifyRandomIdText()'><b>verifyRandomIdText</b><br>Test class: com.demoqa.webautomation.testcases.ElementsFunctionalityTest<br>Test method: TC_054: Verify random ID text is displayed on dynamic properties page</td>
<td></td>
<td>0</td>
<td>com.demoqa.webautomation.testcases.ElementsFunctionalityTest@5a9d6f02</td></tr>
<tr>
<td title='com.demoqa.webautomation.testcases.ElementsFunctionalityTest.verifyRightClickFunctionality()'><b>verifyRightClickFunctionality</b><br>Test class: com.demoqa.webautomation.testcases.ElementsFunctionalityTest<br>Test method: TC_037: Verify right click functionality on button</td>
<td></td>
<td>0</td>
<td>com.demoqa.webautomation.testcases.ElementsFunctionalityTest@5a9d6f02</td></tr>
<tr>
<td title='com.demoqa.webautomation.testcases.ElementsFunctionalityTest.verifyDeleteExistingRecord()'><b>verifyDeleteExistingRecord</b><br>Test class: com.demoqa.webautomation.testcases.ElementsFunctionalityTest<br>Test method: TC_030: Verify deleting an existing record from the web table<br>Parameters: {firstName=Alden}</td>
<td></td>
<td>22</td>
<td>com.demoqa.webautomation.testcases.ElementsFunctionalityTest@5a9d6f02</td></tr>
<tr>
<td title='com.demoqa.webautomation.testcases.ElementsFunctionalityTest.verifyValidImage()'><b>verifyValidImage</b><br>Test class: com.demoqa.webautomation.testcases.ElementsFunctionalityTest<br>Test method: TC_048: Verify valid image loads successfully</td>
<td></td>
<td>0</td>
<td>com.demoqa.webautomation.testcases.ElementsFunctionalityTest@5a9d6f02</td></tr>
<tr>
<td title='com.demoqa.webautomation.testcases.ElementsFunctionalityTest.verifyCreatedLinkAndGetResponseCode()'><b>verifyCreatedLinkAndGetResponseCode</b><br>Test class: com.demoqa.webautomation.testcases.ElementsFunctionalityTest<br>Test method: TC_041: Verify Created link returns 201 response code</td>
<td></td>
<td>2</td>
<td>com.demoqa.webautomation.testcases.ElementsFunctionalityTest@5a9d6f02</td></tr>
<tr>
<td title='com.demoqa.webautomation.testcases.ElementsFunctionalityTest.verifyYesRadioButtonSelected()'><b>verifyYesRadioButtonSelected</b><br>Test class: com.demoqa.webautomation.testcases.ElementsFunctionalityTest<br>Test method: TC_024: Verify Yes radio button can be selected successfully</td>
<td></td>
<td>1</td>
<td>com.demoqa.webautomation.testcases.ElementsFunctionalityTest@5a9d6f02</td></tr>
<tr>
<td title='com.demoqa.webautomation.testcases.ElementsFunctionalityTest.verifyEditButtonOpensRecordWithCorrectData()'><b>verifyEditButtonOpensRecordWithCorrectData</b><br>Test class: com.demoqa.webautomation.testcases.ElementsFunctionalityTest<br>Test method: TC_028: Verify Edit button opens the correct record with accurate data<br>Parameters: {firstName=Alden, lastName=Cantrell, salary=12000, department=Compliance, age=45, email=alden@example.com}</td>
<td></td>
<td>2</td>
<td>com.demoqa.webautomation.testcases.ElementsFunctionalityTest@5a9d6f02</td></tr>
<tr>
<td title='com.demoqa.webautomation.testcases.ElementsFunctionalityTest.verifySearchWithValidFirstName()'><b>verifySearchWithValidFirstName</b><br>Test class: com.demoqa.webautomation.testcases.ElementsFunctionalityTest<br>Test method: TC_031: Verify search functionality with valid first name<br>Parameters: {firstName=Alden, lastName=Cantrell, salary=12000, department=Compliance, age=45, email=alden@example.com}</td>
<td></td>
<td>1</td>
<td>com.demoqa.webautomation.testcases.ElementsFunctionalityTest@5a9d6f02</td></tr>
<tr>
<td title='com.demoqa.webautomation.testcases.ElementsFunctionalityTest.verifyClickMeFunctionality()'><b>verifyClickMeFunctionality</b><br>Test class: com.demoqa.webautomation.testcases.ElementsFunctionalityTest<br>Test method: TC_038: Verify Click Me button functionality</td>
<td></td>
<td>1</td>
<td>com.demoqa.webautomation.testcases.ElementsFunctionalityTest@5a9d6f02</td></tr>
<tr>
<td title='com.demoqa.webautomation.testcases.ElementsFunctionalityTest.verifyAddingNewRecordWithAllValidData()'><b>verifyAddingNewRecordWithAllValidData</b><br>Test class: com.demoqa.webautomation.testcases.ElementsFunctionalityTest<br>Test method: TC_027: Verify adding a new record to web table with all valid data<br>Parameters: {firstName=Sanjay, lastName=Naik, salary=45000, department=QA Automation, email=sanjay.naik@testmail.com, age=25}</td>
<td></td>
<td>6</td>
<td>com.demoqa.webautomation.testcases.ElementsFunctionalityTest@5a9d6f02</td></tr>
<tr>
<td title='com.demoqa.webautomation.testcases.ElementsFunctionalityTest.verifyDownloadFunctionality()'><b>verifyDownloadFunctionality</b><br>Test class: com.demoqa.webautomation.testcases.ElementsFunctionalityTest<br>Test method: TC_052: Verify file download functionality</td>
<td></td>
<td>2</td>
<td>com.demoqa.webautomation.testcases.ElementsFunctionalityTest@5a9d6f02</td></tr>
<tr>
<td title='com.demoqa.webautomation.testcases.ElementsFunctionalityTest.verifyUploadFileFunctionality()'><b>verifyUploadFileFunctionality</b><br>Test class: com.demoqa.webautomation.testcases.ElementsFunctionalityTest<br>Test method: TC_053: Verify file upload functionality</td>
<td></td>
<td>0</td>
<td>com.demoqa.webautomation.testcases.ElementsFunctionalityTest@5a9d6f02</td></tr>
<tr>
<td title='com.demoqa.webautomation.testcases.ElementsFunctionalityTest.verifyEditButtonOpensRecordWithCorrectData()'><b>verifyEditButtonOpensRecordWithCorrectData</b><br>Test class: com.demoqa.webautomation.testcases.ElementsFunctionalityTest<br>Test method: TC_028: Verify Edit button opens the correct record with accurate data<br>Parameters: {firstName=Cierra, lastName=Vega, salary=10000, department=Insurance, age=39, email=cierra@example.com}</td>
<td></td>
<td>1</td>
<td>com.demoqa.webautomation.testcases.ElementsFunctionalityTest@5a9d6f02</td></tr>
<tr>
<td title='com.demoqa.webautomation.testcases.ElementsFunctionalityTest.verifyLinkOpenInNewTab()'><b>verifyLinkOpenInNewTab</b><br>Test class: com.demoqa.webautomation.testcases.ElementsFunctionalityTest<br>Test method: TC_039: Verify Home link opens in new tab</td>
<td></td>
<td>3</td>
<td>com.demoqa.webautomation.testcases.ElementsFunctionalityTest@5a9d6f02</td></tr>
<tr>
<td title='com.demoqa.webautomation.testcases.ElementsFunctionalityTest.verifyAddingNewRecordWithAllValidData()'><b>verifyAddingNewRecordWithAllValidData</b><br>Test class: com.demoqa.webautomation.testcases.ElementsFunctionalityTest<br>Test method: TC_027: Verify adding a new record to web table with all valid data<br>Parameters: {firstName=Anita, lastName=Sharma, salary=52000, department=Finance, email=anita.sharma@testmail.com, age=28}</td>
<td></td>
<td>4</td>
<td>com.demoqa.webautomation.testcases.ElementsFunctionalityTest@5a9d6f02</td></tr>
<tr>
<td title='com.demoqa.webautomation.testcases.ElementsFunctionalityTest.verifySearchWithValidFirstName()'><b>verifySearchWithValidFirstName</b><br>Test class: com.demoqa.webautomation.testcases.ElementsFunctionalityTest<br>Test method: TC_031: Verify search functionality with valid first name<br>Parameters: {firstName=Kierra, lastName=Gentry, salary=2000, department=Legal, age=29, email=kierra@example.com}</td>
<td></td>
<td>2</td>
<td>com.demoqa.webautomation.testcases.ElementsFunctionalityTest@5a9d6f02</td></tr>
<tr>
<td title='com.demoqa.webautomation.testcases.ElementsFunctionalityTest.verifyHomeSelectsAllCheckboxes()'><b>verifyHomeSelectsAllCheckboxes</b><br>Test class: com.demoqa.webautomation.testcases.ElementsFunctionalityTest<br>Test method: TC_007: Verify clicking Home checkbox selects all child checkboxes</td>
<td></td>
<td>1</td>
<td>com.demoqa.webautomation.testcases.ElementsFunctionalityTest@5a9d6f02</td></tr>
<tr>
<td title='com.demoqa.webautomation.testcases.ElementsFunctionalityTest.verifyFormSubmissionWithValidData()'><b>verifyFormSubmissionWithValidData</b><br>Test class: com.demoqa.webautomation.testcases.ElementsFunctionalityTest<br>Test method: TC_001: Verify form submission with all valid data fields<br>Parameters: {fullName=Anita Sharma, permanentAddress=Civil Lines, Jaipur, Rajasthan, India, email=anita.sharma@testmail.com, currentAddress=Flat 12B, Andheri West, Mumbai, Maharashtra, India}</td>
<td></td>
<td>3</td>
<td>com.demoqa.webautomation.testcases.ElementsFunctionalityTest@5a9d6f02</td></tr>
<tr>
<td title='com.demoqa.webautomation.testcases.ElementsFunctionalityTest.verifyFormSubmissionWithValidData()'><b>verifyFormSubmissionWithValidData</b><br>Test class: com.demoqa.webautomation.testcases.ElementsFunctionalityTest<br>Test method: TC_001: Verify form submission with all valid data fields<br>Parameters: {fullName=Sanjay Naik, permanentAddress=Village Naik Nagar, Kalaburagi, Karnataka, India, email=sanjay.naik@testmail.com, currentAddress=No. 45, MG Road, Bengaluru, Karnataka, India}</td>
<td></td>
<td>3</td>
<td>com.demoqa.webautomation.testcases.ElementsFunctionalityTest@5a9d6f02</td></tr>
<tr>
<td title='com.demoqa.webautomation.testcases.ElementsFunctionalityTest.verifyAddingNewRecordWithAllValidData()'><b>verifyAddingNewRecordWithAllValidData</b><br>Test class: com.demoqa.webautomation.testcases.ElementsFunctionalityTest<br>Test method: TC_027: Verify adding a new record to web table with all valid data<br>Parameters: {firstName=Priya, lastName=Patil, salary=48000, department=HR, email=priya.patil@testmail.com, age=26}</td>
<td></td>
<td>5</td>
<td>com.demoqa.webautomation.testcases.ElementsFunctionalityTest@5a9d6f02</td></tr>
<tr>
<td title='com.demoqa.webautomation.testcases.ElementsFunctionalityTest.verifyAddButtonOpensRegistrationForm()'><b>verifyAddButtonOpensRegistrationForm</b><br>Test class: com.demoqa.webautomation.testcases.ElementsFunctionalityTest<br>Test method: TC_026: Verify Add button opens registration form with all required fields</td>
<td></td>
<td>1</td>
<td>com.demoqa.webautomation.testcases.ElementsFunctionalityTest@5a9d6f02</td></tr>
<tr>
<td title='com.demoqa.webautomation.testcases.ElementsFunctionalityTest.verifyHomeFolderExpandCollapse()'><b>verifyHomeFolderExpandCollapse</b><br>Test class: com.demoqa.webautomation.testcases.ElementsFunctionalityTest<br>Test method: TC_006: Verify Home folder expand and collapse functionality</td>
<td></td>
<td>11</td>
<td>com.demoqa.webautomation.testcases.ElementsFunctionalityTest@5a9d6f02</td></tr>
<tr>
<td title='com.demoqa.webautomation.testcases.ElementsFunctionalityTest.verifyFormSubmissionWithValidData()'><b>verifyFormSubmissionWithValidData</b><br>Test class: com.demoqa.webautomation.testcases.ElementsFunctionalityTest<br>Test method: TC_001: Verify form submission with all valid data fields<br>Parameters: {fullName=Rahul Verma, permanentAddress=Rajendra Nagar, Patna, Bihar, India, email=rahul.verma@testmail.com, currentAddress=Sector 62, Noida, Uttar Pradesh, India}</td>
<td></td>
<td>2</td>
<td>com.demoqa.webautomation.testcases.ElementsFunctionalityTest@5a9d6f02</td></tr>
<tr>
<td title='com.demoqa.webautomation.testcases.ElementsFunctionalityTest.verifySearchWithValidFirstName()'><b>verifySearchWithValidFirstName</b><br>Test class: com.demoqa.webautomation.testcases.ElementsFunctionalityTest<br>Test method: TC_031: Verify search functionality with valid first name<br>Parameters: {firstName=Cierra, lastName=Vega, salary=10000, department=Insurance, age=39, email=cierra@example.com}</td>
<td></td>
<td>1</td>
<td>com.demoqa.webautomation.testcases.ElementsFunctionalityTest@5a9d6f02</td></tr>
<tr>
<td title='com.demoqa.webautomation.testcases.ElementsFunctionalityTest.verifyDoubleClickFunctionality()'><b>verifyDoubleClickFunctionality</b><br>Test class: com.demoqa.webautomation.testcases.ElementsFunctionalityTest<br>Test method: TC_036: Verify double click functionality on button</td>
<td></td>
<td>1</td>
<td>com.demoqa.webautomation.testcases.ElementsFunctionalityTest@5a9d6f02</td></tr>
</table><p>
<table width='100%' border='1' class='invocation-skipped'>
<tr><td colspan='4' align='center'><b>SKIPPED TESTS</b></td></tr>
<tr><td><b>Test method</b></td>
<td><b>Attribute(s)</b></td>
<td width="30%"><b>Exception</b></td>
<td width="10%"><b>Time (seconds)</b></td>
<td><b>Instance</b></td>
</tr>
<tr>
<td title='com.demoqa.webautomation.testcases.ElementsFunctionalityTest.verifyLinkOpenInNewTab()'><b>verifyLinkOpenInNewTab</b><br>Test class: com.demoqa.webautomation.testcases.ElementsFunctionalityTest<br>Test method: TC_039: Verify Home link opens in new tab</td>
<td><div><pre>java.lang.AssertionError: FAIL: Home link is not opened in new tab / title mismatch expected [DEMOQA] but found []
	at com.demoqa.webautomation.testcases.ElementsFunctionalityTest.verifyLinkOpenInNewTab(ElementsFunctionalityTest.java:1037)
	at java.base/java.util.ArrayList.forEach(ArrayList.java:1511)
... Removed 32 stack frames</pre></div><a href='#' onClick='toggleBox("stack-trace629050435", this, "Click to show all stack frames", "Click to hide stack frames")'>Click to show all stack frames</a>
<div class='stack-trace' id='stack-trace629050435'><pre>java.lang.AssertionError: FAIL: Home link is not opened in new tab / title mismatch expected [DEMOQA] but found []
	at org.testng.Assert.fail(Assert.java:111)
	at org.testng.Assert.failNotEquals(Assert.java:1590)
	at org.testng.Assert.assertEqualsImpl(Assert.java:150)
	at org.testng.Assert.assertEquals(Assert.java:132)
	at org.testng.Assert.assertEquals(Assert.java:656)
	at com.demoqa.webautomation.testcases.ElementsFunctionalityTest.verifyLinkOpenInNewTab(ElementsFunctionalityTest.java:1037)
	at java.base/jdk.internal.reflect.NativeMethodAccessorImpl.invoke0(Native Method)
	at java.base/jdk.internal.reflect.NativeMethodAccessorImpl.invoke(NativeMethodAccessorImpl.java:77)
	at java.base/jdk.internal.reflect.DelegatingMethodAccessorImpl.invoke(DelegatingMethodAccessorImpl.java:43)
	at java.base/java.lang.reflect.Method.invoke(Method.java:568)
	at org.testng.internal.invokers.MethodInvocationHelper.invokeMethod(MethodInvocationHelper.java:141)
	at org.testng.internal.invokers.TestInvoker.invokeMethod(TestInvoker.java:687)
	at org.testng.internal.invokers.TestInvoker.invokeTestMethod(TestInvoker.java:230)
	at org.testng.internal.invokers.MethodRunner.runInSequence(MethodRunner.java:63)
	at org.testng.internal.invokers.TestInvoker$MethodInvocationAgent.invoke(TestInvoker.java:995)
	at org.testng.internal.invokers.TestInvoker.invokeTestMethods(TestInvoker.java:203)
	at org.testng.internal.invokers.TestMethodWorker.invokeTestMethods(TestMethodWorker.java:154)
	at org.testng.internal.invokers.TestMethodWorker.run(TestMethodWorker.java:134)
	at java.base/java.util.ArrayList.forEach(ArrayList.java:1511)
	at org.testng.TestRunner.privateRun(TestRunner.java:741)
	at org.testng.TestRunner.run(TestRunner.java:616)
	at org.testng.SuiteRunner.runTest(SuiteRunner.java:421)
	at org.testng.SuiteRunner.runSequentially(SuiteRunner.java:413)
	at org.testng.SuiteRunner.privateRun(SuiteRunner.java:373)
	at org.testng.SuiteRunner.run(SuiteRunner.java:312)
	at org.testng.SuiteRunnerWorker.runSuite(SuiteRunnerWorker.java:52)
	at org.testng.SuiteRunnerWorker.run(SuiteRunnerWorker.java:95)
	at org.testng.TestNG.runSuitesSequentially(TestNG.java:1274)
	at org.testng.TestNG.runSuitesLocally(TestNG.java:1208)
	at org.testng.TestNG.runSuites(TestNG.java:1112)
	at org.testng.TestNG.run(TestNG.java:1079)
	at org.testng.remote.AbstractRemoteTestNG.run(AbstractRemoteTestNG.java:115)
	at org.testng.remote.RemoteTestNG.initAndRun(RemoteTestNG.java:293)
	at org.testng.remote.RemoteTestNG.main(RemoteTestNG.java:91)
</pre></div></td>
<td>3</td>
<td>com.demoqa.webautomation.testcases.ElementsFunctionalityTest@5a9d6f02</td></tr>
</table><p>
</body>
</html>