

<!DOCTYPE html>
<html>
<head>
<meta charset="UTF-8">
<meta name="viewport" content="width=device-width, initial-scale=1, shrink-to-fit=no">
<title>Automation Report</title>
<link rel="apple-touch-icon" href="https://cdn.jsdelivr.net/gh/extent-framework/extent-github-cdn@b00a2d0486596e73dd7326beacf352c639623a0e/commons/img/logo.png">
<link rel="shortcut icon" href="https://cdn.jsdelivr.net/gh/extent-framework/extent-github-cdn@b00a2d0486596e73dd7326beacf352c639623a0e/commons/img/logo.png">
<link href="https://cdn.jsdelivr.net/gh/extent-framework/extent-github-cdn@ce8b10435bcbae260c334c0d0c6b61d2c19b6168/spark/css/spark-style.css" rel="stylesheet" />
<link href="https://stackpath.bootstrapcdn.com/font-awesome/4.7.0/css/font-awesome.min.css" rel="stylesheet">
<script src="https://cdn.jsdelivr.net/gh/extent-framework/extent-github-cdn@7cc78ce/spark/js/jsontree.js"></script>
<style type="text/css"></style></head><body class="spa -report standard">
  <div class="app">
    <div class="layout">
<div class="header navbar">
<div class="vheader">
<div class="nav-logo">
<a href="#">
<div class="logo" style="background-image: url('https://cdn.jsdelivr.net/gh/extent-framework/extent-github-cdn@b00a2d0486596e73dd7326beacf352c639623a0e/commons/img/logo.png')"></div>
</a>
</div>
<ul class="nav-left">
<li class="search-box">
<a class="search-toggle" href="#">
<i class="search-icon fa fa-search"></i>
<i class="search-icon-close fa fa-close"></i>
</a>
</li>
<li class="search-input"><input id="search-tests" class="form-control" type="text" placeholder="Search..."></li>
</ul>
<ul class="nav-right">
<li class="m-r-10">
<a href="#"><span class="badge badge-primary">Functional Testing</span></a>
</li>
<li class="m-r-10">
<a href="#"><span class="badge badge-primary">Jan 22, 2026 08:45:39 pm</span></a>
</li>
</ul>
</div>
</div><div class="side-nav">
<div class="side-nav-inner">
<ul class="side-nav-menu">
<li class="nav-item dropdown" onclick="toggleView('test-view')">
<a id="nav-test" class="dropdown-toggle" href="#">
<span class="ico"><i class="fa fa-list"></i></span>
</a>
</li>
<li class="nav-item dropdown" onclick="toggleView('category-view')">
<a id="nav-category" class="dropdown-toggle" href="#">
<span class="ico"><i class="fa fa-tag"></i></span>
</a>
</li>
<li class="nav-item dropdown" onclick="toggleView('dashboard-view')">
<a id="nav-dashboard" class="dropdown-toggle" href="#">
<span class="ico"><i class="fa fa-bar-chart"></i></span>
</a>
</li>
</ul>
</div>
</div>      <div class="vcontainer">
        <div class="main-content">
<div class="test-wrapper row view test-view">
  <div class="test-list">
    <div class="test-list-tools">
<ul class="tools pull-left">
<li><a href="#"><span class="font-size-14">Tests</span></a></li>
</ul>
<ul class="tools text-right">
<li class="dropdown">
<a href="#" class="dropdown-toggle" data-toggle="dropdown"><i class="fa fa-exclamation-circle"></i></a>
<ul id="status-toggle" class="dropdown-menu dropdown-md p-v-0">
<a class="dropdown-item" status="pass" href="#"><span>Pass</span><span class="status success"></span></a>
<a class="dropdown-item" status="fail" href="#"><span>Fail</span><span class="status danger"></span></a>
<a class="dropdown-item" status="skip" href="#"><span>Skip</span><span class="status warning"></span></a>
<div class="dropdown-divider"></div>
<a status="clear" class="dropdown-item" href="#"><span>Clear</span><span class="pull-right"><i class="fa fa-close"></i></span></a>
</ul>
</li>
<li class="dropdown">
<a href="#" class="dropdown-toggle" data-toggle="dropdown"><i class="fa fa-tag"></i></a>
<ul id="tag-toggle" class="dropdown-menu dropdown-md p-v-0">
<a class="dropdown-item" href="#">radio</a><a class="dropdown-item" href="#">dynamic</a><a class="dropdown-item" href="#">api</a><a class="dropdown-item" href="#">links</a><a class="dropdown-item" href="#">checkbox</a><a class="dropdown-item" href="#">buttons</a><a class="dropdown-item" href="#">textbox</a><a class="dropdown-item" href="#">smoke</a><a class="dropdown-item" href="#">webtable</a><a class="dropdown-item" href="#">images</a><a class="dropdown-item" href="#">searchBox</a><a class="dropdown-item" href="#">filehandling</a><a class="dropdown-item" href="#">regression</a>
</ul>
</li>
</ul>
</div>    <div class="test-list-wrapper scrollable">
      <ul class="test-list-item">
        <li class="test-item"  status="pass" test-id="1"
          author=""
          tag="textbox regression smoke"
          device="">
          <div class="test-detail">
            <p class="name">com.demoqa.webautomation.testcases.ElementsFunctionalityTest.verifyFormSubmissionWithValidData</p>
            <p class="text-sm">
              <span>8:45:52 pm</span> / <span>00:00:13:990</span>
              <span class="badge pass-bg log float-right">Pass</span>
            </p>
          </div>
          <div class="test-contents d-none">
<div class="detail-head">
<div class="p-v-10">
<div class="info">
<h5 class="test-status text-pass">com.demoqa.webautomation.testcases.ElementsFunctionalityTest.verifyFormSubmissionWithValidData</h5>
<span class='badge badge-success'>01.22.2026 8:45:52 pm</span>
<span class='badge badge-danger'>01.22.2026 8:46:06 pm</span>
<span class='badge badge-default'>00:00:13:990</span>
&middot; <span class='uri-anchor badge badge-default'>#test-id=1</span>
<span title='Skip to the next failed step' class='badge badge-danger pointer float-right ne ml-1'><i class="fa fa-fast-forward"></i></span>
<span title='Collapse all nodes' class='badge badge-default pointer float-right ct ml-1'><i class="fa fa-compress"></i></span>
<span title='Expand all nodes' class='badge badge-default pointer float-right et'><i class="fa fa-expand"></i></span>
</div>
<div class="m-t-15"><span class="badge badge-pill badge-default">textbox</span>
<span class="badge badge-pill badge-default">regression</span>
<span class="badge badge-pill badge-default">smoke</span></div>
</div>
</div><div class="detail-body mt-4">
<table class="table table-sm">
  <thead><tr><th class="status-col">Status</th><th class="timestamp-col">Timestamp</th><th class="details-col">Details</th></tr></thead>
  <tbody>
      <tr class="event-row">
        <td><span class="badge log info-bg">Info</span></td>
        <td>8:45:52 pm</td>
        <td>
          Test Started: verifyFormSubmissionWithValidData
        </td>
      </tr>
      <tr class="event-row">
        <td><span class="badge log info-bg">Info</span></td>
        <td>8:45:52 pm</td>
        <td>
          TC_001 STARTED: Verify Form Submission With Valid Data
        </td>
      </tr>
      <tr class="event-row">
        <td><span class="badge log info-bg">Info</span></td>
        <td>8:45:54 pm</td>
        <td>
          Navigated to Text Box section
        </td>
      </tr>
      <tr class="event-row">
        <td><span class="badge log info-bg">Info</span></td>
        <td>8:45:54 pm</td>
        <td>
          Entered Full Name
        </td>
      </tr>
      <tr class="event-row">
        <td><span class="badge log info-bg">Info</span></td>
        <td>8:45:54 pm</td>
        <td>
          Entered Email
        </td>
      </tr>
      <tr class="event-row">
        <td><span class="badge log info-bg">Info</span></td>
        <td>8:45:54 pm</td>
        <td>
          Entered Current Address
        </td>
      </tr>
      <tr class="event-row">
        <td><span class="badge log info-bg">Info</span></td>
        <td>8:45:55 pm</td>
        <td>
          Entered Permanent Address
        </td>
      </tr>
      <tr class="event-row">
        <td><span class="badge log info-bg">Info</span></td>
        <td>8:45:55 pm</td>
        <td>
          Clicked Submit button
        </td>
      </tr>
      <tr class="event-row">
        <td><span class="badge log info-bg">Info</span></td>
        <td>8:45:55 pm</td>
        <td>
          Validating submitted form output
        </td>
      </tr>
      <tr class="event-row">
        <td><span class="badge log info-bg">Info</span></td>
        <td>8:45:55 pm</td>
        <td>
          TC_001 PASSED: Form submitted successfully with valid data
        </td>
      </tr>
      <tr class="event-row">
        <td><span class="badge log pass-bg">Pass</span></td>
        <td>8:45:55 pm</td>
        <td>
          Test Case Passed: verifyFormSubmissionWithValidData
        </td>
      </tr>
      <tr class="event-row">
        <td><span class="badge log info-bg">Info</span></td>
        <td>8:46:06 pm</td>
        <td>
          ===== Initializing Home Page before test execution =====
        </td>
      </tr>
      <tr class="event-row">
        <td><span class="badge log info-bg">Info</span></td>
        <td>8:46:06 pm</td>
        <td>
          Navigated to Elements module
        </td>
      </tr>
  </tbody>
</table>
</div>
          </div>
        </li>
        <li class="test-item"  status="pass" test-id="2"
          author=""
          tag="textbox regression smoke"
          device="">
          <div class="test-detail">
            <p class="name">com.demoqa.webautomation.testcases.ElementsFunctionalityTest.verifyFormSubmissionWithValidData</p>
            <p class="text-sm">
              <span>8:46:06 pm</span> / <span>00:00:13:255</span>
              <span class="badge pass-bg log float-right">Pass</span>
            </p>
          </div>
          <div class="test-contents d-none">
<div class="detail-head">
<div class="p-v-10">
<div class="info">
<h5 class="test-status text-pass">com.demoqa.webautomation.testcases.ElementsFunctionalityTest.verifyFormSubmissionWithValidData</h5>
<span class='badge badge-success'>01.22.2026 8:46:06 pm</span>
<span class='badge badge-danger'>01.22.2026 8:46:19 pm</span>
<span class='badge badge-default'>00:00:13:255</span>
&middot; <span class='uri-anchor badge badge-default'>#test-id=2</span>
<span title='Skip to the next failed step' class='badge badge-danger pointer float-right ne ml-1'><i class="fa fa-fast-forward"></i></span>
<span title='Collapse all nodes' class='badge badge-default pointer float-right ct ml-1'><i class="fa fa-compress"></i></span>
<span title='Expand all nodes' class='badge badge-default pointer float-right et'><i class="fa fa-expand"></i></span>
</div>
<div class="m-t-15"><span class="badge badge-pill badge-default">textbox</span>
<span class="badge badge-pill badge-default">regression</span>
<span class="badge badge-pill badge-default">smoke</span></div>
</div>
</div><div class="detail-body mt-4">
<table class="table table-sm">
  <thead><tr><th class="status-col">Status</th><th class="timestamp-col">Timestamp</th><th class="details-col">Details</th></tr></thead>
  <tbody>
      <tr class="event-row">
        <td><span class="badge log info-bg">Info</span></td>
        <td>8:46:06 pm</td>
        <td>
          Test Started: verifyFormSubmissionWithValidData
        </td>
      </tr>
      <tr class="event-row">
        <td><span class="badge log info-bg">Info</span></td>
        <td>8:46:06 pm</td>
        <td>
          TC_001 STARTED: Verify Form Submission With Valid Data
        </td>
      </tr>
      <tr class="event-row">
        <td><span class="badge log info-bg">Info</span></td>
        <td>8:46:07 pm</td>
        <td>
          Navigated to Text Box section
        </td>
      </tr>
      <tr class="event-row">
        <td><span class="badge log info-bg">Info</span></td>
        <td>8:46:08 pm</td>
        <td>
          Entered Full Name
        </td>
      </tr>
      <tr class="event-row">
        <td><span class="badge log info-bg">Info</span></td>
        <td>8:46:08 pm</td>
        <td>
          Entered Email
        </td>
      </tr>
      <tr class="event-row">
        <td><span class="badge log info-bg">Info</span></td>
        <td>8:46:08 pm</td>
        <td>
          Entered Current Address
        </td>
      </tr>
      <tr class="event-row">
        <td><span class="badge log info-bg">Info</span></td>
        <td>8:46:09 pm</td>
        <td>
          Entered Permanent Address
        </td>
      </tr>
      <tr class="event-row">
        <td><span class="badge log info-bg">Info</span></td>
        <td>8:46:09 pm</td>
        <td>
          Clicked Submit button
        </td>
      </tr>
      <tr class="event-row">
        <td><span class="badge log info-bg">Info</span></td>
        <td>8:46:09 pm</td>
        <td>
          Validating submitted form output
        </td>
      </tr>
      <tr class="event-row">
        <td><span class="badge log info-bg">Info</span></td>
        <td>8:46:09 pm</td>
        <td>
          TC_001 PASSED: Form submitted successfully with valid data
        </td>
      </tr>
      <tr class="event-row">
        <td><span class="badge log pass-bg">Pass</span></td>
        <td>8:46:09 pm</td>
        <td>
          Test Case Passed: verifyFormSubmissionWithValidData
        </td>
      </tr>
      <tr class="event-row">
        <td><span class="badge log info-bg">Info</span></td>
        <td>8:46:19 pm</td>
        <td>
          ===== Initializing Home Page before test execution =====
        </td>
      </tr>
      <tr class="event-row">
        <td><span class="badge log info-bg">Info</span></td>
        <td>8:46:19 pm</td>
        <td>
          Navigated to Elements module
        </td>
      </tr>
  </tbody>
</table>
</div>
          </div>
        </li>
        <li class="test-item"  status="pass" test-id="3"
          author=""
          tag="textbox regression smoke"
          device="">
          <div class="test-detail">
            <p class="name">com.demoqa.webautomation.testcases.ElementsFunctionalityTest.verifyFormSubmissionWithValidData</p>
            <p class="text-sm">
              <span>8:46:19 pm</span> / <span>00:00:26:883</span>
              <span class="badge pass-bg log float-right">Pass</span>
            </p>
          </div>
          <div class="test-contents d-none">
<div class="detail-head">
<div class="p-v-10">
<div class="info">
<h5 class="test-status text-pass">com.demoqa.webautomation.testcases.ElementsFunctionalityTest.verifyFormSubmissionWithValidData</h5>
<span class='badge badge-success'>01.22.2026 8:46:19 pm</span>
<span class='badge badge-danger'>01.22.2026 8:46:46 pm</span>
<span class='badge badge-default'>00:00:26:883</span>
&middot; <span class='uri-anchor badge badge-default'>#test-id=3</span>
<span title='Skip to the next failed step' class='badge badge-danger pointer float-right ne ml-1'><i class="fa fa-fast-forward"></i></span>
<span title='Collapse all nodes' class='badge badge-default pointer float-right ct ml-1'><i class="fa fa-compress"></i></span>
<span title='Expand all nodes' class='badge badge-default pointer float-right et'><i class="fa fa-expand"></i></span>
</div>
<div class="m-t-15"><span class="badge badge-pill badge-default">textbox</span>
<span class="badge badge-pill badge-default">regression</span>
<span class="badge badge-pill badge-default">smoke</span></div>
</div>
</div><div class="detail-body mt-4">
<table class="table table-sm">
  <thead><tr><th class="status-col">Status</th><th class="timestamp-col">Timestamp</th><th class="details-col">Details</th></tr></thead>
  <tbody>
      <tr class="event-row">
        <td><span class="badge log info-bg">Info</span></td>
        <td>8:46:19 pm</td>
        <td>
          Test Started: verifyFormSubmissionWithValidData
        </td>
      </tr>
      <tr class="event-row">
        <td><span class="badge log info-bg">Info</span></td>
        <td>8:46:19 pm</td>
        <td>
          TC_001 STARTED: Verify Form Submission With Valid Data
        </td>
      </tr>
      <tr class="event-row">
        <td><span class="badge log info-bg">Info</span></td>
        <td>8:46:23 pm</td>
        <td>
          Navigated to Text Box section
        </td>
      </tr>
      <tr class="event-row">
        <td><span class="badge log info-bg">Info</span></td>
        <td>8:46:24 pm</td>
        <td>
          Entered Full Name
        </td>
      </tr>
      <tr class="event-row">
        <td><span class="badge log info-bg">Info</span></td>
        <td>8:46:25 pm</td>
        <td>
          Entered Email
        </td>
      </tr>
      <tr class="event-row">
        <td><span class="badge log info-bg">Info</span></td>
        <td>8:46:25 pm</td>
        <td>
          Entered Current Address
        </td>
      </tr>
      <tr class="event-row">
        <td><span class="badge log info-bg">Info</span></td>
        <td>8:46:26 pm</td>
        <td>
          Entered Permanent Address
        </td>
      </tr>
      <tr class="event-row">
        <td><span class="badge log info-bg">Info</span></td>
        <td>8:46:27 pm</td>
        <td>
          Clicked Submit button
        </td>
      </tr>
      <tr class="event-row">
        <td><span class="badge log info-bg">Info</span></td>
        <td>8:46:27 pm</td>
        <td>
          Validating submitted form output
        </td>
      </tr>
      <tr class="event-row">
        <td><span class="badge log info-bg">Info</span></td>
        <td>8:46:27 pm</td>
        <td>
          TC_001 PASSED: Form submitted successfully with valid data
        </td>
      </tr>
      <tr class="event-row">
        <td><span class="badge log pass-bg">Pass</span></td>
        <td>8:46:27 pm</td>
        <td>
          Test Case Passed: verifyFormSubmissionWithValidData
        </td>
      </tr>
      <tr class="event-row">
        <td><span class="badge log info-bg">Info</span></td>
        <td>8:46:46 pm</td>
        <td>
          ===== Initializing Home Page before test execution =====
        </td>
      </tr>
      <tr class="event-row">
        <td><span class="badge log info-bg">Info</span></td>
        <td>8:46:46 pm</td>
        <td>
          Navigated to Elements module
        </td>
      </tr>
  </tbody>
</table>
</div>
          </div>
        </li>
        <li class="test-item"  status="pass" test-id="4"
          author=""
          tag="checkbox regression smoke"
          device="">
          <div class="test-detail">
            <p class="name">com.demoqa.webautomation.testcases.ElementsFunctionalityTest.verifyHomeFolderExpandCollapse</p>
            <p class="text-sm">
              <span>8:46:46 pm</span> / <span>00:00:23:268</span>
              <span class="badge pass-bg log float-right">Pass</span>
            </p>
          </div>
          <div class="test-contents d-none">
<div class="detail-head">
<div class="p-v-10">
<div class="info">
<h5 class="test-status text-pass">com.demoqa.webautomation.testcases.ElementsFunctionalityTest.verifyHomeFolderExpandCollapse</h5>
<span class='badge badge-success'>01.22.2026 8:46:46 pm</span>
<span class='badge badge-danger'>01.22.2026 8:47:09 pm</span>
<span class='badge badge-default'>00:00:23:268</span>
&middot; <span class='uri-anchor badge badge-default'>#test-id=4</span>
<span title='Skip to the next failed step' class='badge badge-danger pointer float-right ne ml-1'><i class="fa fa-fast-forward"></i></span>
<span title='Collapse all nodes' class='badge badge-default pointer float-right ct ml-1'><i class="fa fa-compress"></i></span>
<span title='Expand all nodes' class='badge badge-default pointer float-right et'><i class="fa fa-expand"></i></span>
</div>
<div class="m-t-15"><span class="badge badge-pill badge-default">checkbox</span>
<span class="badge badge-pill badge-default">regression</span>
<span class="badge badge-pill badge-default">smoke</span></div>
</div>
</div><div class="detail-body mt-4">
<table class="table table-sm">
  <thead><tr><th class="status-col">Status</th><th class="timestamp-col">Timestamp</th><th class="details-col">Details</th></tr></thead>
  <tbody>
      <tr class="event-row">
        <td><span class="badge log info-bg">Info</span></td>
        <td>8:46:46 pm</td>
        <td>
          Test Started: verifyHomeFolderExpandCollapse
        </td>
      </tr>
      <tr class="event-row">
        <td><span class="badge log info-bg">Info</span></td>
        <td>8:46:46 pm</td>
        <td>
          TC_006 STARTED - Verify Home Folder Expand Collapse
        </td>
      </tr>
      <tr class="event-row">
        <td><span class="badge log info-bg">Info</span></td>
        <td>8:46:46 pm</td>
        <td>
          Navigated to Check Box section
        </td>
      </tr>
      <tr class="event-row">
        <td><span class="badge log info-bg">Info</span></td>
        <td>8:46:47 pm</td>
        <td>
          Expanded Home folder
        </td>
      </tr>
      <tr class="event-row">
        <td><span class="badge log info-bg">Info</span></td>
        <td>8:46:47 pm</td>
        <td>
          Checked Desktop visibility after expand: true
        </td>
      </tr>
      <tr class="event-row">
        <td><span class="badge log info-bg">Info</span></td>
        <td>8:46:47 pm</td>
        <td>
          Collapsed Home folder
        </td>
      </tr>
      <tr class="event-row">
        <td><span class="badge log info-bg">Info</span></td>
        <td>8:46:57 pm</td>
        <td>
          Checked Desktop invisibility after collapse: true
        </td>
      </tr>
      <tr class="event-row">
        <td><span class="badge log info-bg">Info</span></td>
        <td>8:46:57 pm</td>
        <td>
          TC_006 PASSED - Home folder expand & collapse verified
        </td>
      </tr>
      <tr class="event-row">
        <td><span class="badge log pass-bg">Pass</span></td>
        <td>8:46:57 pm</td>
        <td>
          Test Case Passed: verifyHomeFolderExpandCollapse
        </td>
      </tr>
      <tr class="event-row">
        <td><span class="badge log info-bg">Info</span></td>
        <td>8:47:03 pm</td>
        <td>
          ===== Initializing Home Page before test execution =====
        </td>
      </tr>
      <tr class="event-row">
        <td><span class="badge log info-bg">Info</span></td>
        <td>8:47:09 pm</td>
        <td>
          Navigated to Elements module
        </td>
      </tr>
  </tbody>
</table>
</div>
          </div>
        </li>
        <li class="test-item"  status="pass" test-id="5"
          author=""
          tag="checkbox regression smoke"
          device="">
          <div class="test-detail">
            <p class="name">com.demoqa.webautomation.testcases.ElementsFunctionalityTest.verifyHomeSelectsAllCheckboxes</p>
            <p class="text-sm">
              <span>8:47:09 pm</span> / <span>00:00:12:348</span>
              <span class="badge pass-bg log float-right">Pass</span>
            </p>
          </div>
          <div class="test-contents d-none">
<div class="detail-head">
<div class="p-v-10">
<div class="info">
<h5 class="test-status text-pass">com.demoqa.webautomation.testcases.ElementsFunctionalityTest.verifyHomeSelectsAllCheckboxes</h5>
<span class='badge badge-success'>01.22.2026 8:47:09 pm</span>
<span class='badge badge-danger'>01.22.2026 8:47:22 pm</span>
<span class='badge badge-default'>00:00:12:348</span>
&middot; <span class='uri-anchor badge badge-default'>#test-id=5</span>
<span title='Skip to the next failed step' class='badge badge-danger pointer float-right ne ml-1'><i class="fa fa-fast-forward"></i></span>
<span title='Collapse all nodes' class='badge badge-default pointer float-right ct ml-1'><i class="fa fa-compress"></i></span>
<span title='Expand all nodes' class='badge badge-default pointer float-right et'><i class="fa fa-expand"></i></span>
</div>
<div class="m-t-15"><span class="badge badge-pill badge-default">checkbox</span>
<span class="badge badge-pill badge-default">regression</span>
<span class="badge badge-pill badge-default">smoke</span></div>
</div>
</div><div class="detail-body mt-4">
<table class="table table-sm">
  <thead><tr><th class="status-col">Status</th><th class="timestamp-col">Timestamp</th><th class="details-col">Details</th></tr></thead>
  <tbody>
      <tr class="event-row">
        <td><span class="badge log info-bg">Info</span></td>
        <td>8:47:09 pm</td>
        <td>
          Test Started: verifyHomeSelectsAllCheckboxes
        </td>
      </tr>
      <tr class="event-row">
        <td><span class="badge log info-bg">Info</span></td>
        <td>8:47:09 pm</td>
        <td>
          TC_007 STARTED - Verify clicking Home selects all checkboxes
        </td>
      </tr>
      <tr class="event-row">
        <td><span class="badge log info-bg">Info</span></td>
        <td>8:47:10 pm</td>
        <td>
          Navigated to Check Box section
        </td>
      </tr>
      <tr class="event-row">
        <td><span class="badge log info-bg">Info</span></td>
        <td>8:47:10 pm</td>
        <td>
          Clicked on Home checkbox
        </td>
      </tr>
      <tr class="event-row">
        <td><span class="badge log info-bg">Info</span></td>
        <td>8:47:10 pm</td>
        <td>
          Verification result for all checkboxes selected: true
        </td>
      </tr>
      <tr class="event-row">
        <td><span class="badge log info-bg">Info</span></td>
        <td>8:47:10 pm</td>
        <td>
          TC_007 PASSED - Home checkbox selects all child checkboxes successfully
        </td>
      </tr>
      <tr class="event-row">
        <td><span class="badge log pass-bg">Pass</span></td>
        <td>8:47:10 pm</td>
        <td>
          Test Case Passed: verifyHomeSelectsAllCheckboxes
        </td>
      </tr>
      <tr class="event-row">
        <td><span class="badge log info-bg">Info</span></td>
        <td>8:47:21 pm</td>
        <td>
          ===== Initializing Home Page before test execution =====
        </td>
      </tr>
      <tr class="event-row">
        <td><span class="badge log info-bg">Info</span></td>
        <td>8:47:22 pm</td>
        <td>
          Navigated to Elements module
        </td>
      </tr>
  </tbody>
</table>
</div>
          </div>
        </li>
        <li class="test-item"  status="pass" test-id="6"
          author=""
          tag="radio regression smoke"
          device="">
          <div class="test-detail">
            <p class="name">com.demoqa.webautomation.testcases.ElementsFunctionalityTest.verifyYesRadioButtonSelected</p>
            <p class="text-sm">
              <span>8:47:22 pm</span> / <span>00:00:19:595</span>
              <span class="badge pass-bg log float-right">Pass</span>
            </p>
          </div>
          <div class="test-contents d-none">
<div class="detail-head">
<div class="p-v-10">
<div class="info">
<h5 class="test-status text-pass">com.demoqa.webautomation.testcases.ElementsFunctionalityTest.verifyYesRadioButtonSelected</h5>
<span class='badge badge-success'>01.22.2026 8:47:22 pm</span>
<span class='badge badge-danger'>01.22.2026 8:47:41 pm</span>
<span class='badge badge-default'>00:00:19:595</span>
&middot; <span class='uri-anchor badge badge-default'>#test-id=6</span>
<span title='Skip to the next failed step' class='badge badge-danger pointer float-right ne ml-1'><i class="fa fa-fast-forward"></i></span>
<span title='Collapse all nodes' class='badge badge-default pointer float-right ct ml-1'><i class="fa fa-compress"></i></span>
<span title='Expand all nodes' class='badge badge-default pointer float-right et'><i class="fa fa-expand"></i></span>
</div>
<div class="m-t-15"><span class="badge badge-pill badge-default">radio</span>
<span class="badge badge-pill badge-default">regression</span>
<span class="badge badge-pill badge-default">smoke</span></div>
</div>
</div><div class="detail-body mt-4">
<table class="table table-sm">
  <thead><tr><th class="status-col">Status</th><th class="timestamp-col">Timestamp</th><th class="details-col">Details</th></tr></thead>
  <tbody>
      <tr class="event-row">
        <td><span class="badge log info-bg">Info</span></td>
        <td>8:47:22 pm</td>
        <td>
          Test Started: verifyYesRadioButtonSelected
        </td>
      </tr>
      <tr class="event-row">
        <td><span class="badge log info-bg">Info</span></td>
        <td>8:47:22 pm</td>
        <td>
          TC_024 STARTED - Verify Yes radio button selection
        </td>
      </tr>
      <tr class="event-row">
        <td><span class="badge log info-bg">Info</span></td>
        <td>8:47:22 pm</td>
        <td>
          Navigated to Radio Button section
        </td>
      </tr>
      <tr class="event-row">
        <td><span class="badge log info-bg">Info</span></td>
        <td>8:47:23 pm</td>
        <td>
          Clicked on Yes radio button
        </td>
      </tr>
      <tr class="event-row">
        <td><span class="badge log info-bg">Info</span></td>
        <td>8:47:23 pm</td>
        <td>
          UI confirmation message: Yes
        </td>
      </tr>
      <tr class="event-row">
        <td><span class="badge log info-bg">Info</span></td>
        <td>8:47:23 pm</td>
        <td>
          TC_024 PASSED - Yes radio button selected successfully
        </td>
      </tr>
      <tr class="event-row">
        <td><span class="badge log pass-bg">Pass</span></td>
        <td>8:47:23 pm</td>
        <td>
          Test Case Passed: verifyYesRadioButtonSelected
        </td>
      </tr>
      <tr class="event-row">
        <td><span class="badge log info-bg">Info</span></td>
        <td>8:47:41 pm</td>
        <td>
          ===== Initializing Home Page before test execution =====
        </td>
      </tr>
      <tr class="event-row">
        <td><span class="badge log info-bg">Info</span></td>
        <td>8:47:41 pm</td>
        <td>
          Navigated to Elements module
        </td>
      </tr>
  </tbody>
</table>
</div>
          </div>
        </li>
        <li class="test-item"  status="pass" test-id="7"
          author=""
          tag="webtable regression smoke"
          device="">
          <div class="test-detail">
            <p class="name">com.demoqa.webautomation.testcases.ElementsFunctionalityTest.verifyAddButtonOpensRegistrationForm</p>
            <p class="text-sm">
              <span>8:47:41 pm</span> / <span>00:00:21:637</span>
              <span class="badge pass-bg log float-right">Pass</span>
            </p>
          </div>
          <div class="test-contents d-none">
<div class="detail-head">
<div class="p-v-10">
<div class="info">
<h5 class="test-status text-pass">com.demoqa.webautomation.testcases.ElementsFunctionalityTest.verifyAddButtonOpensRegistrationForm</h5>
<span class='badge badge-success'>01.22.2026 8:47:41 pm</span>
<span class='badge badge-danger'>01.22.2026 8:48:03 pm</span>
<span class='badge badge-default'>00:00:21:637</span>
&middot; <span class='uri-anchor badge badge-default'>#test-id=7</span>
<span title='Skip to the next failed step' class='badge badge-danger pointer float-right ne ml-1'><i class="fa fa-fast-forward"></i></span>
<span title='Collapse all nodes' class='badge badge-default pointer float-right ct ml-1'><i class="fa fa-compress"></i></span>
<span title='Expand all nodes' class='badge badge-default pointer float-right et'><i class="fa fa-expand"></i></span>
</div>
<div class="m-t-15"><span class="badge badge-pill badge-default">webtable</span>
<span class="badge badge-pill badge-default">regression</span>
<span class="badge badge-pill badge-default">smoke</span></div>
</div>
</div><div class="detail-body mt-4">
<table class="table table-sm">
  <thead><tr><th class="status-col">Status</th><th class="timestamp-col">Timestamp</th><th class="details-col">Details</th></tr></thead>
  <tbody>
      <tr class="event-row">
        <td><span class="badge log info-bg">Info</span></td>
        <td>8:47:41 pm</td>
        <td>
          Test Started: verifyAddButtonOpensRegistrationForm
        </td>
      </tr>
      <tr class="event-row">
        <td><span class="badge log info-bg">Info</span></td>
        <td>8:47:41 pm</td>
        <td>
          TC_026 STARTED - Verify Add button opens Registration form
        </td>
      </tr>
      <tr class="event-row">
        <td><span class="badge log info-bg">Info</span></td>
        <td>8:47:42 pm</td>
        <td>
          Navigated to Web Tables section
        </td>
      </tr>
      <tr class="event-row">
        <td><span class="badge log info-bg">Info</span></td>
        <td>8:47:42 pm</td>
        <td>
          Clicked on Add New Record button
        </td>
      </tr>
      <tr class="event-row">
        <td><span class="badge log info-bg">Info</span></td>
        <td>8:47:42 pm</td>
        <td>
          Registration form is displayed
        </td>
      </tr>
      <tr class="event-row">
        <td><span class="badge log info-bg">Info</span></td>
        <td>8:47:43 pm</td>
        <td>
          Registration title is displayed
        </td>
      </tr>
      <tr class="event-row">
        <td><span class="badge log info-bg">Info</span></td>
        <td>8:47:43 pm</td>
        <td>
          First Name field is displayed
        </td>
      </tr>
      <tr class="event-row">
        <td><span class="badge log info-bg">Info</span></td>
        <td>8:47:43 pm</td>
        <td>
          Last Name field is displayed
        </td>
      </tr>
      <tr class="event-row">
        <td><span class="badge log info-bg">Info</span></td>
        <td>8:47:43 pm</td>
        <td>
          Email field is displayed
        </td>
      </tr>
      <tr class="event-row">
        <td><span class="badge log info-bg">Info</span></td>
        <td>8:47:43 pm</td>
        <td>
          Age field is displayed
        </td>
      </tr>
      <tr class="event-row">
        <td><span class="badge log info-bg">Info</span></td>
        <td>8:47:43 pm</td>
        <td>
          Salary field is displayed
        </td>
      </tr>
      <tr class="event-row">
        <td><span class="badge log info-bg">Info</span></td>
        <td>8:47:43 pm</td>
        <td>
          Department field is displayed
        </td>
      </tr>
      <tr class="event-row">
        <td><span class="badge log info-bg">Info</span></td>
        <td>8:47:43 pm</td>
        <td>
          Submit button is displayed
        </td>
      </tr>
      <tr class="event-row">
        <td><span class="badge log info-bg">Info</span></td>
        <td>8:47:43 pm</td>
        <td>
          TC_026 PASSED - Registration form opened successfully with all fields visible
        </td>
      </tr>
      <tr class="event-row">
        <td><span class="badge log pass-bg">Pass</span></td>
        <td>8:47:43 pm</td>
        <td>
          Test Case Passed: verifyAddButtonOpensRegistrationForm
        </td>
      </tr>
      <tr class="event-row">
        <td><span class="badge log info-bg">Info</span></td>
        <td>8:48:03 pm</td>
        <td>
          ===== Initializing Home Page before test execution =====
        </td>
      </tr>
      <tr class="event-row">
        <td><span class="badge log info-bg">Info</span></td>
        <td>8:48:03 pm</td>
        <td>
          Navigated to Elements module
        </td>
      </tr>
  </tbody>
</table>
</div>
          </div>
        </li>
        <li class="test-item"  status="skip" test-id="8"
          author=""
          tag="webtable regression smoke"
          device="">
          <div class="test-detail">
            <p class="name">com.demoqa.webautomation.testcases.ElementsFunctionalityTest.verifyAddingNewRecordWithAllValidData</p>
            <p class="text-sm">
              <span>8:48:03 pm</span> / <span>00:00:21:608</span>
              <span class="badge skip-bg log float-right">Skip</span>
            </p>
          </div>
          <div class="test-contents d-none">
<div class="detail-head">
<div class="p-v-10">
<div class="info">
<h5 class="test-status text-skip">com.demoqa.webautomation.testcases.ElementsFunctionalityTest.verifyAddingNewRecordWithAllValidData</h5>
<span class='badge badge-success'>01.22.2026 8:48:03 pm</span>
<span class='badge badge-danger'>01.22.2026 8:48:25 pm</span>
<span class='badge badge-default'>00:00:21:608</span>
&middot; <span class='uri-anchor badge badge-default'>#test-id=8</span>
<span title='Skip to the next failed step' class='badge badge-danger pointer float-right ne ml-1'><i class="fa fa-fast-forward"></i></span>
<span title='Collapse all nodes' class='badge badge-default pointer float-right ct ml-1'><i class="fa fa-compress"></i></span>
<span title='Expand all nodes' class='badge badge-default pointer float-right et'><i class="fa fa-expand"></i></span>
</div>
<div class="m-t-15"><span class="badge badge-pill badge-default">webtable</span>
<span class="badge badge-pill badge-default">regression</span>
<span class="badge badge-pill badge-default">smoke</span></div>
</div>
</div><div class="detail-body mt-4">
<table class="table table-sm">
  <thead><tr><th class="status-col">Status</th><th class="timestamp-col">Timestamp</th><th class="details-col">Details</th></tr></thead>
  <tbody>
      <tr class="event-row">
        <td><span class="badge log info-bg">Info</span></td>
        <td>8:48:03 pm</td>
        <td>
          Test Started: verifyAddingNewRecordWithAllValidData
        </td>
      </tr>
      <tr class="event-row">
        <td><span class="badge log info-bg">Info</span></td>
        <td>8:48:03 pm</td>
        <td>
          TC_027 STARTED - Verify adding new record with valid data
        </td>
      </tr>
      <tr class="event-row">
        <td><span class="badge log info-bg">Info</span></td>
        <td>8:48:03 pm</td>
        <td>
          Navigated to Web Tables section
        </td>
      </tr>
      <tr class="event-row">
        <td><span class="badge log info-bg">Info</span></td>
        <td>8:48:04 pm</td>
        <td>
          Clicked on Add New Record button
        </td>
      </tr>
      <tr class="event-row">
        <td><span class="badge log info-bg">Info</span></td>
        <td>8:48:04 pm</td>
        <td>
          Entering Registration Form details:
        </td>
      </tr>
      <tr class="event-row">
        <td><span class="badge log info-bg">Info</span></td>
        <td>8:48:04 pm</td>
        <td>
          First Name: Sanjay
        </td>
      </tr>
      <tr class="event-row">
        <td><span class="badge log info-bg">Info</span></td>
        <td>8:48:04 pm</td>
        <td>
          Last Name: Naik
        </td>
      </tr>
      <tr class="event-row">
        <td><span class="badge log info-bg">Info</span></td>
        <td>8:48:04 pm</td>
        <td>
          Email: sanjay.naik@testmail.com
        </td>
      </tr>
      <tr class="event-row">
        <td><span class="badge log info-bg">Info</span></td>
        <td>8:48:04 pm</td>
        <td>
          Age: 25
        </td>
      </tr>
      <tr class="event-row">
        <td><span class="badge log info-bg">Info</span></td>
        <td>8:48:04 pm</td>
        <td>
          Salary: 45000
        </td>
      </tr>
      <tr class="event-row">
        <td><span class="badge log info-bg">Info</span></td>
        <td>8:48:04 pm</td>
        <td>
          Department: QA Automation
        </td>
      </tr>
      <tr class="event-row">
        <td><span class="badge log info-bg">Info</span></td>
        <td>8:48:06 pm</td>
        <td>
          Clicked on Submit button
        </td>
      </tr>
      <tr class="event-row">
        <td><span class="badge log info-bg">Info</span></td>
        <td>8:48:06 pm</td>
        <td>
          Validating if newly added record is present in Web Table
        </td>
      </tr>
      <tr class="event-row">
        <td><span class="badge log skip-bg">Skip</span></td>
        <td>8:48:07 pm</td>
        <td>
          Test Case Skipped: verifyAddingNewRecordWithAllValidData
        </td>
      </tr>
      <tr class="event-row">
        <td><span class="badge log skip-bg">Skip</span></td>
        <td>8:48:07 pm</td>
        <td>
          Reason: Added record is not found in Web Table expected [true] but found [false]
        </td>
      </tr>
      <tr class="event-row">
        <td><span class="badge log info-bg">Info</span></td>
        <td>8:48:24 pm</td>
        <td>
          ===== Initializing Home Page before test execution =====
        </td>
      </tr>
      <tr class="event-row">
        <td><span class="badge log info-bg">Info</span></td>
        <td>8:48:25 pm</td>
        <td>
          Navigated to Elements module
        </td>
      </tr>
  </tbody>
</table>
</div>
          </div>
        </li>
        <li class="test-item"  status="skip" test-id="9"
          author=""
          tag="webtable regression smoke"
          device="">
          <div class="test-detail">
            <p class="name">com.demoqa.webautomation.testcases.ElementsFunctionalityTest.verifyAddingNewRecordWithAllValidData</p>
            <p class="text-sm">
              <span>8:48:25 pm</span> / <span>00:00:13:837</span>
              <span class="badge skip-bg log float-right">Skip</span>
            </p>
          </div>
          <div class="test-contents d-none">
<div class="detail-head">
<div class="p-v-10">
<div class="info">
<h5 class="test-status text-skip">com.demoqa.webautomation.testcases.ElementsFunctionalityTest.verifyAddingNewRecordWithAllValidData</h5>
<span class='badge badge-success'>01.22.2026 8:48:25 pm</span>
<span class='badge badge-danger'>01.22.2026 8:48:39 pm</span>
<span class='badge badge-default'>00:00:13:837</span>
&middot; <span class='uri-anchor badge badge-default'>#test-id=9</span>
<span title='Skip to the next failed step' class='badge badge-danger pointer float-right ne ml-1'><i class="fa fa-fast-forward"></i></span>
<span title='Collapse all nodes' class='badge badge-default pointer float-right ct ml-1'><i class="fa fa-compress"></i></span>
<span title='Expand all nodes' class='badge badge-default pointer float-right et'><i class="fa fa-expand"></i></span>
</div>
<div class="m-t-15"><span class="badge badge-pill badge-default">webtable</span>
<span class="badge badge-pill badge-default">regression</span>
<span class="badge badge-pill badge-default">smoke</span></div>
</div>
</div><div class="detail-body mt-4">
<table class="table table-sm">
  <thead><tr><th class="status-col">Status</th><th class="timestamp-col">Timestamp</th><th class="details-col">Details</th></tr></thead>
  <tbody>
      <tr class="event-row">
        <td><span class="badge log info-bg">Info</span></td>
        <td>8:48:25 pm</td>
        <td>
          Test Started: verifyAddingNewRecordWithAllValidData
        </td>
      </tr>
      <tr class="event-row">
        <td><span class="badge log info-bg">Info</span></td>
        <td>8:48:25 pm</td>
        <td>
          TC_027 STARTED - Verify adding new record with valid data
        </td>
      </tr>
      <tr class="event-row">
        <td><span class="badge log info-bg">Info</span></td>
        <td>8:48:25 pm</td>
        <td>
          Navigated to Web Tables section
        </td>
      </tr>
      <tr class="event-row">
        <td><span class="badge log info-bg">Info</span></td>
        <td>8:48:25 pm</td>
        <td>
          Clicked on Add New Record button
        </td>
      </tr>
      <tr class="event-row">
        <td><span class="badge log info-bg">Info</span></td>
        <td>8:48:25 pm</td>
        <td>
          Entering Registration Form details:
        </td>
      </tr>
      <tr class="event-row">
        <td><span class="badge log info-bg">Info</span></td>
        <td>8:48:25 pm</td>
        <td>
          First Name: Sanjay
        </td>
      </tr>
      <tr class="event-row">
        <td><span class="badge log info-bg">Info</span></td>
        <td>8:48:25 pm</td>
        <td>
          Last Name: Naik
        </td>
      </tr>
      <tr class="event-row">
        <td><span class="badge log info-bg">Info</span></td>
        <td>8:48:25 pm</td>
        <td>
          Email: sanjay.naik@testmail.com
        </td>
      </tr>
      <tr class="event-row">
        <td><span class="badge log info-bg">Info</span></td>
        <td>8:48:25 pm</td>
        <td>
          Age: 25
        </td>
      </tr>
      <tr class="event-row">
        <td><span class="badge log info-bg">Info</span></td>
        <td>8:48:25 pm</td>
        <td>
          Salary: 45000
        </td>
      </tr>
      <tr class="event-row">
        <td><span class="badge log info-bg">Info</span></td>
        <td>8:48:25 pm</td>
        <td>
          Department: QA Automation
        </td>
      </tr>
      <tr class="event-row">
        <td><span class="badge log info-bg">Info</span></td>
        <td>8:48:28 pm</td>
        <td>
          Clicked on Submit button
        </td>
      </tr>
      <tr class="event-row">
        <td><span class="badge log info-bg">Info</span></td>
        <td>8:48:28 pm</td>
        <td>
          Validating if newly added record is present in Web Table
        </td>
      </tr>
      <tr class="event-row">
        <td><span class="badge log skip-bg">Skip</span></td>
        <td>8:48:29 pm</td>
        <td>
          Test Case Skipped: verifyAddingNewRecordWithAllValidData
        </td>
      </tr>
      <tr class="event-row">
        <td><span class="badge log skip-bg">Skip</span></td>
        <td>8:48:29 pm</td>
        <td>
          Reason: Added record is not found in Web Table expected [true] but found [false]
        </td>
      </tr>
      <tr class="event-row">
        <td><span class="badge log info-bg">Info</span></td>
        <td>8:48:38 pm</td>
        <td>
          ===== Initializing Home Page before test execution =====
        </td>
      </tr>
      <tr class="event-row">
        <td><span class="badge log info-bg">Info</span></td>
        <td>8:48:39 pm</td>
        <td>
          Navigated to Elements module
        </td>
      </tr>
  </tbody>
</table>
</div>
          </div>
        </li>
        <li class="test-item"  status="fail" test-id="10"
          author=""
          tag="webtable regression smoke"
          device="">
          <div class="test-detail">
            <p class="name">com.demoqa.webautomation.testcases.ElementsFunctionalityTest.verifyAddingNewRecordWithAllValidData</p>
            <p class="text-sm">
              <span>8:48:39 pm</span> / <span>00:00:13:741</span>
              <span class="badge fail-bg log float-right">Fail</span>
            </p>
          </div>
          <div class="test-contents d-none">
<div class="detail-head">
<div class="p-v-10">
<div class="info">
<h5 class="test-status text-fail">com.demoqa.webautomation.testcases.ElementsFunctionalityTest.verifyAddingNewRecordWithAllValidData</h5>
<span class='badge badge-success'>01.22.2026 8:48:39 pm</span>
<span class='badge badge-danger'>01.22.2026 8:48:52 pm</span>
<span class='badge badge-default'>00:00:13:741</span>
&middot; <span class='uri-anchor badge badge-default'>#test-id=10</span>
<span title='Skip to the next failed step' class='badge badge-danger pointer float-right ne ml-1'><i class="fa fa-fast-forward"></i></span>
<span title='Collapse all nodes' class='badge badge-default pointer float-right ct ml-1'><i class="fa fa-compress"></i></span>
<span title='Expand all nodes' class='badge badge-default pointer float-right et'><i class="fa fa-expand"></i></span>
</div>
<div class="m-t-15"><span class="badge badge-pill badge-default">webtable</span>
<span class="badge badge-pill badge-default">regression</span>
<span class="badge badge-pill badge-default">smoke</span></div>
</div>
</div>    <div class="row mb-3"><div class="col-md-3">
    

<img data-featherlight='./screenshots/verifyAddingNewRecordWithAllValidData_2026.01.22.20.48.43.png' src="./screenshots/verifyAddingNewRecordWithAllValidData_2026.01.22.20.48.43.png">
  
    

    </div></div>
<div class="detail-body mt-4">
<table class="table table-sm">
  <thead><tr><th class="status-col">Status</th><th class="timestamp-col">Timestamp</th><th class="details-col">Details</th></tr></thead>
  <tbody>
      <tr class="event-row">
        <td><span class="badge log info-bg">Info</span></td>
        <td>8:48:39 pm</td>
        <td>
          Test Started: verifyAddingNewRecordWithAllValidData
        </td>
      </tr>
      <tr class="event-row">
        <td><span class="badge log info-bg">Info</span></td>
        <td>8:48:39 pm</td>
        <td>
          TC_027 STARTED - Verify adding new record with valid data
        </td>
      </tr>
      <tr class="event-row">
        <td><span class="badge log info-bg">Info</span></td>
        <td>8:48:39 pm</td>
        <td>
          Navigated to Web Tables section
        </td>
      </tr>
      <tr class="event-row">
        <td><span class="badge log info-bg">Info</span></td>
        <td>8:48:40 pm</td>
        <td>
          Clicked on Add New Record button
        </td>
      </tr>
      <tr class="event-row">
        <td><span class="badge log info-bg">Info</span></td>
        <td>8:48:40 pm</td>
        <td>
          Entering Registration Form details:
        </td>
      </tr>
      <tr class="event-row">
        <td><span class="badge log info-bg">Info</span></td>
        <td>8:48:40 pm</td>
        <td>
          First Name: Sanjay
        </td>
      </tr>
      <tr class="event-row">
        <td><span class="badge log info-bg">Info</span></td>
        <td>8:48:40 pm</td>
        <td>
          Last Name: Naik
        </td>
      </tr>
      <tr class="event-row">
        <td><span class="badge log info-bg">Info</span></td>
        <td>8:48:40 pm</td>
        <td>
          Email: sanjay.naik@testmail.com
        </td>
      </tr>
      <tr class="event-row">
        <td><span class="badge log info-bg">Info</span></td>
        <td>8:48:40 pm</td>
        <td>
          Age: 25
        </td>
      </tr>
      <tr class="event-row">
        <td><span class="badge log info-bg">Info</span></td>
        <td>8:48:40 pm</td>
        <td>
          Salary: 45000
        </td>
      </tr>
      <tr class="event-row">
        <td><span class="badge log info-bg">Info</span></td>
        <td>8:48:40 pm</td>
        <td>
          Department: QA Automation
        </td>
      </tr>
      <tr class="event-row">
        <td><span class="badge log info-bg">Info</span></td>
        <td>8:48:43 pm</td>
        <td>
          Clicked on Submit button
        </td>
      </tr>
      <tr class="event-row">
        <td><span class="badge log info-bg">Info</span></td>
        <td>8:48:43 pm</td>
        <td>
          Validating if newly added record is present in Web Table
        </td>
      </tr>
      <tr class="event-row">
        <td><span class="badge log fail-bg">Fail</span></td>
        <td>8:48:43 pm</td>
        <td>
          Test Case Failed: verifyAddingNewRecordWithAllValidData
        </td>
      </tr>
      <tr class="event-row">
        <td><span class="badge log fail-bg">Fail</span></td>
        <td>8:48:43 pm</td>
        <td>
          Error Message: java.lang.AssertionError: Added record is not found in Web Table expected [true] but found [false]
        </td>
      </tr>
      <tr class="event-row">
        <td><span class="badge log info-bg">Info</span></td>
        <td>8:48:52 pm</td>
        <td>
          ===== Initializing Home Page before test execution =====
        </td>
      </tr>
      <tr class="event-row">
        <td><span class="badge log info-bg">Info</span></td>
        <td>8:48:52 pm</td>
        <td>
          Navigated to Elements module
        </td>
      </tr>
  </tbody>
</table>
</div>
          </div>
        </li>
        <li class="test-item"  status="skip" test-id="11"
          author=""
          tag="webtable regression smoke"
          device="">
          <div class="test-detail">
            <p class="name">com.demoqa.webautomation.testcases.ElementsFunctionalityTest.verifyAddingNewRecordWithAllValidData</p>
            <p class="text-sm">
              <span>8:48:52 pm</span> / <span>00:00:19:681</span>
              <span class="badge skip-bg log float-right">Skip</span>
            </p>
          </div>
          <div class="test-contents d-none">
<div class="detail-head">
<div class="p-v-10">
<div class="info">
<h5 class="test-status text-skip">com.demoqa.webautomation.testcases.ElementsFunctionalityTest.verifyAddingNewRecordWithAllValidData</h5>
<span class='badge badge-success'>01.22.2026 8:48:52 pm</span>
<span class='badge badge-danger'>01.22.2026 8:49:12 pm</span>
<span class='badge badge-default'>00:00:19:681</span>
&middot; <span class='uri-anchor badge badge-default'>#test-id=11</span>
<span title='Skip to the next failed step' class='badge badge-danger pointer float-right ne ml-1'><i class="fa fa-fast-forward"></i></span>
<span title='Collapse all nodes' class='badge badge-default pointer float-right ct ml-1'><i class="fa fa-compress"></i></span>
<span title='Expand all nodes' class='badge badge-default pointer float-right et'><i class="fa fa-expand"></i></span>
</div>
<div class="m-t-15"><span class="badge badge-pill badge-default">webtable</span>
<span class="badge badge-pill badge-default">regression</span>
<span class="badge badge-pill badge-default">smoke</span></div>
</div>
</div><div class="detail-body mt-4">
<table class="table table-sm">
  <thead><tr><th class="status-col">Status</th><th class="timestamp-col">Timestamp</th><th class="details-col">Details</th></tr></thead>
  <tbody>
      <tr class="event-row">
        <td><span class="badge log info-bg">Info</span></td>
        <td>8:48:52 pm</td>
        <td>
          Test Started: verifyAddingNewRecordWithAllValidData
        </td>
      </tr>
      <tr class="event-row">
        <td><span class="badge log info-bg">Info</span></td>
        <td>8:48:52 pm</td>
        <td>
          TC_027 STARTED - Verify adding new record with valid data
        </td>
      </tr>
      <tr class="event-row">
        <td><span class="badge log info-bg">Info</span></td>
        <td>8:48:54 pm</td>
        <td>
          Navigated to Web Tables section
        </td>
      </tr>
      <tr class="event-row">
        <td><span class="badge log info-bg">Info</span></td>
        <td>8:48:54 pm</td>
        <td>
          Clicked on Add New Record button
        </td>
      </tr>
      <tr class="event-row">
        <td><span class="badge log info-bg">Info</span></td>
        <td>8:48:54 pm</td>
        <td>
          Entering Registration Form details:
        </td>
      </tr>
      <tr class="event-row">
        <td><span class="badge log info-bg">Info</span></td>
        <td>8:48:54 pm</td>
        <td>
          First Name: Anita
        </td>
      </tr>
      <tr class="event-row">
        <td><span class="badge log info-bg">Info</span></td>
        <td>8:48:54 pm</td>
        <td>
          Last Name: Sharma
        </td>
      </tr>
      <tr class="event-row">
        <td><span class="badge log info-bg">Info</span></td>
        <td>8:48:54 pm</td>
        <td>
          Email: anita.sharma@testmail.com
        </td>
      </tr>
      <tr class="event-row">
        <td><span class="badge log info-bg">Info</span></td>
        <td>8:48:54 pm</td>
        <td>
          Age: 28
        </td>
      </tr>
      <tr class="event-row">
        <td><span class="badge log info-bg">Info</span></td>
        <td>8:48:54 pm</td>
        <td>
          Salary: 52000
        </td>
      </tr>
      <tr class="event-row">
        <td><span class="badge log info-bg">Info</span></td>
        <td>8:48:54 pm</td>
        <td>
          Department: Finance
        </td>
      </tr>
      <tr class="event-row">
        <td><span class="badge log info-bg">Info</span></td>
        <td>8:48:57 pm</td>
        <td>
          Clicked on Submit button
        </td>
      </tr>
      <tr class="event-row">
        <td><span class="badge log info-bg">Info</span></td>
        <td>8:48:57 pm</td>
        <td>
          Validating if newly added record is present in Web Table
        </td>
      </tr>
      <tr class="event-row">
        <td><span class="badge log skip-bg">Skip</span></td>
        <td>8:48:58 pm</td>
        <td>
          Test Case Skipped: verifyAddingNewRecordWithAllValidData
        </td>
      </tr>
      <tr class="event-row">
        <td><span class="badge log skip-bg">Skip</span></td>
        <td>8:48:58 pm</td>
        <td>
          Reason: Added record is not found in Web Table expected [true] but found [false]
        </td>
      </tr>
      <tr class="event-row">
        <td><span class="badge log info-bg">Info</span></td>
        <td>8:49:03 pm</td>
        <td>
          ===== Initializing Home Page before test execution =====
        </td>
      </tr>
      <tr class="event-row">
        <td><span class="badge log info-bg">Info</span></td>
        <td>8:49:12 pm</td>
        <td>
          Navigated to Elements module
        </td>
      </tr>
  </tbody>
</table>
</div>
          </div>
        </li>
        <li class="test-item"  status="skip" test-id="12"
          author=""
          tag="webtable regression smoke"
          device="">
          <div class="test-detail">
            <p class="name">com.demoqa.webautomation.testcases.ElementsFunctionalityTest.verifyAddingNewRecordWithAllValidData</p>
            <p class="text-sm">
              <span>8:49:12 pm</span> / <span>00:00:15:401</span>
              <span class="badge skip-bg log float-right">Skip</span>
            </p>
          </div>
          <div class="test-contents d-none">
<div class="detail-head">
<div class="p-v-10">
<div class="info">
<h5 class="test-status text-skip">com.demoqa.webautomation.testcases.ElementsFunctionalityTest.verifyAddingNewRecordWithAllValidData</h5>
<span class='badge badge-success'>01.22.2026 8:49:12 pm</span>
<span class='badge badge-danger'>01.22.2026 8:49:27 pm</span>
<span class='badge badge-default'>00:00:15:401</span>
&middot; <span class='uri-anchor badge badge-default'>#test-id=12</span>
<span title='Skip to the next failed step' class='badge badge-danger pointer float-right ne ml-1'><i class="fa fa-fast-forward"></i></span>
<span title='Collapse all nodes' class='badge badge-default pointer float-right ct ml-1'><i class="fa fa-compress"></i></span>
<span title='Expand all nodes' class='badge badge-default pointer float-right et'><i class="fa fa-expand"></i></span>
</div>
<div class="m-t-15"><span class="badge badge-pill badge-default">webtable</span>
<span class="badge badge-pill badge-default">regression</span>
<span class="badge badge-pill badge-default">smoke</span></div>
</div>
</div><div class="detail-body mt-4">
<table class="table table-sm">
  <thead><tr><th class="status-col">Status</th><th class="timestamp-col">Timestamp</th><th class="details-col">Details</th></tr></thead>
  <tbody>
      <tr class="event-row">
        <td><span class="badge log info-bg">Info</span></td>
        <td>8:49:12 pm</td>
        <td>
          Test Started: verifyAddingNewRecordWithAllValidData
        </td>
      </tr>
      <tr class="event-row">
        <td><span class="badge log info-bg">Info</span></td>
        <td>8:49:12 pm</td>
        <td>
          TC_027 STARTED - Verify adding new record with valid data
        </td>
      </tr>
      <tr class="event-row">
        <td><span class="badge log info-bg">Info</span></td>
        <td>8:49:13 pm</td>
        <td>
          Navigated to Web Tables section
        </td>
      </tr>
      <tr class="event-row">
        <td><span class="badge log info-bg">Info</span></td>
        <td>8:49:13 pm</td>
        <td>
          Clicked on Add New Record button
        </td>
      </tr>
      <tr class="event-row">
        <td><span class="badge log info-bg">Info</span></td>
        <td>8:49:13 pm</td>
        <td>
          Entering Registration Form details:
        </td>
      </tr>
      <tr class="event-row">
        <td><span class="badge log info-bg">Info</span></td>
        <td>8:49:13 pm</td>
        <td>
          First Name: Anita
        </td>
      </tr>
      <tr class="event-row">
        <td><span class="badge log info-bg">Info</span></td>
        <td>8:49:13 pm</td>
        <td>
          Last Name: Sharma
        </td>
      </tr>
      <tr class="event-row">
        <td><span class="badge log info-bg">Info</span></td>
        <td>8:49:13 pm</td>
        <td>
          Email: anita.sharma@testmail.com
        </td>
      </tr>
      <tr class="event-row">
        <td><span class="badge log info-bg">Info</span></td>
        <td>8:49:13 pm</td>
        <td>
          Age: 28
        </td>
      </tr>
      <tr class="event-row">
        <td><span class="badge log info-bg">Info</span></td>
        <td>8:49:13 pm</td>
        <td>
          Salary: 52000
        </td>
      </tr>
      <tr class="event-row">
        <td><span class="badge log info-bg">Info</span></td>
        <td>8:49:13 pm</td>
        <td>
          Department: Finance
        </td>
      </tr>
      <tr class="event-row">
        <td><span class="badge log info-bg">Info</span></td>
        <td>8:49:16 pm</td>
        <td>
          Clicked on Submit button
        </td>
      </tr>
      <tr class="event-row">
        <td><span class="badge log info-bg">Info</span></td>
        <td>8:49:16 pm</td>
        <td>
          Validating if newly added record is present in Web Table
        </td>
      </tr>
      <tr class="event-row">
        <td><span class="badge log skip-bg">Skip</span></td>
        <td>8:49:16 pm</td>
        <td>
          Test Case Skipped: verifyAddingNewRecordWithAllValidData
        </td>
      </tr>
      <tr class="event-row">
        <td><span class="badge log skip-bg">Skip</span></td>
        <td>8:49:16 pm</td>
        <td>
          Reason: Added record is not found in Web Table expected [true] but found [false]
        </td>
      </tr>
      <tr class="event-row">
        <td><span class="badge log info-bg">Info</span></td>
        <td>8:49:27 pm</td>
        <td>
          ===== Initializing Home Page before test execution =====
        </td>
      </tr>
      <tr class="event-row">
        <td><span class="badge log info-bg">Info</span></td>
        <td>8:49:27 pm</td>
        <td>
          Navigated to Elements module
        </td>
      </tr>
  </tbody>
</table>
</div>
          </div>
        </li>
        <li class="test-item"  status="fail" test-id="13"
          author=""
          tag="webtable regression smoke"
          device="">
          <div class="test-detail">
            <p class="name">com.demoqa.webautomation.testcases.ElementsFunctionalityTest.verifyAddingNewRecordWithAllValidData</p>
            <p class="text-sm">
              <span>8:49:27 pm</span> / <span>00:00:15:208</span>
              <span class="badge fail-bg log float-right">Fail</span>
            </p>
          </div>
          <div class="test-contents d-none">
<div class="detail-head">
<div class="p-v-10">
<div class="info">
<h5 class="test-status text-fail">com.demoqa.webautomation.testcases.ElementsFunctionalityTest.verifyAddingNewRecordWithAllValidData</h5>
<span class='badge badge-success'>01.22.2026 8:49:27 pm</span>
<span class='badge badge-danger'>01.22.2026 8:49:43 pm</span>
<span class='badge badge-default'>00:00:15:208</span>
&middot; <span class='uri-anchor badge badge-default'>#test-id=13</span>
<span title='Skip to the next failed step' class='badge badge-danger pointer float-right ne ml-1'><i class="fa fa-fast-forward"></i></span>
<span title='Collapse all nodes' class='badge badge-default pointer float-right ct ml-1'><i class="fa fa-compress"></i></span>
<span title='Expand all nodes' class='badge badge-default pointer float-right et'><i class="fa fa-expand"></i></span>
</div>
<div class="m-t-15"><span class="badge badge-pill badge-default">webtable</span>
<span class="badge badge-pill badge-default">regression</span>
<span class="badge badge-pill badge-default">smoke</span></div>
</div>
</div>    <div class="row mb-3"><div class="col-md-3">
    

<img data-featherlight='./screenshots/verifyAddingNewRecordWithAllValidData_2026.01.22.20.49.32.png' src="./screenshots/verifyAddingNewRecordWithAllValidData_2026.01.22.20.49.32.png">
  
    

    </div></div>
<div class="detail-body mt-4">
<table class="table table-sm">
  <thead><tr><th class="status-col">Status</th><th class="timestamp-col">Timestamp</th><th class="details-col">Details</th></tr></thead>
  <tbody>
      <tr class="event-row">
        <td><span class="badge log info-bg">Info</span></td>
        <td>8:49:27 pm</td>
        <td>
          Test Started: verifyAddingNewRecordWithAllValidData
        </td>
      </tr>
      <tr class="event-row">
        <td><span class="badge log info-bg">Info</span></td>
        <td>8:49:27 pm</td>
        <td>
          TC_027 STARTED - Verify adding new record with valid data
        </td>
      </tr>
      <tr class="event-row">
        <td><span class="badge log info-bg">Info</span></td>
        <td>8:49:28 pm</td>
        <td>
          Navigated to Web Tables section
        </td>
      </tr>
      <tr class="event-row">
        <td><span class="badge log info-bg">Info</span></td>
        <td>8:49:29 pm</td>
        <td>
          Clicked on Add New Record button
        </td>
      </tr>
      <tr class="event-row">
        <td><span class="badge log info-bg">Info</span></td>
        <td>8:49:29 pm</td>
        <td>
          Entering Registration Form details:
        </td>
      </tr>
      <tr class="event-row">
        <td><span class="badge log info-bg">Info</span></td>
        <td>8:49:29 pm</td>
        <td>
          First Name: Anita
        </td>
      </tr>
      <tr class="event-row">
        <td><span class="badge log info-bg">Info</span></td>
        <td>8:49:29 pm</td>
        <td>
          Last Name: Sharma
        </td>
      </tr>
      <tr class="event-row">
        <td><span class="badge log info-bg">Info</span></td>
        <td>8:49:29 pm</td>
        <td>
          Email: anita.sharma@testmail.com
        </td>
      </tr>
      <tr class="event-row">
        <td><span class="badge log info-bg">Info</span></td>
        <td>8:49:29 pm</td>
        <td>
          Age: 28
        </td>
      </tr>
      <tr class="event-row">
        <td><span class="badge log info-bg">Info</span></td>
        <td>8:49:29 pm</td>
        <td>
          Salary: 52000
        </td>
      </tr>
      <tr class="event-row">
        <td><span class="badge log info-bg">Info</span></td>
        <td>8:49:29 pm</td>
        <td>
          Department: Finance
        </td>
      </tr>
      <tr class="event-row">
        <td><span class="badge log info-bg">Info</span></td>
        <td>8:49:31 pm</td>
        <td>
          Clicked on Submit button
        </td>
      </tr>
      <tr class="event-row">
        <td><span class="badge log info-bg">Info</span></td>
        <td>8:49:31 pm</td>
        <td>
          Validating if newly added record is present in Web Table
        </td>
      </tr>
      <tr class="event-row">
        <td><span class="badge log fail-bg">Fail</span></td>
        <td>8:49:32 pm</td>
        <td>
          Test Case Failed: verifyAddingNewRecordWithAllValidData
        </td>
      </tr>
      <tr class="event-row">
        <td><span class="badge log fail-bg">Fail</span></td>
        <td>8:49:32 pm</td>
        <td>
          Error Message: java.lang.AssertionError: Added record is not found in Web Table expected [true] but found [false]
        </td>
      </tr>
      <tr class="event-row">
        <td><span class="badge log info-bg">Info</span></td>
        <td>8:49:42 pm</td>
        <td>
          ===== Initializing Home Page before test execution =====
        </td>
      </tr>
      <tr class="event-row">
        <td><span class="badge log info-bg">Info</span></td>
        <td>8:49:43 pm</td>
        <td>
          Navigated to Elements module
        </td>
      </tr>
  </tbody>
</table>
</div>
          </div>
        </li>
        <li class="test-item"  status="skip" test-id="14"
          author=""
          tag="webtable regression smoke"
          device="">
          <div class="test-detail">
            <p class="name">com.demoqa.webautomation.testcases.ElementsFunctionalityTest.verifyAddingNewRecordWithAllValidData</p>
            <p class="text-sm">
              <span>8:49:43 pm</span> / <span>00:00:12:540</span>
              <span class="badge skip-bg log float-right">Skip</span>
            </p>
          </div>
          <div class="test-contents d-none">
<div class="detail-head">
<div class="p-v-10">
<div class="info">
<h5 class="test-status text-skip">com.demoqa.webautomation.testcases.ElementsFunctionalityTest.verifyAddingNewRecordWithAllValidData</h5>
<span class='badge badge-success'>01.22.2026 8:49:43 pm</span>
<span class='badge badge-danger'>01.22.2026 8:49:55 pm</span>
<span class='badge badge-default'>00:00:12:540</span>
&middot; <span class='uri-anchor badge badge-default'>#test-id=14</span>
<span title='Skip to the next failed step' class='badge badge-danger pointer float-right ne ml-1'><i class="fa fa-fast-forward"></i></span>
<span title='Collapse all nodes' class='badge badge-default pointer float-right ct ml-1'><i class="fa fa-compress"></i></span>
<span title='Expand all nodes' class='badge badge-default pointer float-right et'><i class="fa fa-expand"></i></span>
</div>
<div class="m-t-15"><span class="badge badge-pill badge-default">webtable</span>
<span class="badge badge-pill badge-default">regression</span>
<span class="badge badge-pill badge-default">smoke</span></div>
</div>
</div><div class="detail-body mt-4">
<table class="table table-sm">
  <thead><tr><th class="status-col">Status</th><th class="timestamp-col">Timestamp</th><th class="details-col">Details</th></tr></thead>
  <tbody>
      <tr class="event-row">
        <td><span class="badge log info-bg">Info</span></td>
        <td>8:49:43 pm</td>
        <td>
          Test Started: verifyAddingNewRecordWithAllValidData
        </td>
      </tr>
      <tr class="event-row">
        <td><span class="badge log info-bg">Info</span></td>
        <td>8:49:43 pm</td>
        <td>
          TC_027 STARTED - Verify adding new record with valid data
        </td>
      </tr>
      <tr class="event-row">
        <td><span class="badge log info-bg">Info</span></td>
        <td>8:49:43 pm</td>
        <td>
          Navigated to Web Tables section
        </td>
      </tr>
      <tr class="event-row">
        <td><span class="badge log info-bg">Info</span></td>
        <td>8:49:44 pm</td>
        <td>
          Clicked on Add New Record button
        </td>
      </tr>
      <tr class="event-row">
        <td><span class="badge log info-bg">Info</span></td>
        <td>8:49:44 pm</td>
        <td>
          Entering Registration Form details:
        </td>
      </tr>
      <tr class="event-row">
        <td><span class="badge log info-bg">Info</span></td>
        <td>8:49:44 pm</td>
        <td>
          First Name: Rahul
        </td>
      </tr>
      <tr class="event-row">
        <td><span class="badge log info-bg">Info</span></td>
        <td>8:49:44 pm</td>
        <td>
          Last Name: Verma
        </td>
      </tr>
      <tr class="event-row">
        <td><span class="badge log info-bg">Info</span></td>
        <td>8:49:44 pm</td>
        <td>
          Email: rahul.verma@testmail.com
        </td>
      </tr>
      <tr class="event-row">
        <td><span class="badge log info-bg">Info</span></td>
        <td>8:49:44 pm</td>
        <td>
          Age: 30
        </td>
      </tr>
      <tr class="event-row">
        <td><span class="badge log info-bg">Info</span></td>
        <td>8:49:44 pm</td>
        <td>
          Salary: 60000
        </td>
      </tr>
      <tr class="event-row">
        <td><span class="badge log info-bg">Info</span></td>
        <td>8:49:44 pm</td>
        <td>
          Department: IT Support
        </td>
      </tr>
      <tr class="event-row">
        <td><span class="badge log info-bg">Info</span></td>
        <td>8:49:46 pm</td>
        <td>
          Clicked on Submit button
        </td>
      </tr>
      <tr class="event-row">
        <td><span class="badge log info-bg">Info</span></td>
        <td>8:49:46 pm</td>
        <td>
          Validating if newly added record is present in Web Table
        </td>
      </tr>
      <tr class="event-row">
        <td><span class="badge log skip-bg">Skip</span></td>
        <td>8:49:47 pm</td>
        <td>
          Test Case Skipped: verifyAddingNewRecordWithAllValidData
        </td>
      </tr>
      <tr class="event-row">
        <td><span class="badge log skip-bg">Skip</span></td>
        <td>8:49:47 pm</td>
        <td>
          Reason: Added record is not found in Web Table expected [true] but found [false]
        </td>
      </tr>
      <tr class="event-row">
        <td><span class="badge log info-bg">Info</span></td>
        <td>8:49:55 pm</td>
        <td>
          ===== Initializing Home Page before test execution =====
        </td>
      </tr>
      <tr class="event-row">
        <td><span class="badge log info-bg">Info</span></td>
        <td>8:49:55 pm</td>
        <td>
          Navigated to Elements module
        </td>
      </tr>
  </tbody>
</table>
</div>
          </div>
        </li>
        <li class="test-item"  status="skip" test-id="15"
          author=""
          tag="webtable regression smoke"
          device="">
          <div class="test-detail">
            <p class="name">com.demoqa.webautomation.testcases.ElementsFunctionalityTest.verifyAddingNewRecordWithAllValidData</p>
            <p class="text-sm">
              <span>8:49:55 pm</span> / <span>00:00:15:871</span>
              <span class="badge skip-bg log float-right">Skip</span>
            </p>
          </div>
          <div class="test-contents d-none">
<div class="detail-head">
<div class="p-v-10">
<div class="info">
<h5 class="test-status text-skip">com.demoqa.webautomation.testcases.ElementsFunctionalityTest.verifyAddingNewRecordWithAllValidData</h5>
<span class='badge badge-success'>01.22.2026 8:49:55 pm</span>
<span class='badge badge-danger'>01.22.2026 8:50:11 pm</span>
<span class='badge badge-default'>00:00:15:871</span>
&middot; <span class='uri-anchor badge badge-default'>#test-id=15</span>
<span title='Skip to the next failed step' class='badge badge-danger pointer float-right ne ml-1'><i class="fa fa-fast-forward"></i></span>
<span title='Collapse all nodes' class='badge badge-default pointer float-right ct ml-1'><i class="fa fa-compress"></i></span>
<span title='Expand all nodes' class='badge badge-default pointer float-right et'><i class="fa fa-expand"></i></span>
</div>
<div class="m-t-15"><span class="badge badge-pill badge-default">webtable</span>
<span class="badge badge-pill badge-default">regression</span>
<span class="badge badge-pill badge-default">smoke</span></div>
</div>
</div><div class="detail-body mt-4">
<table class="table table-sm">
  <thead><tr><th class="status-col">Status</th><th class="timestamp-col">Timestamp</th><th class="details-col">Details</th></tr></thead>
  <tbody>
      <tr class="event-row">
        <td><span class="badge log info-bg">Info</span></td>
        <td>8:49:55 pm</td>
        <td>
          Test Started: verifyAddingNewRecordWithAllValidData
        </td>
      </tr>
      <tr class="event-row">
        <td><span class="badge log info-bg">Info</span></td>
        <td>8:49:55 pm</td>
        <td>
          TC_027 STARTED - Verify adding new record with valid data
        </td>
      </tr>
      <tr class="event-row">
        <td><span class="badge log info-bg">Info</span></td>
        <td>8:49:57 pm</td>
        <td>
          Navigated to Web Tables section
        </td>
      </tr>
      <tr class="event-row">
        <td><span class="badge log info-bg">Info</span></td>
        <td>8:49:57 pm</td>
        <td>
          Clicked on Add New Record button
        </td>
      </tr>
      <tr class="event-row">
        <td><span class="badge log info-bg">Info</span></td>
        <td>8:49:57 pm</td>
        <td>
          Entering Registration Form details:
        </td>
      </tr>
      <tr class="event-row">
        <td><span class="badge log info-bg">Info</span></td>
        <td>8:49:57 pm</td>
        <td>
          First Name: Rahul
        </td>
      </tr>
      <tr class="event-row">
        <td><span class="badge log info-bg">Info</span></td>
        <td>8:49:57 pm</td>
        <td>
          Last Name: Verma
        </td>
      </tr>
      <tr class="event-row">
        <td><span class="badge log info-bg">Info</span></td>
        <td>8:49:57 pm</td>
        <td>
          Email: rahul.verma@testmail.com
        </td>
      </tr>
      <tr class="event-row">
        <td><span class="badge log info-bg">Info</span></td>
        <td>8:49:57 pm</td>
        <td>
          Age: 30
        </td>
      </tr>
      <tr class="event-row">
        <td><span class="badge log info-bg">Info</span></td>
        <td>8:49:57 pm</td>
        <td>
          Salary: 60000
        </td>
      </tr>
      <tr class="event-row">
        <td><span class="badge log info-bg">Info</span></td>
        <td>8:49:57 pm</td>
        <td>
          Department: IT Support
        </td>
      </tr>
      <tr class="event-row">
        <td><span class="badge log info-bg">Info</span></td>
        <td>8:50:00 pm</td>
        <td>
          Clicked on Submit button
        </td>
      </tr>
      <tr class="event-row">
        <td><span class="badge log info-bg">Info</span></td>
        <td>8:50:00 pm</td>
        <td>
          Validating if newly added record is present in Web Table
        </td>
      </tr>
      <tr class="event-row">
        <td><span class="badge log skip-bg">Skip</span></td>
        <td>8:50:01 pm</td>
        <td>
          Test Case Skipped: verifyAddingNewRecordWithAllValidData
        </td>
      </tr>
      <tr class="event-row">
        <td><span class="badge log skip-bg">Skip</span></td>
        <td>8:50:01 pm</td>
        <td>
          Reason: Added record is not found in Web Table expected [true] but found [false]
        </td>
      </tr>
      <tr class="event-row">
        <td><span class="badge log info-bg">Info</span></td>
        <td>8:50:07 pm</td>
        <td>
          ===== Initializing Home Page before test execution =====
        </td>
      </tr>
      <tr class="event-row">
        <td><span class="badge log info-bg">Info</span></td>
        <td>8:50:11 pm</td>
        <td>
          Navigated to Elements module
        </td>
      </tr>
  </tbody>
</table>
</div>
          </div>
        </li>
        <li class="test-item"  status="fail" test-id="16"
          author=""
          tag="webtable regression smoke"
          device="">
          <div class="test-detail">
            <p class="name">com.demoqa.webautomation.testcases.ElementsFunctionalityTest.verifyAddingNewRecordWithAllValidData</p>
            <p class="text-sm">
              <span>8:50:11 pm</span> / <span>00:00:17:963</span>
              <span class="badge fail-bg log float-right">Fail</span>
            </p>
          </div>
          <div class="test-contents d-none">
<div class="detail-head">
<div class="p-v-10">
<div class="info">
<h5 class="test-status text-fail">com.demoqa.webautomation.testcases.ElementsFunctionalityTest.verifyAddingNewRecordWithAllValidData</h5>
<span class='badge badge-success'>01.22.2026 8:50:11 pm</span>
<span class='badge badge-danger'>01.22.2026 8:50:29 pm</span>
<span class='badge badge-default'>00:00:17:963</span>
&middot; <span class='uri-anchor badge badge-default'>#test-id=16</span>
<span title='Skip to the next failed step' class='badge badge-danger pointer float-right ne ml-1'><i class="fa fa-fast-forward"></i></span>
<span title='Collapse all nodes' class='badge badge-default pointer float-right ct ml-1'><i class="fa fa-compress"></i></span>
<span title='Expand all nodes' class='badge badge-default pointer float-right et'><i class="fa fa-expand"></i></span>
</div>
<div class="m-t-15"><span class="badge badge-pill badge-default">webtable</span>
<span class="badge badge-pill badge-default">regression</span>
<span class="badge badge-pill badge-default">smoke</span></div>
</div>
</div>    <div class="row mb-3"><div class="col-md-3">
    

<img data-featherlight='./screenshots/verifyAddingNewRecordWithAllValidData_2026.01.22.20.50.15.png' src="./screenshots/verifyAddingNewRecordWithAllValidData_2026.01.22.20.50.15.png">
  
    

    </div></div>
<div class="detail-body mt-4">
<table class="table table-sm">
  <thead><tr><th class="status-col">Status</th><th class="timestamp-col">Timestamp</th><th class="details-col">Details</th></tr></thead>
  <tbody>
      <tr class="event-row">
        <td><span class="badge log info-bg">Info</span></td>
        <td>8:50:11 pm</td>
        <td>
          Test Started: verifyAddingNewRecordWithAllValidData
        </td>
      </tr>
      <tr class="event-row">
        <td><span class="badge log info-bg">Info</span></td>
        <td>8:50:11 pm</td>
        <td>
          TC_027 STARTED - Verify adding new record with valid data
        </td>
      </tr>
      <tr class="event-row">
        <td><span class="badge log info-bg">Info</span></td>
        <td>8:50:12 pm</td>
        <td>
          Navigated to Web Tables section
        </td>
      </tr>
      <tr class="event-row">
        <td><span class="badge log info-bg">Info</span></td>
        <td>8:50:13 pm</td>
        <td>
          Clicked on Add New Record button
        </td>
      </tr>
      <tr class="event-row">
        <td><span class="badge log info-bg">Info</span></td>
        <td>8:50:13 pm</td>
        <td>
          Entering Registration Form details:
        </td>
      </tr>
      <tr class="event-row">
        <td><span class="badge log info-bg">Info</span></td>
        <td>8:50:13 pm</td>
        <td>
          First Name: Rahul
        </td>
      </tr>
      <tr class="event-row">
        <td><span class="badge log info-bg">Info</span></td>
        <td>8:50:13 pm</td>
        <td>
          Last Name: Verma
        </td>
      </tr>
      <tr class="event-row">
        <td><span class="badge log info-bg">Info</span></td>
        <td>8:50:13 pm</td>
        <td>
          Email: rahul.verma@testmail.com
        </td>
      </tr>
      <tr class="event-row">
        <td><span class="badge log info-bg">Info</span></td>
        <td>8:50:13 pm</td>
        <td>
          Age: 30
        </td>
      </tr>
      <tr class="event-row">
        <td><span class="badge log info-bg">Info</span></td>
        <td>8:50:13 pm</td>
        <td>
          Salary: 60000
        </td>
      </tr>
      <tr class="event-row">
        <td><span class="badge log info-bg">Info</span></td>
        <td>8:50:13 pm</td>
        <td>
          Department: IT Support
        </td>
      </tr>
      <tr class="event-row">
        <td><span class="badge log info-bg">Info</span></td>
        <td>8:50:15 pm</td>
        <td>
          Clicked on Submit button
        </td>
      </tr>
      <tr class="event-row">
        <td><span class="badge log info-bg">Info</span></td>
        <td>8:50:15 pm</td>
        <td>
          Validating if newly added record is present in Web Table
        </td>
      </tr>
      <tr class="event-row">
        <td><span class="badge log fail-bg">Fail</span></td>
        <td>8:50:15 pm</td>
        <td>
          Test Case Failed: verifyAddingNewRecordWithAllValidData
        </td>
      </tr>
      <tr class="event-row">
        <td><span class="badge log fail-bg">Fail</span></td>
        <td>8:50:15 pm</td>
        <td>
          Error Message: java.lang.AssertionError: Added record is not found in Web Table expected [true] but found [false]
        </td>
      </tr>
      <tr class="event-row">
        <td><span class="badge log info-bg">Info</span></td>
        <td>8:50:29 pm</td>
        <td>
          ===== Initializing Home Page before test execution =====
        </td>
      </tr>
      <tr class="event-row">
        <td><span class="badge log info-bg">Info</span></td>
        <td>8:50:29 pm</td>
        <td>
          Navigated to Elements module
        </td>
      </tr>
  </tbody>
</table>
</div>
          </div>
        </li>
        <li class="test-item"  status="skip" test-id="17"
          author=""
          tag="webtable regression smoke"
          device="">
          <div class="test-detail">
            <p class="name">com.demoqa.webautomation.testcases.ElementsFunctionalityTest.verifyAddingNewRecordWithAllValidData</p>
            <p class="text-sm">
              <span>8:50:29 pm</span> / <span>00:00:25:563</span>
              <span class="badge skip-bg log float-right">Skip</span>
            </p>
          </div>
          <div class="test-contents d-none">
<div class="detail-head">
<div class="p-v-10">
<div class="info">
<h5 class="test-status text-skip">com.demoqa.webautomation.testcases.ElementsFunctionalityTest.verifyAddingNewRecordWithAllValidData</h5>
<span class='badge badge-success'>01.22.2026 8:50:29 pm</span>
<span class='badge badge-danger'>01.22.2026 8:50:55 pm</span>
<span class='badge badge-default'>00:00:25:563</span>
&middot; <span class='uri-anchor badge badge-default'>#test-id=17</span>
<span title='Skip to the next failed step' class='badge badge-danger pointer float-right ne ml-1'><i class="fa fa-fast-forward"></i></span>
<span title='Collapse all nodes' class='badge badge-default pointer float-right ct ml-1'><i class="fa fa-compress"></i></span>
<span title='Expand all nodes' class='badge badge-default pointer float-right et'><i class="fa fa-expand"></i></span>
</div>
<div class="m-t-15"><span class="badge badge-pill badge-default">webtable</span>
<span class="badge badge-pill badge-default">regression</span>
<span class="badge badge-pill badge-default">smoke</span></div>
</div>
</div><div class="detail-body mt-4">
<table class="table table-sm">
  <thead><tr><th class="status-col">Status</th><th class="timestamp-col">Timestamp</th><th class="details-col">Details</th></tr></thead>
  <tbody>
      <tr class="event-row">
        <td><span class="badge log info-bg">Info</span></td>
        <td>8:50:29 pm</td>
        <td>
          Test Started: verifyAddingNewRecordWithAllValidData
        </td>
      </tr>
      <tr class="event-row">
        <td><span class="badge log info-bg">Info</span></td>
        <td>8:50:29 pm</td>
        <td>
          TC_027 STARTED - Verify adding new record with valid data
        </td>
      </tr>
      <tr class="event-row">
        <td><span class="badge log info-bg">Info</span></td>
        <td>8:50:29 pm</td>
        <td>
          Navigated to Web Tables section
        </td>
      </tr>
      <tr class="event-row">
        <td><span class="badge log info-bg">Info</span></td>
        <td>8:50:30 pm</td>
        <td>
          Clicked on Add New Record button
        </td>
      </tr>
      <tr class="event-row">
        <td><span class="badge log info-bg">Info</span></td>
        <td>8:50:30 pm</td>
        <td>
          Entering Registration Form details:
        </td>
      </tr>
      <tr class="event-row">
        <td><span class="badge log info-bg">Info</span></td>
        <td>8:50:30 pm</td>
        <td>
          First Name: Priya
        </td>
      </tr>
      <tr class="event-row">
        <td><span class="badge log info-bg">Info</span></td>
        <td>8:50:30 pm</td>
        <td>
          Last Name: Patil
        </td>
      </tr>
      <tr class="event-row">
        <td><span class="badge log info-bg">Info</span></td>
        <td>8:50:30 pm</td>
        <td>
          Email: priya.patil@testmail.com
        </td>
      </tr>
      <tr class="event-row">
        <td><span class="badge log info-bg">Info</span></td>
        <td>8:50:30 pm</td>
        <td>
          Age: 26
        </td>
      </tr>
      <tr class="event-row">
        <td><span class="badge log info-bg">Info</span></td>
        <td>8:50:30 pm</td>
        <td>
          Salary: 48000
        </td>
      </tr>
      <tr class="event-row">
        <td><span class="badge log info-bg">Info</span></td>
        <td>8:50:30 pm</td>
        <td>
          Department: HR
        </td>
      </tr>
      <tr class="event-row">
        <td><span class="badge log info-bg">Info</span></td>
        <td>8:50:32 pm</td>
        <td>
          Clicked on Submit button
        </td>
      </tr>
      <tr class="event-row">
        <td><span class="badge log info-bg">Info</span></td>
        <td>8:50:32 pm</td>
        <td>
          Validating if newly added record is present in Web Table
        </td>
      </tr>
      <tr class="event-row">
        <td><span class="badge log skip-bg">Skip</span></td>
        <td>8:50:33 pm</td>
        <td>
          Test Case Skipped: verifyAddingNewRecordWithAllValidData
        </td>
      </tr>
      <tr class="event-row">
        <td><span class="badge log skip-bg">Skip</span></td>
        <td>8:50:33 pm</td>
        <td>
          Reason: Added record is not found in Web Table expected [true] but found [false]
        </td>
      </tr>
      <tr class="event-row">
        <td><span class="badge log info-bg">Info</span></td>
        <td>8:50:38 pm</td>
        <td>
          ===== Initializing Home Page before test execution =====
        </td>
      </tr>
      <tr class="event-row">
        <td><span class="badge log info-bg">Info</span></td>
        <td>8:50:55 pm</td>
        <td>
          Navigated to Elements module
        </td>
      </tr>
  </tbody>
</table>
</div>
          </div>
        </li>
        <li class="test-item"  status="skip" test-id="18"
          author=""
          tag="webtable regression smoke"
          device="">
          <div class="test-detail">
            <p class="name">com.demoqa.webautomation.testcases.ElementsFunctionalityTest.verifyAddingNewRecordWithAllValidData</p>
            <p class="text-sm">
              <span>8:50:55 pm</span> / <span>00:00:46:007</span>
              <span class="badge skip-bg log float-right">Skip</span>
            </p>
          </div>
          <div class="test-contents d-none">
<div class="detail-head">
<div class="p-v-10">
<div class="info">
<h5 class="test-status text-skip">com.demoqa.webautomation.testcases.ElementsFunctionalityTest.verifyAddingNewRecordWithAllValidData</h5>
<span class='badge badge-success'>01.22.2026 8:50:55 pm</span>
<span class='badge badge-danger'>01.22.2026 8:51:41 pm</span>
<span class='badge badge-default'>00:00:46:007</span>
&middot; <span class='uri-anchor badge badge-default'>#test-id=18</span>
<span title='Skip to the next failed step' class='badge badge-danger pointer float-right ne ml-1'><i class="fa fa-fast-forward"></i></span>
<span title='Collapse all nodes' class='badge badge-default pointer float-right ct ml-1'><i class="fa fa-compress"></i></span>
<span title='Expand all nodes' class='badge badge-default pointer float-right et'><i class="fa fa-expand"></i></span>
</div>
<div class="m-t-15"><span class="badge badge-pill badge-default">webtable</span>
<span class="badge badge-pill badge-default">regression</span>
<span class="badge badge-pill badge-default">smoke</span></div>
</div>
</div><div class="detail-body mt-4">
<table class="table table-sm">
  <thead><tr><th class="status-col">Status</th><th class="timestamp-col">Timestamp</th><th class="details-col">Details</th></tr></thead>
  <tbody>
      <tr class="event-row">
        <td><span class="badge log info-bg">Info</span></td>
        <td>8:50:55 pm</td>
        <td>
          Test Started: verifyAddingNewRecordWithAllValidData
        </td>
      </tr>
      <tr class="event-row">
        <td><span class="badge log info-bg">Info</span></td>
        <td>8:50:55 pm</td>
        <td>
          TC_027 STARTED - Verify adding new record with valid data
        </td>
      </tr>
      <tr class="event-row">
        <td><span class="badge log info-bg">Info</span></td>
        <td>8:50:56 pm</td>
        <td>
          Navigated to Web Tables section
        </td>
      </tr>
      <tr class="event-row">
        <td><span class="badge log info-bg">Info</span></td>
        <td>8:51:06 pm</td>
        <td>
          Clicked on Add New Record button
        </td>
      </tr>
      <tr class="event-row">
        <td><span class="badge log info-bg">Info</span></td>
        <td>8:51:06 pm</td>
        <td>
          Entering Registration Form details:
        </td>
      </tr>
      <tr class="event-row">
        <td><span class="badge log info-bg">Info</span></td>
        <td>8:51:06 pm</td>
        <td>
          First Name: Priya
        </td>
      </tr>
      <tr class="event-row">
        <td><span class="badge log info-bg">Info</span></td>
        <td>8:51:06 pm</td>
        <td>
          Last Name: Patil
        </td>
      </tr>
      <tr class="event-row">
        <td><span class="badge log info-bg">Info</span></td>
        <td>8:51:06 pm</td>
        <td>
          Email: priya.patil@testmail.com
        </td>
      </tr>
      <tr class="event-row">
        <td><span class="badge log info-bg">Info</span></td>
        <td>8:51:06 pm</td>
        <td>
          Age: 26
        </td>
      </tr>
      <tr class="event-row">
        <td><span class="badge log info-bg">Info</span></td>
        <td>8:51:06 pm</td>
        <td>
          Salary: 48000
        </td>
      </tr>
      <tr class="event-row">
        <td><span class="badge log info-bg">Info</span></td>
        <td>8:51:06 pm</td>
        <td>
          Department: HR
        </td>
      </tr>
      <tr class="event-row">
        <td><span class="badge log skip-bg">Skip</span></td>
        <td>8:51:26 pm</td>
        <td>
          Test Case Skipped: verifyAddingNewRecordWithAllValidData
        </td>
      </tr>
      <tr class="event-row">
        <td><span class="badge log skip-bg">Skip</span></td>
        <td>8:51:26 pm</td>
        <td>
          Reason: Expected condition failed: waiting for visibility of Proxy element for: DefaultElementLocator 'By.xpath: //input[@id='firstName']' (tried for 10 second(s) with 500 milliseconds interval)
        </td>
      </tr>
      <tr class="event-row">
        <td><span class="badge log info-bg">Info</span></td>
        <td>8:51:40 pm</td>
        <td>
          ===== Initializing Home Page before test execution =====
        </td>
      </tr>
      <tr class="event-row">
        <td><span class="badge log info-bg">Info</span></td>
        <td>8:51:41 pm</td>
        <td>
          Navigated to Elements module
        </td>
      </tr>
  </tbody>
</table>
</div>
          </div>
        </li>
        <li class="test-item"  status="fail" test-id="19"
          author=""
          tag="webtable regression smoke"
          device="">
          <div class="test-detail">
            <p class="name">com.demoqa.webautomation.testcases.ElementsFunctionalityTest.verifyAddingNewRecordWithAllValidData</p>
            <p class="text-sm">
              <span>8:51:41 pm</span> / <span>00:00:20:628</span>
              <span class="badge fail-bg log float-right">Fail</span>
            </p>
          </div>
          <div class="test-contents d-none">
<div class="detail-head">
<div class="p-v-10">
<div class="info">
<h5 class="test-status text-fail">com.demoqa.webautomation.testcases.ElementsFunctionalityTest.verifyAddingNewRecordWithAllValidData</h5>
<span class='badge badge-success'>01.22.2026 8:51:41 pm</span>
<span class='badge badge-danger'>01.22.2026 8:52:01 pm</span>
<span class='badge badge-default'>00:00:20:628</span>
&middot; <span class='uri-anchor badge badge-default'>#test-id=19</span>
<span title='Skip to the next failed step' class='badge badge-danger pointer float-right ne ml-1'><i class="fa fa-fast-forward"></i></span>
<span title='Collapse all nodes' class='badge badge-default pointer float-right ct ml-1'><i class="fa fa-compress"></i></span>
<span title='Expand all nodes' class='badge badge-default pointer float-right et'><i class="fa fa-expand"></i></span>
</div>
<div class="m-t-15"><span class="badge badge-pill badge-default">webtable</span>
<span class="badge badge-pill badge-default">regression</span>
<span class="badge badge-pill badge-default">smoke</span></div>
</div>
</div>    <div class="row mb-3"><div class="col-md-3">
    

<img data-featherlight='./screenshots/verifyAddingNewRecordWithAllValidData_2026.01.22.20.51.44.png' src="./screenshots/verifyAddingNewRecordWithAllValidData_2026.01.22.20.51.44.png">
  
    

    </div></div>
<div class="detail-body mt-4">
<table class="table table-sm">
  <thead><tr><th class="status-col">Status</th><th class="timestamp-col">Timestamp</th><th class="details-col">Details</th></tr></thead>
  <tbody>
      <tr class="event-row">
        <td><span class="badge log info-bg">Info</span></td>
        <td>8:51:41 pm</td>
        <td>
          Test Started: verifyAddingNewRecordWithAllValidData
        </td>
      </tr>
      <tr class="event-row">
        <td><span class="badge log info-bg">Info</span></td>
        <td>8:51:41 pm</td>
        <td>
          TC_027 STARTED - Verify adding new record with valid data
        </td>
      </tr>
      <tr class="event-row">
        <td><span class="badge log info-bg">Info</span></td>
        <td>8:51:41 pm</td>
        <td>
          Navigated to Web Tables section
        </td>
      </tr>
      <tr class="event-row">
        <td><span class="badge log info-bg">Info</span></td>
        <td>8:51:41 pm</td>
        <td>
          Clicked on Add New Record button
        </td>
      </tr>
      <tr class="event-row">
        <td><span class="badge log info-bg">Info</span></td>
        <td>8:51:41 pm</td>
        <td>
          Entering Registration Form details:
        </td>
      </tr>
      <tr class="event-row">
        <td><span class="badge log info-bg">Info</span></td>
        <td>8:51:41 pm</td>
        <td>
          First Name: Priya
        </td>
      </tr>
      <tr class="event-row">
        <td><span class="badge log info-bg">Info</span></td>
        <td>8:51:41 pm</td>
        <td>
          Last Name: Patil
        </td>
      </tr>
      <tr class="event-row">
        <td><span class="badge log info-bg">Info</span></td>
        <td>8:51:41 pm</td>
        <td>
          Email: priya.patil@testmail.com
        </td>
      </tr>
      <tr class="event-row">
        <td><span class="badge log info-bg">Info</span></td>
        <td>8:51:41 pm</td>
        <td>
          Age: 26
        </td>
      </tr>
      <tr class="event-row">
        <td><span class="badge log info-bg">Info</span></td>
        <td>8:51:41 pm</td>
        <td>
          Salary: 48000
        </td>
      </tr>
      <tr class="event-row">
        <td><span class="badge log info-bg">Info</span></td>
        <td>8:51:41 pm</td>
        <td>
          Department: HR
        </td>
      </tr>
      <tr class="event-row">
        <td><span class="badge log info-bg">Info</span></td>
        <td>8:51:44 pm</td>
        <td>
          Clicked on Submit button
        </td>
      </tr>
      <tr class="event-row">
        <td><span class="badge log info-bg">Info</span></td>
        <td>8:51:44 pm</td>
        <td>
          Validating if newly added record is present in Web Table
        </td>
      </tr>
      <tr class="event-row">
        <td><span class="badge log fail-bg">Fail</span></td>
        <td>8:51:44 pm</td>
        <td>
          Test Case Failed: verifyAddingNewRecordWithAllValidData
        </td>
      </tr>
      <tr class="event-row">
        <td><span class="badge log fail-bg">Fail</span></td>
        <td>8:51:44 pm</td>
        <td>
          Error Message: java.lang.AssertionError: Added record is not found in Web Table expected [true] but found [false]
        </td>
      </tr>
      <tr class="event-row">
        <td><span class="badge log info-bg">Info</span></td>
        <td>8:52:01 pm</td>
        <td>
          ===== Initializing Home Page before test execution =====
        </td>
      </tr>
      <tr class="event-row">
        <td><span class="badge log info-bg">Info</span></td>
        <td>8:52:01 pm</td>
        <td>
          Navigated to Elements module
        </td>
      </tr>
  </tbody>
</table>
</div>
          </div>
        </li>
        <li class="test-item"  status="pass" test-id="20"
          author=""
          tag="webtable regression smoke"
          device="">
          <div class="test-detail">
            <p class="name">com.demoqa.webautomation.testcases.ElementsFunctionalityTest.verifyEditButtonOpensRecordWithCorrectData</p>
            <p class="text-sm">
              <span>8:52:01 pm</span> / <span>00:00:25:099</span>
              <span class="badge pass-bg log float-right">Pass</span>
            </p>
          </div>
          <div class="test-contents d-none">
<div class="detail-head">
<div class="p-v-10">
<div class="info">
<h5 class="test-status text-pass">com.demoqa.webautomation.testcases.ElementsFunctionalityTest.verifyEditButtonOpensRecordWithCorrectData</h5>
<span class='badge badge-success'>01.22.2026 8:52:01 pm</span>
<span class='badge badge-danger'>01.22.2026 8:52:26 pm</span>
<span class='badge badge-default'>00:00:25:099</span>
&middot; <span class='uri-anchor badge badge-default'>#test-id=20</span>
<span title='Skip to the next failed step' class='badge badge-danger pointer float-right ne ml-1'><i class="fa fa-fast-forward"></i></span>
<span title='Collapse all nodes' class='badge badge-default pointer float-right ct ml-1'><i class="fa fa-compress"></i></span>
<span title='Expand all nodes' class='badge badge-default pointer float-right et'><i class="fa fa-expand"></i></span>
</div>
<div class="m-t-15"><span class="badge badge-pill badge-default">webtable</span>
<span class="badge badge-pill badge-default">regression</span>
<span class="badge badge-pill badge-default">smoke</span></div>
</div>
</div><div class="detail-body mt-4">
<table class="table table-sm">
  <thead><tr><th class="status-col">Status</th><th class="timestamp-col">Timestamp</th><th class="details-col">Details</th></tr></thead>
  <tbody>
      <tr class="event-row">
        <td><span class="badge log info-bg">Info</span></td>
        <td>8:52:01 pm</td>
        <td>
          Test Started: verifyEditButtonOpensRecordWithCorrectData
        </td>
      </tr>
      <tr class="event-row">
        <td><span class="badge log info-bg">Info</span></td>
        <td>8:52:01 pm</td>
        <td>
          TC_028 STARTED - Verify Edit button opens record with correct data
        </td>
      </tr>
      <tr class="event-row">
        <td><span class="badge log info-bg">Info</span></td>
        <td>8:52:01 pm</td>
        <td>
          Clicked on Elements module
        </td>
      </tr>
      <tr class="event-row">
        <td><span class="badge log info-bg">Info</span></td>
        <td>8:52:01 pm</td>
        <td>
          Navigated to Web Tables page
        </td>
      </tr>
      <tr class="event-row">
        <td><span class="badge log info-bg">Info</span></td>
        <td>8:52:01 pm</td>
        <td>
          Clicking Edit for record with First Name: Cierra
        </td>
      </tr>
      <tr class="event-row">
        <td><span class="badge log info-bg">Info</span></td>
        <td>8:52:02 pm</td>
        <td>
          Validating Registration Form is displayed
        </td>
      </tr>
      <tr class="event-row">
        <td><span class="badge log info-bg">Info</span></td>
        <td>8:52:02 pm</td>
        <td>
          Validating Registration Form title is displayed
        </td>
      </tr>
      <tr class="event-row">
        <td><span class="badge log info-bg">Info</span></td>
        <td>8:52:02 pm</td>
        <td>
          Fetching values from Registration Form
        </td>
      </tr>
      <tr class="event-row">
        <td><span class="badge log info-bg">Info</span></td>
        <td>8:52:02 pm</td>
        <td>
          Validating form data against expected values
        </td>
      </tr>
      <tr class="event-row">
        <td><span class="badge log info-bg">Info</span></td>
        <td>8:52:02 pm</td>
        <td>
          Expected First Name: Cierra | Actual: Cierra
        </td>
      </tr>
      <tr class="event-row">
        <td><span class="badge log info-bg">Info</span></td>
        <td>8:52:02 pm</td>
        <td>
          Expected Last Name: Vega | Actual: Vega
        </td>
      </tr>
      <tr class="event-row">
        <td><span class="badge log info-bg">Info</span></td>
        <td>8:52:02 pm</td>
        <td>
          Expected Email: cierra@example.com | Actual: cierra@example.com
        </td>
      </tr>
      <tr class="event-row">
        <td><span class="badge log info-bg">Info</span></td>
        <td>8:52:02 pm</td>
        <td>
          Expected Age: 39 | Actual: 39
        </td>
      </tr>
      <tr class="event-row">
        <td><span class="badge log info-bg">Info</span></td>
        <td>8:52:02 pm</td>
        <td>
          Expected Salary: 10000 | Actual: 10000
        </td>
      </tr>
      <tr class="event-row">
        <td><span class="badge log info-bg">Info</span></td>
        <td>8:52:02 pm</td>
        <td>
          Expected Department: Insurance | Actual: Insurance
        </td>
      </tr>
      <tr class="event-row">
        <td><span class="badge log info-bg">Info</span></td>
        <td>8:52:02 pm</td>
        <td>
          TC_028 COMPLETED - Edit button opens correct record
        </td>
      </tr>
      <tr class="event-row">
        <td><span class="badge log pass-bg">Pass</span></td>
        <td>8:52:02 pm</td>
        <td>
          Test Case Passed: verifyEditButtonOpensRecordWithCorrectData
        </td>
      </tr>
      <tr class="event-row">
        <td><span class="badge log info-bg">Info</span></td>
        <td>8:52:26 pm</td>
        <td>
          ===== Initializing Home Page before test execution =====
        </td>
      </tr>
      <tr class="event-row">
        <td><span class="badge log info-bg">Info</span></td>
        <td>8:52:26 pm</td>
        <td>
          Navigated to Elements module
        </td>
      </tr>
  </tbody>
</table>
</div>
          </div>
        </li>
        <li class="test-item"  status="pass" test-id="21"
          author=""
          tag="webtable regression smoke"
          device="">
          <div class="test-detail">
            <p class="name">com.demoqa.webautomation.testcases.ElementsFunctionalityTest.verifyEditButtonOpensRecordWithCorrectData</p>
            <p class="text-sm">
              <span>8:52:26 pm</span> / <span>00:00:17:814</span>
              <span class="badge pass-bg log float-right">Pass</span>
            </p>
          </div>
          <div class="test-contents d-none">
<div class="detail-head">
<div class="p-v-10">
<div class="info">
<h5 class="test-status text-pass">com.demoqa.webautomation.testcases.ElementsFunctionalityTest.verifyEditButtonOpensRecordWithCorrectData</h5>
<span class='badge badge-success'>01.22.2026 8:52:26 pm</span>
<span class='badge badge-danger'>01.22.2026 8:52:44 pm</span>
<span class='badge badge-default'>00:00:17:814</span>
&middot; <span class='uri-anchor badge badge-default'>#test-id=21</span>
<span title='Skip to the next failed step' class='badge badge-danger pointer float-right ne ml-1'><i class="fa fa-fast-forward"></i></span>
<span title='Collapse all nodes' class='badge badge-default pointer float-right ct ml-1'><i class="fa fa-compress"></i></span>
<span title='Expand all nodes' class='badge badge-default pointer float-right et'><i class="fa fa-expand"></i></span>
</div>
<div class="m-t-15"><span class="badge badge-pill badge-default">webtable</span>
<span class="badge badge-pill badge-default">regression</span>
<span class="badge badge-pill badge-default">smoke</span></div>
</div>
</div><div class="detail-body mt-4">
<table class="table table-sm">
  <thead><tr><th class="status-col">Status</th><th class="timestamp-col">Timestamp</th><th class="details-col">Details</th></tr></thead>
  <tbody>
      <tr class="event-row">
        <td><span class="badge log info-bg">Info</span></td>
        <td>8:52:26 pm</td>
        <td>
          Test Started: verifyEditButtonOpensRecordWithCorrectData
        </td>
      </tr>
      <tr class="event-row">
        <td><span class="badge log info-bg">Info</span></td>
        <td>8:52:26 pm</td>
        <td>
          TC_028 STARTED - Verify Edit button opens record with correct data
        </td>
      </tr>
      <tr class="event-row">
        <td><span class="badge log info-bg">Info</span></td>
        <td>8:52:26 pm</td>
        <td>
          Clicked on Elements module
        </td>
      </tr>
      <tr class="event-row">
        <td><span class="badge log info-bg">Info</span></td>
        <td>8:52:26 pm</td>
        <td>
          Navigated to Web Tables page
        </td>
      </tr>
      <tr class="event-row">
        <td><span class="badge log info-bg">Info</span></td>
        <td>8:52:26 pm</td>
        <td>
          Clicking Edit for record with First Name: Alden
        </td>
      </tr>
      <tr class="event-row">
        <td><span class="badge log info-bg">Info</span></td>
        <td>8:52:27 pm</td>
        <td>
          Validating Registration Form is displayed
        </td>
      </tr>
      <tr class="event-row">
        <td><span class="badge log info-bg">Info</span></td>
        <td>8:52:27 pm</td>
        <td>
          Validating Registration Form title is displayed
        </td>
      </tr>
      <tr class="event-row">
        <td><span class="badge log info-bg">Info</span></td>
        <td>8:52:27 pm</td>
        <td>
          Fetching values from Registration Form
        </td>
      </tr>
      <tr class="event-row">
        <td><span class="badge log info-bg">Info</span></td>
        <td>8:52:27 pm</td>
        <td>
          Validating form data against expected values
        </td>
      </tr>
      <tr class="event-row">
        <td><span class="badge log info-bg">Info</span></td>
        <td>8:52:27 pm</td>
        <td>
          Expected First Name: Alden | Actual: Alden
        </td>
      </tr>
      <tr class="event-row">
        <td><span class="badge log info-bg">Info</span></td>
        <td>8:52:27 pm</td>
        <td>
          Expected Last Name: Cantrell | Actual: Cantrell
        </td>
      </tr>
      <tr class="event-row">
        <td><span class="badge log info-bg">Info</span></td>
        <td>8:52:27 pm</td>
        <td>
          Expected Email: alden@example.com | Actual: alden@example.com
        </td>
      </tr>
      <tr class="event-row">
        <td><span class="badge log info-bg">Info</span></td>
        <td>8:52:27 pm</td>
        <td>
          Expected Age: 45 | Actual: 45
        </td>
      </tr>
      <tr class="event-row">
        <td><span class="badge log info-bg">Info</span></td>
        <td>8:52:27 pm</td>
        <td>
          Expected Salary: 12000 | Actual: 12000
        </td>
      </tr>
      <tr class="event-row">
        <td><span class="badge log info-bg">Info</span></td>
        <td>8:52:27 pm</td>
        <td>
          Expected Department: Compliance | Actual: Compliance
        </td>
      </tr>
      <tr class="event-row">
        <td><span class="badge log info-bg">Info</span></td>
        <td>8:52:27 pm</td>
        <td>
          TC_028 COMPLETED - Edit button opens correct record
        </td>
      </tr>
      <tr class="event-row">
        <td><span class="badge log pass-bg">Pass</span></td>
        <td>8:52:27 pm</td>
        <td>
          Test Case Passed: verifyEditButtonOpensRecordWithCorrectData
        </td>
      </tr>
      <tr class="event-row">
        <td><span class="badge log info-bg">Info</span></td>
        <td>8:52:44 pm</td>
        <td>
          ===== Initializing Home Page before test execution =====
        </td>
      </tr>
      <tr class="event-row">
        <td><span class="badge log info-bg">Info</span></td>
        <td>8:52:44 pm</td>
        <td>
          Navigated to Elements module
        </td>
      </tr>
  </tbody>
</table>
</div>
          </div>
        </li>
        <li class="test-item"  status="pass" test-id="22"
          author=""
          tag="webtable regression smoke"
          device="">
          <div class="test-detail">
            <p class="name">com.demoqa.webautomation.testcases.ElementsFunctionalityTest.verifyEditButtonOpensRecordWithCorrectData</p>
            <p class="text-sm">
              <span>8:52:44 pm</span> / <span>00:00:24:938</span>
              <span class="badge pass-bg log float-right">Pass</span>
            </p>
          </div>
          <div class="test-contents d-none">
<div class="detail-head">
<div class="p-v-10">
<div class="info">
<h5 class="test-status text-pass">com.demoqa.webautomation.testcases.ElementsFunctionalityTest.verifyEditButtonOpensRecordWithCorrectData</h5>
<span class='badge badge-success'>01.22.2026 8:52:44 pm</span>
<span class='badge badge-danger'>01.22.2026 8:53:09 pm</span>
<span class='badge badge-default'>00:00:24:938</span>
&middot; <span class='uri-anchor badge badge-default'>#test-id=22</span>
<span title='Skip to the next failed step' class='badge badge-danger pointer float-right ne ml-1'><i class="fa fa-fast-forward"></i></span>
<span title='Collapse all nodes' class='badge badge-default pointer float-right ct ml-1'><i class="fa fa-compress"></i></span>
<span title='Expand all nodes' class='badge badge-default pointer float-right et'><i class="fa fa-expand"></i></span>
</div>
<div class="m-t-15"><span class="badge badge-pill badge-default">webtable</span>
<span class="badge badge-pill badge-default">regression</span>
<span class="badge badge-pill badge-default">smoke</span></div>
</div>
</div><div class="detail-body mt-4">
<table class="table table-sm">
  <thead><tr><th class="status-col">Status</th><th class="timestamp-col">Timestamp</th><th class="details-col">Details</th></tr></thead>
  <tbody>
      <tr class="event-row">
        <td><span class="badge log info-bg">Info</span></td>
        <td>8:52:44 pm</td>
        <td>
          Test Started: verifyEditButtonOpensRecordWithCorrectData
        </td>
      </tr>
      <tr class="event-row">
        <td><span class="badge log info-bg">Info</span></td>
        <td>8:52:44 pm</td>
        <td>
          TC_028 STARTED - Verify Edit button opens record with correct data
        </td>
      </tr>
      <tr class="event-row">
        <td><span class="badge log info-bg">Info</span></td>
        <td>8:52:44 pm</td>
        <td>
          Clicked on Elements module
        </td>
      </tr>
      <tr class="event-row">
        <td><span class="badge log info-bg">Info</span></td>
        <td>8:52:44 pm</td>
        <td>
          Navigated to Web Tables page
        </td>
      </tr>
      <tr class="event-row">
        <td><span class="badge log info-bg">Info</span></td>
        <td>8:52:44 pm</td>
        <td>
          Clicking Edit for record with First Name: Kierra
        </td>
      </tr>
      <tr class="event-row">
        <td><span class="badge log info-bg">Info</span></td>
        <td>8:52:45 pm</td>
        <td>
          Validating Registration Form is displayed
        </td>
      </tr>
      <tr class="event-row">
        <td><span class="badge log info-bg">Info</span></td>
        <td>8:52:45 pm</td>
        <td>
          Validating Registration Form title is displayed
        </td>
      </tr>
      <tr class="event-row">
        <td><span class="badge log info-bg">Info</span></td>
        <td>8:52:45 pm</td>
        <td>
          Fetching values from Registration Form
        </td>
      </tr>
      <tr class="event-row">
        <td><span class="badge log info-bg">Info</span></td>
        <td>8:52:45 pm</td>
        <td>
          Validating form data against expected values
        </td>
      </tr>
      <tr class="event-row">
        <td><span class="badge log info-bg">Info</span></td>
        <td>8:52:45 pm</td>
        <td>
          Expected First Name: Kierra | Actual: Kierra
        </td>
      </tr>
      <tr class="event-row">
        <td><span class="badge log info-bg">Info</span></td>
        <td>8:52:45 pm</td>
        <td>
          Expected Last Name: Gentry | Actual: Gentry
        </td>
      </tr>
      <tr class="event-row">
        <td><span class="badge log info-bg">Info</span></td>
        <td>8:52:45 pm</td>
        <td>
          Expected Email: kierra@example.com | Actual: kierra@example.com
        </td>
      </tr>
      <tr class="event-row">
        <td><span class="badge log info-bg">Info</span></td>
        <td>8:52:45 pm</td>
        <td>
          Expected Age: 29 | Actual: 29
        </td>
      </tr>
      <tr class="event-row">
        <td><span class="badge log info-bg">Info</span></td>
        <td>8:52:45 pm</td>
        <td>
          Expected Salary: 2000 | Actual: 2000
        </td>
      </tr>
      <tr class="event-row">
        <td><span class="badge log info-bg">Info</span></td>
        <td>8:52:45 pm</td>
        <td>
          Expected Department: Legal | Actual: Legal
        </td>
      </tr>
      <tr class="event-row">
        <td><span class="badge log info-bg">Info</span></td>
        <td>8:52:45 pm</td>
        <td>
          TC_028 COMPLETED - Edit button opens correct record
        </td>
      </tr>
      <tr class="event-row">
        <td><span class="badge log pass-bg">Pass</span></td>
        <td>8:52:45 pm</td>
        <td>
          Test Case Passed: verifyEditButtonOpensRecordWithCorrectData
        </td>
      </tr>
      <tr class="event-row">
        <td><span class="badge log info-bg">Info</span></td>
        <td>8:53:09 pm</td>
        <td>
          ===== Initializing Home Page before test execution =====
        </td>
      </tr>
      <tr class="event-row">
        <td><span class="badge log info-bg">Info</span></td>
        <td>8:53:09 pm</td>
        <td>
          Navigated to Elements module
        </td>
      </tr>
  </tbody>
</table>
</div>
          </div>
        </li>
        <li class="test-item"  status="pass" test-id="23"
          author=""
          tag="webtable regression smoke"
          device="">
          <div class="test-detail">
            <p class="name">com.demoqa.webautomation.testcases.ElementsFunctionalityTest.verifyDeleteExistingRecord</p>
            <p class="text-sm">
              <span>8:53:09 pm</span> / <span>00:00:46:347</span>
              <span class="badge pass-bg log float-right">Pass</span>
            </p>
          </div>
          <div class="test-contents d-none">
<div class="detail-head">
<div class="p-v-10">
<div class="info">
<h5 class="test-status text-pass">com.demoqa.webautomation.testcases.ElementsFunctionalityTest.verifyDeleteExistingRecord</h5>
<span class='badge badge-success'>01.22.2026 8:53:09 pm</span>
<span class='badge badge-danger'>01.22.2026 8:53:55 pm</span>
<span class='badge badge-default'>00:00:46:347</span>
&middot; <span class='uri-anchor badge badge-default'>#test-id=23</span>
<span title='Skip to the next failed step' class='badge badge-danger pointer float-right ne ml-1'><i class="fa fa-fast-forward"></i></span>
<span title='Collapse all nodes' class='badge badge-default pointer float-right ct ml-1'><i class="fa fa-compress"></i></span>
<span title='Expand all nodes' class='badge badge-default pointer float-right et'><i class="fa fa-expand"></i></span>
</div>
<div class="m-t-15"><span class="badge badge-pill badge-default">webtable</span>
<span class="badge badge-pill badge-default">regression</span>
<span class="badge badge-pill badge-default">smoke</span></div>
</div>
</div><div class="detail-body mt-4">
<table class="table table-sm">
  <thead><tr><th class="status-col">Status</th><th class="timestamp-col">Timestamp</th><th class="details-col">Details</th></tr></thead>
  <tbody>
      <tr class="event-row">
        <td><span class="badge log info-bg">Info</span></td>
        <td>8:53:09 pm</td>
        <td>
          Test Started: verifyDeleteExistingRecord
        </td>
      </tr>
      <tr class="event-row">
        <td><span class="badge log info-bg">Info</span></td>
        <td>8:53:09 pm</td>
        <td>
          TC_030 STARTED - Verify Delete Existing Record
        </td>
      </tr>
      <tr class="event-row">
        <td><span class="badge log info-bg">Info</span></td>
        <td>8:53:09 pm</td>
        <td>
          Step 1: Clicked on Elements module
        </td>
      </tr>
      <tr class="event-row">
        <td><span class="badge log info-bg">Info</span></td>
        <td>8:53:09 pm</td>
        <td>
          Step 2: Navigated to Web Tables page
        </td>
      </tr>
      <tr class="event-row">
        <td><span class="badge log info-bg">Info</span></td>
        <td>8:53:09 pm</td>
        <td>
          Test Data - First Name to delete: Alden
        </td>
      </tr>
      <tr class="event-row">
        <td><span class="badge log info-bg">Info</span></td>
        <td>8:53:09 pm</td>
        <td>
          Step 3: Fetching existing record before delete
        </td>
      </tr>
      <tr class="event-row">
        <td><span class="badge log info-bg">Info</span></td>
        <td>8:53:11 pm</td>
        <td>
          Record found before delete: {firstName=Alden, lastName=Cantrell, age=45, email=alden@example.com, salary=12000, department=Compliance}
        </td>
      </tr>
      <tr class="event-row">
        <td><span class="badge log info-bg">Info</span></td>
        <td>8:53:11 pm</td>
        <td>
          Step 4: Clicking Delete icon for record
        </td>
      </tr>
      <tr class="event-row">
        <td><span class="badge log info-bg">Info</span></td>
        <td>8:53:21 pm</td>
        <td>
          Delete icon clicked successfully
        </td>
      </tr>
      <tr class="event-row">
        <td><span class="badge log info-bg">Info</span></td>
        <td>8:53:21 pm</td>
        <td>
          Step 5: Verifying record is removed from table
        </td>
      </tr>
      <tr class="event-row">
        <td><span class="badge log info-bg">Info</span></td>
        <td>8:53:31 pm</td>
        <td>
          Record successfully deleted for First Name: Alden
        </td>
      </tr>
      <tr class="event-row">
        <td><span class="badge log info-bg">Info</span></td>
        <td>8:53:31 pm</td>
        <td>
          TC_030 COMPLETED - Verify Delete Existing Record
        </td>
      </tr>
      <tr class="event-row">
        <td><span class="badge log pass-bg">Pass</span></td>
        <td>8:53:31 pm</td>
        <td>
          Test Case Passed: verifyDeleteExistingRecord
        </td>
      </tr>
      <tr class="event-row">
        <td><span class="badge log info-bg">Info</span></td>
        <td>8:53:55 pm</td>
        <td>
          ===== Initializing Home Page before test execution =====
        </td>
      </tr>
      <tr class="event-row">
        <td><span class="badge log info-bg">Info</span></td>
        <td>8:53:55 pm</td>
        <td>
          Navigated to Elements module
        </td>
      </tr>
  </tbody>
</table>
</div>
          </div>
        </li>
        <li class="test-item"  status="pass" test-id="24"
          author=""
          tag="searchBox regression smoke"
          device="">
          <div class="test-detail">
            <p class="name">com.demoqa.webautomation.testcases.ElementsFunctionalityTest.verifySearchWithValidFirstName</p>
            <p class="text-sm">
              <span>8:53:55 pm</span> / <span>00:00:17:185</span>
              <span class="badge pass-bg log float-right">Pass</span>
            </p>
          </div>
          <div class="test-contents d-none">
<div class="detail-head">
<div class="p-v-10">
<div class="info">
<h5 class="test-status text-pass">com.demoqa.webautomation.testcases.ElementsFunctionalityTest.verifySearchWithValidFirstName</h5>
<span class='badge badge-success'>01.22.2026 8:53:55 pm</span>
<span class='badge badge-danger'>01.22.2026 8:54:13 pm</span>
<span class='badge badge-default'>00:00:17:185</span>
&middot; <span class='uri-anchor badge badge-default'>#test-id=24</span>
<span title='Skip to the next failed step' class='badge badge-danger pointer float-right ne ml-1'><i class="fa fa-fast-forward"></i></span>
<span title='Collapse all nodes' class='badge badge-default pointer float-right ct ml-1'><i class="fa fa-compress"></i></span>
<span title='Expand all nodes' class='badge badge-default pointer float-right et'><i class="fa fa-expand"></i></span>
</div>
<div class="m-t-15"><span class="badge badge-pill badge-default">searchBox</span>
<span class="badge badge-pill badge-default">regression</span>
<span class="badge badge-pill badge-default">smoke</span></div>
</div>
</div><div class="detail-body mt-4">
<table class="table table-sm">
  <thead><tr><th class="status-col">Status</th><th class="timestamp-col">Timestamp</th><th class="details-col">Details</th></tr></thead>
  <tbody>
      <tr class="event-row">
        <td><span class="badge log info-bg">Info</span></td>
        <td>8:53:55 pm</td>
        <td>
          Test Started: verifySearchWithValidFirstName
        </td>
      </tr>
      <tr class="event-row">
        <td><span class="badge log info-bg">Info</span></td>
        <td>8:53:55 pm</td>
        <td>
          TC_031 STARTED - Verify Search Functionality With Valid Name
        </td>
      </tr>
      <tr class="event-row">
        <td><span class="badge log info-bg">Info</span></td>
        <td>8:53:55 pm</td>
        <td>
          Clicked on Elements module
        </td>
      </tr>
      <tr class="event-row">
        <td><span class="badge log info-bg">Info</span></td>
        <td>8:53:56 pm</td>
        <td>
          Navigated to Web Tables page
        </td>
      </tr>
      <tr class="event-row">
        <td><span class="badge log info-bg">Info</span></td>
        <td>8:53:56 pm</td>
        <td>
          Search keyword entered: Cierra
        </td>
      </tr>
      <tr class="event-row">
        <td><span class="badge log info-bg">Info</span></td>
        <td>8:53:56 pm</td>
        <td>
          Search text entered in search box
        </td>
      </tr>
      <tr class="event-row">
        <td><span class="badge log info-bg">Info</span></td>
        <td>8:53:56 pm</td>
        <td>
          Verifying filtered table results
        </td>
      </tr>
      <tr class="event-row">
        <td><span class="badge log info-bg">Info</span></td>
        <td>8:53:57 pm</td>
        <td>
          Only matching record is displayed for search keyword: Cierra
        </td>
      </tr>
      <tr class="event-row">
        <td><span class="badge log info-bg">Info</span></td>
        <td>8:53:57 pm</td>
        <td>
          TC_031 COMPLETED - Verify Search Functionality With Valid Name
        </td>
      </tr>
      <tr class="event-row">
        <td><span class="badge log pass-bg">Pass</span></td>
        <td>8:53:57 pm</td>
        <td>
          Test Case Passed: verifySearchWithValidFirstName
        </td>
      </tr>
      <tr class="event-row">
        <td><span class="badge log info-bg">Info</span></td>
        <td>8:54:12 pm</td>
        <td>
          ===== Initializing Home Page before test execution =====
        </td>
      </tr>
      <tr class="event-row">
        <td><span class="badge log info-bg">Info</span></td>
        <td>8:54:13 pm</td>
        <td>
          Navigated to Elements module
        </td>
      </tr>
  </tbody>
</table>
</div>
          </div>
        </li>
        <li class="test-item"  status="pass" test-id="25"
          author=""
          tag="searchBox regression smoke"
          device="">
          <div class="test-detail">
            <p class="name">com.demoqa.webautomation.testcases.ElementsFunctionalityTest.verifySearchWithValidFirstName</p>
            <p class="text-sm">
              <span>8:54:13 pm</span> / <span>00:00:22:772</span>
              <span class="badge pass-bg log float-right">Pass</span>
            </p>
          </div>
          <div class="test-contents d-none">
<div class="detail-head">
<div class="p-v-10">
<div class="info">
<h5 class="test-status text-pass">com.demoqa.webautomation.testcases.ElementsFunctionalityTest.verifySearchWithValidFirstName</h5>
<span class='badge badge-success'>01.22.2026 8:54:13 pm</span>
<span class='badge badge-danger'>01.22.2026 8:54:35 pm</span>
<span class='badge badge-default'>00:00:22:772</span>
&middot; <span class='uri-anchor badge badge-default'>#test-id=25</span>
<span title='Skip to the next failed step' class='badge badge-danger pointer float-right ne ml-1'><i class="fa fa-fast-forward"></i></span>
<span title='Collapse all nodes' class='badge badge-default pointer float-right ct ml-1'><i class="fa fa-compress"></i></span>
<span title='Expand all nodes' class='badge badge-default pointer float-right et'><i class="fa fa-expand"></i></span>
</div>
<div class="m-t-15"><span class="badge badge-pill badge-default">searchBox</span>
<span class="badge badge-pill badge-default">regression</span>
<span class="badge badge-pill badge-default">smoke</span></div>
</div>
</div><div class="detail-body mt-4">
<table class="table table-sm">
  <thead><tr><th class="status-col">Status</th><th class="timestamp-col">Timestamp</th><th class="details-col">Details</th></tr></thead>
  <tbody>
      <tr class="event-row">
        <td><span class="badge log info-bg">Info</span></td>
        <td>8:54:13 pm</td>
        <td>
          Test Started: verifySearchWithValidFirstName
        </td>
      </tr>
      <tr class="event-row">
        <td><span class="badge log info-bg">Info</span></td>
        <td>8:54:13 pm</td>
        <td>
          TC_031 STARTED - Verify Search Functionality With Valid Name
        </td>
      </tr>
      <tr class="event-row">
        <td><span class="badge log info-bg">Info</span></td>
        <td>8:54:13 pm</td>
        <td>
          Clicked on Elements module
        </td>
      </tr>
      <tr class="event-row">
        <td><span class="badge log info-bg">Info</span></td>
        <td>8:54:13 pm</td>
        <td>
          Navigated to Web Tables page
        </td>
      </tr>
      <tr class="event-row">
        <td><span class="badge log info-bg">Info</span></td>
        <td>8:54:13 pm</td>
        <td>
          Search keyword entered: Alden
        </td>
      </tr>
      <tr class="event-row">
        <td><span class="badge log info-bg">Info</span></td>
        <td>8:54:13 pm</td>
        <td>
          Search text entered in search box
        </td>
      </tr>
      <tr class="event-row">
        <td><span class="badge log info-bg">Info</span></td>
        <td>8:54:13 pm</td>
        <td>
          Verifying filtered table results
        </td>
      </tr>
      <tr class="event-row">
        <td><span class="badge log info-bg">Info</span></td>
        <td>8:54:14 pm</td>
        <td>
          Only matching record is displayed for search keyword: Alden
        </td>
      </tr>
      <tr class="event-row">
        <td><span class="badge log info-bg">Info</span></td>
        <td>8:54:14 pm</td>
        <td>
          TC_031 COMPLETED - Verify Search Functionality With Valid Name
        </td>
      </tr>
      <tr class="event-row">
        <td><span class="badge log pass-bg">Pass</span></td>
        <td>8:54:14 pm</td>
        <td>
          Test Case Passed: verifySearchWithValidFirstName
        </td>
      </tr>
      <tr class="event-row">
        <td><span class="badge log info-bg">Info</span></td>
        <td>8:54:20 pm</td>
        <td>
          ===== Initializing Home Page before test execution =====
        </td>
      </tr>
      <tr class="event-row">
        <td><span class="badge log info-bg">Info</span></td>
        <td>8:54:35 pm</td>
        <td>
          Navigated to Elements module
        </td>
      </tr>
  </tbody>
</table>
</div>
          </div>
        </li>
        <li class="test-item"  status="pass" test-id="26"
          author=""
          tag="searchBox regression smoke"
          device="">
          <div class="test-detail">
            <p class="name">com.demoqa.webautomation.testcases.ElementsFunctionalityTest.verifySearchWithValidFirstName</p>
            <p class="text-sm">
              <span>8:54:35 pm</span> / <span>00:00:13:901</span>
              <span class="badge pass-bg log float-right">Pass</span>
            </p>
          </div>
          <div class="test-contents d-none">
<div class="detail-head">
<div class="p-v-10">
<div class="info">
<h5 class="test-status text-pass">com.demoqa.webautomation.testcases.ElementsFunctionalityTest.verifySearchWithValidFirstName</h5>
<span class='badge badge-success'>01.22.2026 8:54:35 pm</span>
<span class='badge badge-danger'>01.22.2026 8:54:49 pm</span>
<span class='badge badge-default'>00:00:13:901</span>
&middot; <span class='uri-anchor badge badge-default'>#test-id=26</span>
<span title='Skip to the next failed step' class='badge badge-danger pointer float-right ne ml-1'><i class="fa fa-fast-forward"></i></span>
<span title='Collapse all nodes' class='badge badge-default pointer float-right ct ml-1'><i class="fa fa-compress"></i></span>
<span title='Expand all nodes' class='badge badge-default pointer float-right et'><i class="fa fa-expand"></i></span>
</div>
<div class="m-t-15"><span class="badge badge-pill badge-default">searchBox</span>
<span class="badge badge-pill badge-default">regression</span>
<span class="badge badge-pill badge-default">smoke</span></div>
</div>
</div><div class="detail-body mt-4">
<table class="table table-sm">
  <thead><tr><th class="status-col">Status</th><th class="timestamp-col">Timestamp</th><th class="details-col">Details</th></tr></thead>
  <tbody>
      <tr class="event-row">
        <td><span class="badge log info-bg">Info</span></td>
        <td>8:54:35 pm</td>
        <td>
          Test Started: verifySearchWithValidFirstName
        </td>
      </tr>
      <tr class="event-row">
        <td><span class="badge log info-bg">Info</span></td>
        <td>8:54:35 pm</td>
        <td>
          TC_031 STARTED - Verify Search Functionality With Valid Name
        </td>
      </tr>
      <tr class="event-row">
        <td><span class="badge log info-bg">Info</span></td>
        <td>8:54:35 pm</td>
        <td>
          Clicked on Elements module
        </td>
      </tr>
      <tr class="event-row">
        <td><span class="badge log info-bg">Info</span></td>
        <td>8:54:36 pm</td>
        <td>
          Navigated to Web Tables page
        </td>
      </tr>
      <tr class="event-row">
        <td><span class="badge log info-bg">Info</span></td>
        <td>8:54:36 pm</td>
        <td>
          Search keyword entered: Kierra
        </td>
      </tr>
      <tr class="event-row">
        <td><span class="badge log info-bg">Info</span></td>
        <td>8:54:36 pm</td>
        <td>
          Search text entered in search box
        </td>
      </tr>
      <tr class="event-row">
        <td><span class="badge log info-bg">Info</span></td>
        <td>8:54:36 pm</td>
        <td>
          Verifying filtered table results
        </td>
      </tr>
      <tr class="event-row">
        <td><span class="badge log info-bg">Info</span></td>
        <td>8:54:37 pm</td>
        <td>
          Only matching record is displayed for search keyword: Kierra
        </td>
      </tr>
      <tr class="event-row">
        <td><span class="badge log info-bg">Info</span></td>
        <td>8:54:37 pm</td>
        <td>
          TC_031 COMPLETED - Verify Search Functionality With Valid Name
        </td>
      </tr>
      <tr class="event-row">
        <td><span class="badge log pass-bg">Pass</span></td>
        <td>8:54:37 pm</td>
        <td>
          Test Case Passed: verifySearchWithValidFirstName
        </td>
      </tr>
      <tr class="event-row">
        <td><span class="badge log info-bg">Info</span></td>
        <td>8:54:49 pm</td>
        <td>
          ===== Initializing Home Page before test execution =====
        </td>
      </tr>
      <tr class="event-row">
        <td><span class="badge log info-bg">Info</span></td>
        <td>8:54:49 pm</td>
        <td>
          Navigated to Elements module
        </td>
      </tr>
  </tbody>
</table>
</div>
          </div>
        </li>
        <li class="test-item"  status="skip" test-id="27"
          author=""
          tag="regression smoke buttons"
          device="">
          <div class="test-detail">
            <p class="name">com.demoqa.webautomation.testcases.ElementsFunctionalityTest.verifyDoubleClickFunctionality</p>
            <p class="text-sm">
              <span>8:54:49 pm</span> / <span>00:00:42:155</span>
              <span class="badge skip-bg log float-right">Skip</span>
            </p>
          </div>
          <div class="test-contents d-none">
<div class="detail-head">
<div class="p-v-10">
<div class="info">
<h5 class="test-status text-skip">com.demoqa.webautomation.testcases.ElementsFunctionalityTest.verifyDoubleClickFunctionality</h5>
<span class='badge badge-success'>01.22.2026 8:54:49 pm</span>
<span class='badge badge-danger'>01.22.2026 8:55:31 pm</span>
<span class='badge badge-default'>00:00:42:155</span>
&middot; <span class='uri-anchor badge badge-default'>#test-id=27</span>
<span title='Skip to the next failed step' class='badge badge-danger pointer float-right ne ml-1'><i class="fa fa-fast-forward"></i></span>
<span title='Collapse all nodes' class='badge badge-default pointer float-right ct ml-1'><i class="fa fa-compress"></i></span>
<span title='Expand all nodes' class='badge badge-default pointer float-right et'><i class="fa fa-expand"></i></span>
</div>
<div class="m-t-15"><span class="badge badge-pill badge-default">regression</span>
<span class="badge badge-pill badge-default">smoke</span>
<span class="badge badge-pill badge-default">buttons</span></div>
</div>
</div><div class="detail-body mt-4">
<table class="table table-sm">
  <thead><tr><th class="status-col">Status</th><th class="timestamp-col">Timestamp</th><th class="details-col">Details</th></tr></thead>
  <tbody>
      <tr class="event-row">
        <td><span class="badge log info-bg">Info</span></td>
        <td>8:54:49 pm</td>
        <td>
          Test Started: verifyDoubleClickFunctionality
        </td>
      </tr>
      <tr class="event-row">
        <td><span class="badge log info-bg">Info</span></td>
        <td>8:54:49 pm</td>
        <td>
          TC_036 STARTED - Verify Double Click Functionality
        </td>
      </tr>
      <tr class="event-row">
        <td><span class="badge log info-bg">Info</span></td>
        <td>8:54:50 pm</td>
        <td>
          Navigated to Buttons page
        </td>
      </tr>
      <tr class="event-row">
        <td><span class="badge log skip-bg">Skip</span></td>
        <td>8:55:11 pm</td>
        <td>
          Test Case Skipped: verifyDoubleClickFunctionality
        </td>
      </tr>
      <tr class="event-row">
        <td><span class="badge log skip-bg">Skip</span></td>
        <td>8:55:11 pm</td>
        <td>
          Reason: Expected condition failed: waiting for visibility of Proxy element for: DefaultElementLocator 'By.xpath: //p[@id='doubleClickMessage']' (tried for 10 second(s) with 500 milliseconds interval)
        </td>
      </tr>
      <tr class="event-row">
        <td><span class="badge log info-bg">Info</span></td>
        <td>8:55:31 pm</td>
        <td>
          ===== Initializing Home Page before test execution =====
        </td>
      </tr>
      <tr class="event-row">
        <td><span class="badge log info-bg">Info</span></td>
        <td>8:55:31 pm</td>
        <td>
          Navigated to Elements module
        </td>
      </tr>
  </tbody>
</table>
</div>
          </div>
        </li>
        <li class="test-item"  status="skip" test-id="28"
          author=""
          tag="regression smoke buttons"
          device="">
          <div class="test-detail">
            <p class="name">com.demoqa.webautomation.testcases.ElementsFunctionalityTest.verifyDoubleClickFunctionality</p>
            <p class="text-sm">
              <span>8:55:31 pm</span> / <span>00:00:46:369</span>
              <span class="badge skip-bg log float-right">Skip</span>
            </p>
          </div>
          <div class="test-contents d-none">
<div class="detail-head">
<div class="p-v-10">
<div class="info">
<h5 class="test-status text-skip">com.demoqa.webautomation.testcases.ElementsFunctionalityTest.verifyDoubleClickFunctionality</h5>
<span class='badge badge-success'>01.22.2026 8:55:31 pm</span>
<span class='badge badge-danger'>01.22.2026 8:56:18 pm</span>
<span class='badge badge-default'>00:00:46:369</span>
&middot; <span class='uri-anchor badge badge-default'>#test-id=28</span>
<span title='Skip to the next failed step' class='badge badge-danger pointer float-right ne ml-1'><i class="fa fa-fast-forward"></i></span>
<span title='Collapse all nodes' class='badge badge-default pointer float-right ct ml-1'><i class="fa fa-compress"></i></span>
<span title='Expand all nodes' class='badge badge-default pointer float-right et'><i class="fa fa-expand"></i></span>
</div>
<div class="m-t-15"><span class="badge badge-pill badge-default">regression</span>
<span class="badge badge-pill badge-default">smoke</span>
<span class="badge badge-pill badge-default">buttons</span></div>
</div>
</div><div class="detail-body mt-4">
<table class="table table-sm">
  <thead><tr><th class="status-col">Status</th><th class="timestamp-col">Timestamp</th><th class="details-col">Details</th></tr></thead>
  <tbody>
      <tr class="event-row">
        <td><span class="badge log info-bg">Info</span></td>
        <td>8:55:31 pm</td>
        <td>
          Test Started: verifyDoubleClickFunctionality
        </td>
      </tr>
      <tr class="event-row">
        <td><span class="badge log info-bg">Info</span></td>
        <td>8:55:31 pm</td>
        <td>
          TC_036 STARTED - Verify Double Click Functionality
        </td>
      </tr>
      <tr class="event-row">
        <td><span class="badge log info-bg">Info</span></td>
        <td>8:55:32 pm</td>
        <td>
          Navigated to Buttons page
        </td>
      </tr>
      <tr class="event-row">
        <td><span class="badge log skip-bg">Skip</span></td>
        <td>8:55:52 pm</td>
        <td>
          Test Case Skipped: verifyDoubleClickFunctionality
        </td>
      </tr>
      <tr class="event-row">
        <td><span class="badge log skip-bg">Skip</span></td>
        <td>8:55:52 pm</td>
        <td>
          Reason: Expected condition failed: waiting for visibility of Proxy element for: DefaultElementLocator 'By.xpath: //p[@id='doubleClickMessage']' (tried for 10 second(s) with 500 milliseconds interval)
        </td>
      </tr>
      <tr class="event-row">
        <td><span class="badge log info-bg">Info</span></td>
        <td>8:56:18 pm</td>
        <td>
          ===== Initializing Home Page before test execution =====
        </td>
      </tr>
      <tr class="event-row">
        <td><span class="badge log info-bg">Info</span></td>
        <td>8:56:18 pm</td>
        <td>
          Navigated to Elements module
        </td>
      </tr>
  </tbody>
</table>
</div>
          </div>
        </li>
        <li class="test-item"  status="pass" test-id="29"
          author=""
          tag="regression smoke buttons"
          device="">
          <div class="test-detail">
            <p class="name">com.demoqa.webautomation.testcases.ElementsFunctionalityTest.verifyDoubleClickFunctionality</p>
            <p class="text-sm">
              <span>8:56:18 pm</span> / <span>00:00:31:982</span>
              <span class="badge pass-bg log float-right">Pass</span>
            </p>
          </div>
          <div class="test-contents d-none">
<div class="detail-head">
<div class="p-v-10">
<div class="info">
<h5 class="test-status text-pass">com.demoqa.webautomation.testcases.ElementsFunctionalityTest.verifyDoubleClickFunctionality</h5>
<span class='badge badge-success'>01.22.2026 8:56:18 pm</span>
<span class='badge badge-danger'>01.22.2026 8:56:50 pm</span>
<span class='badge badge-default'>00:00:31:982</span>
&middot; <span class='uri-anchor badge badge-default'>#test-id=29</span>
<span title='Skip to the next failed step' class='badge badge-danger pointer float-right ne ml-1'><i class="fa fa-fast-forward"></i></span>
<span title='Collapse all nodes' class='badge badge-default pointer float-right ct ml-1'><i class="fa fa-compress"></i></span>
<span title='Expand all nodes' class='badge badge-default pointer float-right et'><i class="fa fa-expand"></i></span>
</div>
<div class="m-t-15"><span class="badge badge-pill badge-default">regression</span>
<span class="badge badge-pill badge-default">smoke</span>
<span class="badge badge-pill badge-default">buttons</span></div>
</div>
</div><div class="detail-body mt-4">
<table class="table table-sm">
  <thead><tr><th class="status-col">Status</th><th class="timestamp-col">Timestamp</th><th class="details-col">Details</th></tr></thead>
  <tbody>
      <tr class="event-row">
        <td><span class="badge log info-bg">Info</span></td>
        <td>8:56:18 pm</td>
        <td>
          Test Started: verifyDoubleClickFunctionality
        </td>
      </tr>
      <tr class="event-row">
        <td><span class="badge log info-bg">Info</span></td>
        <td>8:56:18 pm</td>
        <td>
          TC_036 STARTED - Verify Double Click Functionality
        </td>
      </tr>
      <tr class="event-row">
        <td><span class="badge log info-bg">Info</span></td>
        <td>8:56:18 pm</td>
        <td>
          Navigated to Buttons page
        </td>
      </tr>
      <tr class="event-row">
        <td><span class="badge log info-bg">Info</span></td>
        <td>8:56:19 pm</td>
        <td>
          Performed double click action
        </td>
      </tr>
      <tr class="event-row">
        <td><span class="badge log info-bg">Info</span></td>
        <td>8:56:19 pm</td>
        <td>
          Double click message is displayed as expected
        </td>
      </tr>
      <tr class="event-row">
        <td><span class="badge log info-bg">Info</span></td>
        <td>8:56:19 pm</td>
        <td>
          TC_036 COMPLETED - Verify Double Click Functionality
        </td>
      </tr>
      <tr class="event-row">
        <td><span class="badge log pass-bg">Pass</span></td>
        <td>8:56:19 pm</td>
        <td>
          Test Case Passed: verifyDoubleClickFunctionality
        </td>
      </tr>
      <tr class="event-row">
        <td><span class="badge log info-bg">Info</span></td>
        <td>8:56:50 pm</td>
        <td>
          ===== Initializing Home Page before test execution =====
        </td>
      </tr>
      <tr class="event-row">
        <td><span class="badge log info-bg">Info</span></td>
        <td>8:56:50 pm</td>
        <td>
          Navigated to Elements module
        </td>
      </tr>
  </tbody>
</table>
</div>
          </div>
        </li>
        <li class="test-item"  status="pass" test-id="30"
          author=""
          tag="regression smoke buttons"
          device="">
          <div class="test-detail">
            <p class="name">com.demoqa.webautomation.testcases.ElementsFunctionalityTest.verifyRightClickFunctionality</p>
            <p class="text-sm">
              <span>8:56:50 pm</span> / <span>00:00:16:672</span>
              <span class="badge pass-bg log float-right">Pass</span>
            </p>
          </div>
          <div class="test-contents d-none">
<div class="detail-head">
<div class="p-v-10">
<div class="info">
<h5 class="test-status text-pass">com.demoqa.webautomation.testcases.ElementsFunctionalityTest.verifyRightClickFunctionality</h5>
<span class='badge badge-success'>01.22.2026 8:56:50 pm</span>
<span class='badge badge-danger'>01.22.2026 8:57:06 pm</span>
<span class='badge badge-default'>00:00:16:672</span>
&middot; <span class='uri-anchor badge badge-default'>#test-id=30</span>
<span title='Skip to the next failed step' class='badge badge-danger pointer float-right ne ml-1'><i class="fa fa-fast-forward"></i></span>
<span title='Collapse all nodes' class='badge badge-default pointer float-right ct ml-1'><i class="fa fa-compress"></i></span>
<span title='Expand all nodes' class='badge badge-default pointer float-right et'><i class="fa fa-expand"></i></span>
</div>
<div class="m-t-15"><span class="badge badge-pill badge-default">regression</span>
<span class="badge badge-pill badge-default">smoke</span>
<span class="badge badge-pill badge-default">buttons</span></div>
</div>
</div><div class="detail-body mt-4">
<table class="table table-sm">
  <thead><tr><th class="status-col">Status</th><th class="timestamp-col">Timestamp</th><th class="details-col">Details</th></tr></thead>
  <tbody>
      <tr class="event-row">
        <td><span class="badge log info-bg">Info</span></td>
        <td>8:56:50 pm</td>
        <td>
          Test Started: verifyRightClickFunctionality
        </td>
      </tr>
      <tr class="event-row">
        <td><span class="badge log info-bg">Info</span></td>
        <td>8:56:50 pm</td>
        <td>
          TC_037 STARTED - Verify Right Click Functionality
        </td>
      </tr>
      <tr class="event-row">
        <td><span class="badge log info-bg">Info</span></td>
        <td>8:56:50 pm</td>
        <td>
          Navigated to Buttons page
        </td>
      </tr>
      <tr class="event-row">
        <td><span class="badge log info-bg">Info</span></td>
        <td>8:56:51 pm</td>
        <td>
          Performed right click action
        </td>
      </tr>
      <tr class="event-row">
        <td><span class="badge log info-bg">Info</span></td>
        <td>8:56:51 pm</td>
        <td>
          Right click message is displayed as expected
        </td>
      </tr>
      <tr class="event-row">
        <td><span class="badge log info-bg">Info</span></td>
        <td>8:56:51 pm</td>
        <td>
          TC_037 COMPLETED - Verify Right Click Functionality
        </td>
      </tr>
      <tr class="event-row">
        <td><span class="badge log pass-bg">Pass</span></td>
        <td>8:56:51 pm</td>
        <td>
          Test Case Passed: verifyRightClickFunctionality
        </td>
      </tr>
      <tr class="event-row">
        <td><span class="badge log info-bg">Info</span></td>
        <td>8:57:06 pm</td>
        <td>
          ===== Initializing Home Page before test execution =====
        </td>
      </tr>
      <tr class="event-row">
        <td><span class="badge log info-bg">Info</span></td>
        <td>8:57:06 pm</td>
        <td>
          Navigated to Elements module
        </td>
      </tr>
  </tbody>
</table>
</div>
          </div>
        </li>
        <li class="test-item"  status="pass" test-id="31"
          author=""
          tag="regression smoke buttons"
          device="">
          <div class="test-detail">
            <p class="name">com.demoqa.webautomation.testcases.ElementsFunctionalityTest.verifyClickMeFunctionality</p>
            <p class="text-sm">
              <span>8:57:06 pm</span> / <span>00:00:22:598</span>
              <span class="badge pass-bg log float-right">Pass</span>
            </p>
          </div>
          <div class="test-contents d-none">
<div class="detail-head">
<div class="p-v-10">
<div class="info">
<h5 class="test-status text-pass">com.demoqa.webautomation.testcases.ElementsFunctionalityTest.verifyClickMeFunctionality</h5>
<span class='badge badge-success'>01.22.2026 8:57:06 pm</span>
<span class='badge badge-danger'>01.22.2026 8:57:29 pm</span>
<span class='badge badge-default'>00:00:22:598</span>
&middot; <span class='uri-anchor badge badge-default'>#test-id=31</span>
<span title='Skip to the next failed step' class='badge badge-danger pointer float-right ne ml-1'><i class="fa fa-fast-forward"></i></span>
<span title='Collapse all nodes' class='badge badge-default pointer float-right ct ml-1'><i class="fa fa-compress"></i></span>
<span title='Expand all nodes' class='badge badge-default pointer float-right et'><i class="fa fa-expand"></i></span>
</div>
<div class="m-t-15"><span class="badge badge-pill badge-default">regression</span>
<span class="badge badge-pill badge-default">smoke</span>
<span class="badge badge-pill badge-default">buttons</span></div>
</div>
</div><div class="detail-body mt-4">
<table class="table table-sm">
  <thead><tr><th class="status-col">Status</th><th class="timestamp-col">Timestamp</th><th class="details-col">Details</th></tr></thead>
  <tbody>
      <tr class="event-row">
        <td><span class="badge log info-bg">Info</span></td>
        <td>8:57:06 pm</td>
        <td>
          Test Started: verifyClickMeFunctionality
        </td>
      </tr>
      <tr class="event-row">
        <td><span class="badge log info-bg">Info</span></td>
        <td>8:57:06 pm</td>
        <td>
          TC_038 STARTED - Verify Click Me Button Functionality
        </td>
      </tr>
      <tr class="event-row">
        <td><span class="badge log info-bg">Info</span></td>
        <td>8:57:07 pm</td>
        <td>
          Navigated to Buttons page
        </td>
      </tr>
      <tr class="event-row">
        <td><span class="badge log info-bg">Info</span></td>
        <td>8:57:07 pm</td>
        <td>
          Clicked on Click Me button
        </td>
      </tr>
      <tr class="event-row">
        <td><span class="badge log info-bg">Info</span></td>
        <td>8:57:07 pm</td>
        <td>
          Click Me message is displayed as expected
        </td>
      </tr>
      <tr class="event-row">
        <td><span class="badge log info-bg">Info</span></td>
        <td>8:57:07 pm</td>
        <td>
          TC_038 COMPLETED - Verify Click Me Button Functionality
        </td>
      </tr>
      <tr class="event-row">
        <td><span class="badge log pass-bg">Pass</span></td>
        <td>8:57:07 pm</td>
        <td>
          Test Case Passed: verifyClickMeFunctionality
        </td>
      </tr>
      <tr class="event-row">
        <td><span class="badge log info-bg">Info</span></td>
        <td>8:57:29 pm</td>
        <td>
          ===== Initializing Home Page before test execution =====
        </td>
      </tr>
      <tr class="event-row">
        <td><span class="badge log info-bg">Info</span></td>
        <td>8:57:29 pm</td>
        <td>
          Navigated to Elements module
        </td>
      </tr>
  </tbody>
</table>
</div>
          </div>
        </li>
        <li class="test-item"  status="skip" test-id="32"
          author=""
          tag="links regression smoke"
          device="">
          <div class="test-detail">
            <p class="name">com.demoqa.webautomation.testcases.ElementsFunctionalityTest.verifyLinkOpenInNewTab</p>
            <p class="text-sm">
              <span>8:57:29 pm</span> / <span>00:00:29:493</span>
              <span class="badge skip-bg log float-right">Skip</span>
            </p>
          </div>
          <div class="test-contents d-none">
<div class="detail-head">
<div class="p-v-10">
<div class="info">
<h5 class="test-status text-skip">com.demoqa.webautomation.testcases.ElementsFunctionalityTest.verifyLinkOpenInNewTab</h5>
<span class='badge badge-success'>01.22.2026 8:57:29 pm</span>
<span class='badge badge-danger'>01.22.2026 8:57:59 pm</span>
<span class='badge badge-default'>00:00:29:493</span>
&middot; <span class='uri-anchor badge badge-default'>#test-id=32</span>
<span title='Skip to the next failed step' class='badge badge-danger pointer float-right ne ml-1'><i class="fa fa-fast-forward"></i></span>
<span title='Collapse all nodes' class='badge badge-default pointer float-right ct ml-1'><i class="fa fa-compress"></i></span>
<span title='Expand all nodes' class='badge badge-default pointer float-right et'><i class="fa fa-expand"></i></span>
</div>
<div class="m-t-15"><span class="badge badge-pill badge-default">links</span>
<span class="badge badge-pill badge-default">regression</span>
<span class="badge badge-pill badge-default">smoke</span></div>
</div>
</div><div class="detail-body mt-4">
<table class="table table-sm">
  <thead><tr><th class="status-col">Status</th><th class="timestamp-col">Timestamp</th><th class="details-col">Details</th></tr></thead>
  <tbody>
      <tr class="event-row">
        <td><span class="badge log info-bg">Info</span></td>
        <td>8:57:29 pm</td>
        <td>
          Test Started: verifyLinkOpenInNewTab
        </td>
      </tr>
      <tr class="event-row">
        <td><span class="badge log info-bg">Info</span></td>
        <td>8:57:29 pm</td>
        <td>
          TC_039 STARTED - Verify Home Link Opens In New Tab
        </td>
      </tr>
      <tr class="event-row">
        <td><span class="badge log info-bg">Info</span></td>
        <td>8:57:29 pm</td>
        <td>
          Navigated to Links page
        </td>
      </tr>
      <tr class="event-row">
        <td><span class="badge log info-bg">Info</span></td>
        <td>8:57:31 pm</td>
        <td>
          Switched to new tab and captured title: 
        </td>
      </tr>
      <tr class="event-row">
        <td><span class="badge log skip-bg">Skip</span></td>
        <td>8:57:31 pm</td>
        <td>
          Test Case Skipped: verifyLinkOpenInNewTab
        </td>
      </tr>
      <tr class="event-row">
        <td><span class="badge log skip-bg">Skip</span></td>
        <td>8:57:31 pm</td>
        <td>
          Reason: FAIL: Home link is not opened in new tab / title mismatch expected [DEMOQA] but found []
        </td>
      </tr>
      <tr class="event-row">
        <td><span class="badge log info-bg">Info</span></td>
        <td>8:57:58 pm</td>
        <td>
          ===== Initializing Home Page before test execution =====
        </td>
      </tr>
      <tr class="event-row">
        <td><span class="badge log info-bg">Info</span></td>
        <td>8:57:59 pm</td>
        <td>
          Navigated to Elements module
        </td>
      </tr>
  </tbody>
</table>
</div>
          </div>
        </li>
        <li class="test-item"  status="pass" test-id="33"
          author=""
          tag="links regression smoke"
          device="">
          <div class="test-detail">
            <p class="name">com.demoqa.webautomation.testcases.ElementsFunctionalityTest.verifyLinkOpenInNewTab</p>
            <p class="text-sm">
              <span>8:57:59 pm</span> / <span>00:00:28:237</span>
              <span class="badge pass-bg log float-right">Pass</span>
            </p>
          </div>
          <div class="test-contents d-none">
<div class="detail-head">
<div class="p-v-10">
<div class="info">
<h5 class="test-status text-pass">com.demoqa.webautomation.testcases.ElementsFunctionalityTest.verifyLinkOpenInNewTab</h5>
<span class='badge badge-success'>01.22.2026 8:57:59 pm</span>
<span class='badge badge-danger'>01.22.2026 8:58:27 pm</span>
<span class='badge badge-default'>00:00:28:237</span>
&middot; <span class='uri-anchor badge badge-default'>#test-id=33</span>
<span title='Skip to the next failed step' class='badge badge-danger pointer float-right ne ml-1'><i class="fa fa-fast-forward"></i></span>
<span title='Collapse all nodes' class='badge badge-default pointer float-right ct ml-1'><i class="fa fa-compress"></i></span>
<span title='Expand all nodes' class='badge badge-default pointer float-right et'><i class="fa fa-expand"></i></span>
</div>
<div class="m-t-15"><span class="badge badge-pill badge-default">links</span>
<span class="badge badge-pill badge-default">regression</span>
<span class="badge badge-pill badge-default">smoke</span></div>
</div>
</div><div class="detail-body mt-4">
<table class="table table-sm">
  <thead><tr><th class="status-col">Status</th><th class="timestamp-col">Timestamp</th><th class="details-col">Details</th></tr></thead>
  <tbody>
      <tr class="event-row">
        <td><span class="badge log info-bg">Info</span></td>
        <td>8:57:59 pm</td>
        <td>
          Test Started: verifyLinkOpenInNewTab
        </td>
      </tr>
      <tr class="event-row">
        <td><span class="badge log info-bg">Info</span></td>
        <td>8:57:59 pm</td>
        <td>
          TC_039 STARTED - Verify Home Link Opens In New Tab
        </td>
      </tr>
      <tr class="event-row">
        <td><span class="badge log info-bg">Info</span></td>
        <td>8:58:00 pm</td>
        <td>
          Navigated to Links page
        </td>
      </tr>
      <tr class="event-row">
        <td><span class="badge log info-bg">Info</span></td>
        <td>8:58:01 pm</td>
        <td>
          Switched to new tab and captured title: DEMOQA
        </td>
      </tr>
      <tr class="event-row">
        <td><span class="badge log info-bg">Info</span></td>
        <td>8:58:01 pm</td>
        <td>
          Home link opened in new tab successfully and title matched
        </td>
      </tr>
      <tr class="event-row">
        <td><span class="badge log info-bg">Info</span></td>
        <td>8:58:01 pm</td>
        <td>
          TC_039 COMPLETED - Verify Home Link Opens In New Tab
        </td>
      </tr>
      <tr class="event-row">
        <td><span class="badge log pass-bg">Pass</span></td>
        <td>8:58:01 pm</td>
        <td>
          Test Case Passed: verifyLinkOpenInNewTab
        </td>
      </tr>
      <tr class="event-row">
        <td><span class="badge log info-bg">Info</span></td>
        <td>8:58:27 pm</td>
        <td>
          ===== Initializing Home Page before test execution =====
        </td>
      </tr>
      <tr class="event-row">
        <td><span class="badge log info-bg">Info</span></td>
        <td>8:58:27 pm</td>
        <td>
          Navigated to Elements module
        </td>
      </tr>
  </tbody>
</table>
</div>
          </div>
        </li>
        <li class="test-item"  status="pass" test-id="34"
          author=""
          tag="api links regression smoke"
          device="">
          <div class="test-detail">
            <p class="name">com.demoqa.webautomation.testcases.ElementsFunctionalityTest.verifyCreatedLinkAndGetResponseCode</p>
            <p class="text-sm">
              <span>8:58:27 pm</span> / <span>00:00:28:075</span>
              <span class="badge pass-bg log float-right">Pass</span>
            </p>
          </div>
          <div class="test-contents d-none">
<div class="detail-head">
<div class="p-v-10">
<div class="info">
<h5 class="test-status text-pass">com.demoqa.webautomation.testcases.ElementsFunctionalityTest.verifyCreatedLinkAndGetResponseCode</h5>
<span class='badge badge-success'>01.22.2026 8:58:27 pm</span>
<span class='badge badge-danger'>01.22.2026 8:58:55 pm</span>
<span class='badge badge-default'>00:00:28:075</span>
&middot; <span class='uri-anchor badge badge-default'>#test-id=34</span>
<span title='Skip to the next failed step' class='badge badge-danger pointer float-right ne ml-1'><i class="fa fa-fast-forward"></i></span>
<span title='Collapse all nodes' class='badge badge-default pointer float-right ct ml-1'><i class="fa fa-compress"></i></span>
<span title='Expand all nodes' class='badge badge-default pointer float-right et'><i class="fa fa-expand"></i></span>
</div>
<div class="m-t-15"><span class="badge badge-pill badge-default">api</span>
<span class="badge badge-pill badge-default">links</span>
<span class="badge badge-pill badge-default">regression</span>
<span class="badge badge-pill badge-default">smoke</span></div>
</div>
</div><div class="detail-body mt-4">
<table class="table table-sm">
  <thead><tr><th class="status-col">Status</th><th class="timestamp-col">Timestamp</th><th class="details-col">Details</th></tr></thead>
  <tbody>
      <tr class="event-row">
        <td><span class="badge log info-bg">Info</span></td>
        <td>8:58:27 pm</td>
        <td>
          Test Started: verifyCreatedLinkAndGetResponseCode
        </td>
      </tr>
      <tr class="event-row">
        <td><span class="badge log info-bg">Info</span></td>
        <td>8:58:27 pm</td>
        <td>
          TC_041 STARTED - Verify Created Link Response
        </td>
      </tr>
      <tr class="event-row">
        <td><span class="badge log info-bg">Info</span></td>
        <td>8:58:28 pm</td>
        <td>
          Navigated to Links page
        </td>
      </tr>
      <tr class="event-row">
        <td><span class="badge log info-bg">Info</span></td>
        <td>8:58:28 pm</td>
        <td>
          Created Link Response: Link has responded with staus 201 and status text Created
        </td>
      </tr>
      <tr class="event-row">
        <td><span class="badge log info-bg">Info</span></td>
        <td>8:58:28 pm</td>
        <td>
          Created link response verified successfully
        </td>
      </tr>
      <tr class="event-row">
        <td><span class="badge log info-bg">Info</span></td>
        <td>8:58:28 pm</td>
        <td>
          TC_041 COMPLETED - Verify Created Link Response
        </td>
      </tr>
      <tr class="event-row">
        <td><span class="badge log pass-bg">Pass</span></td>
        <td>8:58:28 pm</td>
        <td>
          Test Case Passed: verifyCreatedLinkAndGetResponseCode
        </td>
      </tr>
      <tr class="event-row">
        <td><span class="badge log info-bg">Info</span></td>
        <td>8:58:55 pm</td>
        <td>
          ===== Initializing Home Page before test execution =====
        </td>
      </tr>
      <tr class="event-row">
        <td><span class="badge log info-bg">Info</span></td>
        <td>8:58:55 pm</td>
        <td>
          Navigated to Elements module
        </td>
      </tr>
  </tbody>
</table>
</div>
          </div>
        </li>
        <li class="test-item"  status="pass" test-id="35"
          author=""
          tag="images regression smoke"
          device="">
          <div class="test-detail">
            <p class="name">com.demoqa.webautomation.testcases.ElementsFunctionalityTest.verifyValidImage</p>
            <p class="text-sm">
              <span>8:58:55 pm</span> / <span>00:00:19:045</span>
              <span class="badge pass-bg log float-right">Pass</span>
            </p>
          </div>
          <div class="test-contents d-none">
<div class="detail-head">
<div class="p-v-10">
<div class="info">
<h5 class="test-status text-pass">com.demoqa.webautomation.testcases.ElementsFunctionalityTest.verifyValidImage</h5>
<span class='badge badge-success'>01.22.2026 8:58:55 pm</span>
<span class='badge badge-danger'>01.22.2026 8:59:14 pm</span>
<span class='badge badge-default'>00:00:19:045</span>
&middot; <span class='uri-anchor badge badge-default'>#test-id=35</span>
<span title='Skip to the next failed step' class='badge badge-danger pointer float-right ne ml-1'><i class="fa fa-fast-forward"></i></span>
<span title='Collapse all nodes' class='badge badge-default pointer float-right ct ml-1'><i class="fa fa-compress"></i></span>
<span title='Expand all nodes' class='badge badge-default pointer float-right et'><i class="fa fa-expand"></i></span>
</div>
<div class="m-t-15"><span class="badge badge-pill badge-default">images</span>
<span class="badge badge-pill badge-default">regression</span>
<span class="badge badge-pill badge-default">smoke</span></div>
</div>
</div><div class="detail-body mt-4">
<table class="table table-sm">
  <thead><tr><th class="status-col">Status</th><th class="timestamp-col">Timestamp</th><th class="details-col">Details</th></tr></thead>
  <tbody>
      <tr class="event-row">
        <td><span class="badge log info-bg">Info</span></td>
        <td>8:58:55 pm</td>
        <td>
          Test Started: verifyValidImage
        </td>
      </tr>
      <tr class="event-row">
        <td><span class="badge log info-bg">Info</span></td>
        <td>8:58:55 pm</td>
        <td>
          TC_048 STARTED - Verify Valid Image Is Loaded
        </td>
      </tr>
      <tr class="event-row">
        <td><span class="badge log info-bg">Info</span></td>
        <td>8:58:55 pm</td>
        <td>
          Navigated to Broken Links - Images page
        </td>
      </tr>
      <tr class="event-row">
        <td><span class="badge log info-bg">Info</span></td>
        <td>8:58:55 pm</td>
        <td>
          Valid Image Loaded Status: true
        </td>
      </tr>
      <tr class="event-row">
        <td><span class="badge log info-bg">Info</span></td>
        <td>8:58:55 pm</td>
        <td>
          Valid image loaded successfully
        </td>
      </tr>
      <tr class="event-row">
        <td><span class="badge log info-bg">Info</span></td>
        <td>8:58:55 pm</td>
        <td>
          TC_048 COMPLETED - Verify Valid Image Is Loaded
        </td>
      </tr>
      <tr class="event-row">
        <td><span class="badge log pass-bg">Pass</span></td>
        <td>8:58:55 pm</td>
        <td>
          Test Case Passed: verifyValidImage
        </td>
      </tr>
      <tr class="event-row">
        <td><span class="badge log info-bg">Info</span></td>
        <td>8:59:03 pm</td>
        <td>
          ===== Initializing Home Page before test execution =====
        </td>
      </tr>
      <tr class="event-row">
        <td><span class="badge log info-bg">Info</span></td>
        <td>8:59:14 pm</td>
        <td>
          Navigated to Elements module
        </td>
      </tr>
  </tbody>
</table>
</div>
          </div>
        </li>
        <li class="test-item"  status="pass" test-id="36"
          author=""
          tag="regression filehandling smoke"
          device="">
          <div class="test-detail">
            <p class="name">com.demoqa.webautomation.testcases.ElementsFunctionalityTest.verifyDownloadFunctionality</p>
            <p class="text-sm">
              <span>8:59:14 pm</span> / <span>00:00:31:633</span>
              <span class="badge pass-bg log float-right">Pass</span>
            </p>
          </div>
          <div class="test-contents d-none">
<div class="detail-head">
<div class="p-v-10">
<div class="info">
<h5 class="test-status text-pass">com.demoqa.webautomation.testcases.ElementsFunctionalityTest.verifyDownloadFunctionality</h5>
<span class='badge badge-success'>01.22.2026 8:59:14 pm</span>
<span class='badge badge-danger'>01.22.2026 8:59:46 pm</span>
<span class='badge badge-default'>00:00:31:633</span>
&middot; <span class='uri-anchor badge badge-default'>#test-id=36</span>
<span title='Skip to the next failed step' class='badge badge-danger pointer float-right ne ml-1'><i class="fa fa-fast-forward"></i></span>
<span title='Collapse all nodes' class='badge badge-default pointer float-right ct ml-1'><i class="fa fa-compress"></i></span>
<span title='Expand all nodes' class='badge badge-default pointer float-right et'><i class="fa fa-expand"></i></span>
</div>
<div class="m-t-15"><span class="badge badge-pill badge-default">regression</span>
<span class="badge badge-pill badge-default">filehandling</span>
<span class="badge badge-pill badge-default">smoke</span></div>
</div>
</div><div class="detail-body mt-4">
<table class="table table-sm">
  <thead><tr><th class="status-col">Status</th><th class="timestamp-col">Timestamp</th><th class="details-col">Details</th></tr></thead>
  <tbody>
      <tr class="event-row">
        <td><span class="badge log info-bg">Info</span></td>
        <td>8:59:14 pm</td>
        <td>
          Test Started: verifyDownloadFunctionality
        </td>
      </tr>
      <tr class="event-row">
        <td><span class="badge log info-bg">Info</span></td>
        <td>8:59:14 pm</td>
        <td>
          TC_052 STARTED - Verify Download Functionality
        </td>
      </tr>
      <tr class="event-row">
        <td><span class="badge log info-bg">Info</span></td>
        <td>8:59:14 pm</td>
        <td>
          Navigated to Upload and Download page
        </td>
      </tr>
      <tr class="event-row">
        <td><span class="badge log info-bg">Info</span></td>
        <td>8:59:15 pm</td>
        <td>
          Clicked on Download button
        </td>
      </tr>
      <tr class="event-row">
        <td><span class="badge log info-bg">Info</span></td>
        <td>8:59:16 pm</td>
        <td>
          Downloaded file renamed to: Downloaded_20260122_205916.jpeg
        </td>
      </tr>
      <tr class="event-row">
        <td><span class="badge log info-bg">Info</span></td>
        <td>8:59:16 pm</td>
        <td>
          File present in downloads folder: true
        </td>
      </tr>
      <tr class="event-row">
        <td><span class="badge log info-bg">Info</span></td>
        <td>8:59:16 pm</td>
        <td>
          File downloaded and verified successfully
        </td>
      </tr>
      <tr class="event-row">
        <td><span class="badge log info-bg">Info</span></td>
        <td>8:59:16 pm</td>
        <td>
          TC_052 COMPLETED - Verify Download Functionality
        </td>
      </tr>
      <tr class="event-row">
        <td><span class="badge log pass-bg">Pass</span></td>
        <td>8:59:16 pm</td>
        <td>
          Test Case Passed: verifyDownloadFunctionality
        </td>
      </tr>
      <tr class="event-row">
        <td><span class="badge log info-bg">Info</span></td>
        <td>8:59:45 pm</td>
        <td>
          ===== Initializing Home Page before test execution =====
        </td>
      </tr>
      <tr class="event-row">
        <td><span class="badge log info-bg">Info</span></td>
        <td>8:59:46 pm</td>
        <td>
          Navigated to Elements module
        </td>
      </tr>
  </tbody>
</table>
</div>
          </div>
        </li>
        <li class="test-item"  status="pass" test-id="37"
          author=""
          tag="regression filehandling smoke"
          device="">
          <div class="test-detail">
            <p class="name">com.demoqa.webautomation.testcases.ElementsFunctionalityTest.verifyUploadFileFunctionality</p>
            <p class="text-sm">
              <span>8:59:46 pm</span> / <span>00:00:18:098</span>
              <span class="badge pass-bg log float-right">Pass</span>
            </p>
          </div>
          <div class="test-contents d-none">
<div class="detail-head">
<div class="p-v-10">
<div class="info">
<h5 class="test-status text-pass">com.demoqa.webautomation.testcases.ElementsFunctionalityTest.verifyUploadFileFunctionality</h5>
<span class='badge badge-success'>01.22.2026 8:59:46 pm</span>
<span class='badge badge-danger'>01.22.2026 9:00:04 pm</span>
<span class='badge badge-default'>00:00:18:098</span>
&middot; <span class='uri-anchor badge badge-default'>#test-id=37</span>
<span title='Skip to the next failed step' class='badge badge-danger pointer float-right ne ml-1'><i class="fa fa-fast-forward"></i></span>
<span title='Collapse all nodes' class='badge badge-default pointer float-right ct ml-1'><i class="fa fa-compress"></i></span>
<span title='Expand all nodes' class='badge badge-default pointer float-right et'><i class="fa fa-expand"></i></span>
</div>
<div class="m-t-15"><span class="badge badge-pill badge-default">regression</span>
<span class="badge badge-pill badge-default">filehandling</span>
<span class="badge badge-pill badge-default">smoke</span></div>
</div>
</div><div class="detail-body mt-4">
<table class="table table-sm">
  <thead><tr><th class="status-col">Status</th><th class="timestamp-col">Timestamp</th><th class="details-col">Details</th></tr></thead>
  <tbody>
      <tr class="event-row">
        <td><span class="badge log info-bg">Info</span></td>
        <td>8:59:46 pm</td>
        <td>
          Test Started: verifyUploadFileFunctionality
        </td>
      </tr>
      <tr class="event-row">
        <td><span class="badge log info-bg">Info</span></td>
        <td>8:59:46 pm</td>
        <td>
          TC_053 STARTED - Verify Upload File Functionality
        </td>
      </tr>
      <tr class="event-row">
        <td><span class="badge log info-bg">Info</span></td>
        <td>8:59:46 pm</td>
        <td>
          Navigated to Upload and Download page
        </td>
      </tr>
      <tr class="event-row">
        <td><span class="badge log info-bg">Info</span></td>
        <td>8:59:46 pm</td>
        <td>
          Uploading file from path: D:\QA\DemoQA\downloads\Downloaded_20260118_193135.jpeg
        </td>
      </tr>
      <tr class="event-row">
        <td><span class="badge log info-bg">Info</span></td>
        <td>8:59:46 pm</td>
        <td>
          Uploaded File Status Message: C:\fakepath\Downloaded_20260118_193135.jpeg
        </td>
      </tr>
      <tr class="event-row">
        <td><span class="badge log info-bg">Info</span></td>
        <td>8:59:46 pm</td>
        <td>
          File uploaded successfully and file name verified
        </td>
      </tr>
      <tr class="event-row">
        <td><span class="badge log info-bg">Info</span></td>
        <td>8:59:46 pm</td>
        <td>
          TC_053 COMPLETED - Verify Upload File Functionality
        </td>
      </tr>
      <tr class="event-row">
        <td><span class="badge log pass-bg">Pass</span></td>
        <td>8:59:46 pm</td>
        <td>
          Test Case Passed: verifyUploadFileFunctionality
        </td>
      </tr>
      <tr class="event-row">
        <td><span class="badge log info-bg">Info</span></td>
        <td>9:00:03 pm</td>
        <td>
          ===== Initializing Home Page before test execution =====
        </td>
      </tr>
      <tr class="event-row">
        <td><span class="badge log info-bg">Info</span></td>
        <td>9:00:04 pm</td>
        <td>
          Navigated to Elements module
        </td>
      </tr>
  </tbody>
</table>
</div>
          </div>
        </li>
        <li class="test-item"  status="pass" test-id="38"
          author=""
          tag="regression smoke dynamic"
          device="">
          <div class="test-detail">
            <p class="name">com.demoqa.webautomation.testcases.ElementsFunctionalityTest.verifyRandomIdText</p>
            <p class="text-sm">
              <span>9:00:04 pm</span> / <span>00:00:00:660</span>
              <span class="badge pass-bg log float-right">Pass</span>
            </p>
          </div>
          <div class="test-contents d-none">
<div class="detail-head">
<div class="p-v-10">
<div class="info">
<h5 class="test-status text-pass">com.demoqa.webautomation.testcases.ElementsFunctionalityTest.verifyRandomIdText</h5>
<span class='badge badge-success'>01.22.2026 9:00:04 pm</span>
<span class='badge badge-danger'>01.22.2026 9:00:04 pm</span>
<span class='badge badge-default'>00:00:00:660</span>
&middot; <span class='uri-anchor badge badge-default'>#test-id=38</span>
<span title='Skip to the next failed step' class='badge badge-danger pointer float-right ne ml-1'><i class="fa fa-fast-forward"></i></span>
<span title='Collapse all nodes' class='badge badge-default pointer float-right ct ml-1'><i class="fa fa-compress"></i></span>
<span title='Expand all nodes' class='badge badge-default pointer float-right et'><i class="fa fa-expand"></i></span>
</div>
<div class="m-t-15"><span class="badge badge-pill badge-default">regression</span>
<span class="badge badge-pill badge-default">smoke</span>
<span class="badge badge-pill badge-default">dynamic</span></div>
</div>
</div><div class="detail-body mt-4">
<table class="table table-sm">
  <thead><tr><th class="status-col">Status</th><th class="timestamp-col">Timestamp</th><th class="details-col">Details</th></tr></thead>
  <tbody>
      <tr class="event-row">
        <td><span class="badge log info-bg">Info</span></td>
        <td>9:00:04 pm</td>
        <td>
          Test Started: verifyRandomIdText
        </td>
      </tr>
      <tr class="event-row">
        <td><span class="badge log info-bg">Info</span></td>
        <td>9:00:04 pm</td>
        <td>
          TC_054 STARTED - Verify Random Id Text
        </td>
      </tr>
      <tr class="event-row">
        <td><span class="badge log info-bg">Info</span></td>
        <td>9:00:04 pm</td>
        <td>
          Navigated to Dynamic Properties page
        </td>
      </tr>
      <tr class="event-row">
        <td><span class="badge log info-bg">Info</span></td>
        <td>9:00:04 pm</td>
        <td>
          Random Id Text Displayed: true
        </td>
      </tr>
      <tr class="event-row">
        <td><span class="badge log info-bg">Info</span></td>
        <td>9:00:04 pm</td>
        <td>
          Random Id text verified successfully
        </td>
      </tr>
      <tr class="event-row">
        <td><span class="badge log info-bg">Info</span></td>
        <td>9:00:04 pm</td>
        <td>
          TC_054 COMPLETED - Verify Random Id Text
        </td>
      </tr>
      <tr class="event-row">
        <td><span class="badge log pass-bg">Pass</span></td>
        <td>9:00:04 pm</td>
        <td>
          Test Case Passed: verifyRandomIdText
        </td>
      </tr>
  </tbody>
</table>
</div>
          </div>
        </li>
      </ul>
    </div>
  </div>
<div class="test-content scrollable">
<div class="test-content-tools">
<ul><li><a class="back-to-test" href="#"><i class="fa fa-arrow-left"></i></a></li></ul>
</div>
<div class="test-content-detail"><div class="detail-body"></div></div>
</div></div>
<div class="test-wrapper row view category-view attributes-view">
<div class="test-list">
<div class="test-list-tools">
<ul class="tools pull-left"><li><a href=""><span class="font-size-14">Category</span></a></li></ul>
<ul class="tools text-right"><li><a href="#"><span class="badge badge-primary">13</span></a></li></ul>
</div>
<div class="test-list-wrapper scrollable">
<ul class="test-list-item">
<li class="test-item">
<div class="test-detail">
<span class="meta">
<span class='badge log pass-bg'>1</span>
</span>
<p class="name">radio</p>
<p class="duration text-sm">1 tests</p>
</div>
<div class="test-contents d-none">
<div class="info">
<h4>radio</h4>
<span status="pass" class='badge log pass-bg'>1 passed</span>
</div>
<table class='table table-sm mt-4'>
<thead>
<tr>
<th class="status-col">Status</th>
<th class="timestamp-col">Timestamp</th>
<th>TestName</th>
</tr>
</thead>
<tbody>
<tr class="tag-test-status" status="pass">
<td><span class="badge log pass-bg">Pass</span></td>
<td>20:47:22 pm</td>
<td>
<a href="#" class="linked" test-id='6' id='6'>com.demoqa.webautomation.testcases.ElementsFunctionalityTest.verifyYesRadioButtonSelected</a>
</td>
</tr>
</tbody>
</table>
</div>
</li>
<li class="test-item">
<div class="test-detail">
<span class="meta">
<span class='badge log pass-bg'>1</span>
</span>
<p class="name">dynamic</p>
<p class="duration text-sm">1 tests</p>
</div>
<div class="test-contents d-none">
<div class="info">
<h4>dynamic</h4>
<span status="pass" class='badge log pass-bg'>1 passed</span>
</div>
<table class='table table-sm mt-4'>
<thead>
<tr>
<th class="status-col">Status</th>
<th class="timestamp-col">Timestamp</th>
<th>TestName</th>
</tr>
</thead>
<tbody>
<tr class="tag-test-status" status="pass">
<td><span class="badge log pass-bg">Pass</span></td>
<td>21:00:04 pm</td>
<td>
<a href="#" class="linked" test-id='38' id='38'>com.demoqa.webautomation.testcases.ElementsFunctionalityTest.verifyRandomIdText</a>
</td>
</tr>
</tbody>
</table>
</div>
</li>
<li class="test-item">
<div class="test-detail">
<span class="meta">
<span class='badge log pass-bg'>1</span>
</span>
<p class="name">api</p>
<p class="duration text-sm">1 tests</p>
</div>
<div class="test-contents d-none">
<div class="info">
<h4>api</h4>
<span status="pass" class='badge log pass-bg'>1 passed</span>
</div>
<table class='table table-sm mt-4'>
<thead>
<tr>
<th class="status-col">Status</th>
<th class="timestamp-col">Timestamp</th>
<th>TestName</th>
</tr>
</thead>
<tbody>
<tr class="tag-test-status" status="pass">
<td><span class="badge log pass-bg">Pass</span></td>
<td>20:58:27 pm</td>
<td>
<a href="#" class="linked" test-id='34' id='34'>com.demoqa.webautomation.testcases.ElementsFunctionalityTest.verifyCreatedLinkAndGetResponseCode</a>
</td>
</tr>
</tbody>
</table>
</div>
</li>
<li class="test-item">
<div class="test-detail">
<span class="meta">
<span class='badge log pass-bg'>2</span>
<span class='badge log badge-skip'>1</span>
</span>
<p class="name">links</p>
<p class="duration text-sm">3 tests</p>
</div>
<div class="test-contents d-none">
<div class="info">
<h4>links</h4>
<span status="pass" class='badge log pass-bg'>2 passed</span>
<span status="skip" class='badge log badge-skip'>1 skipped</span>
</div>
<table class='table table-sm mt-4'>
<thead>
<tr>
<th class="status-col">Status</th>
<th class="timestamp-col">Timestamp</th>
<th>TestName</th>
</tr>
</thead>
<tbody>
<tr class="tag-test-status" status="skip">
<td><span class="badge log skip-bg">Skip</span></td>
<td>20:57:29 pm</td>
<td>
<a href="#" class="linked" test-id='32' id='32'>com.demoqa.webautomation.testcases.ElementsFunctionalityTest.verifyLinkOpenInNewTab</a>
</td>
</tr>
<tr class="tag-test-status" status="pass">
<td><span class="badge log pass-bg">Pass</span></td>
<td>20:57:59 pm</td>
<td>
<a href="#" class="linked" test-id='33' id='33'>com.demoqa.webautomation.testcases.ElementsFunctionalityTest.verifyLinkOpenInNewTab</a>
</td>
</tr>
<tr class="tag-test-status" status="pass">
<td><span class="badge log pass-bg">Pass</span></td>
<td>20:58:27 pm</td>
<td>
<a href="#" class="linked" test-id='34' id='34'>com.demoqa.webautomation.testcases.ElementsFunctionalityTest.verifyCreatedLinkAndGetResponseCode</a>
</td>
</tr>
</tbody>
</table>
</div>
</li>
<li class="test-item">
<div class="test-detail">
<span class="meta">
<span class='badge log pass-bg'>2</span>
</span>
<p class="name">checkbox</p>
<p class="duration text-sm">2 tests</p>
</div>
<div class="test-contents d-none">
<div class="info">
<h4>checkbox</h4>
<span status="pass" class='badge log pass-bg'>2 passed</span>
</div>
<table class='table table-sm mt-4'>
<thead>
<tr>
<th class="status-col">Status</th>
<th class="timestamp-col">Timestamp</th>
<th>TestName</th>
</tr>
</thead>
<tbody>
<tr class="tag-test-status" status="pass">
<td><span class="badge log pass-bg">Pass</span></td>
<td>20:46:46 pm</td>
<td>
<a href="#" class="linked" test-id='4' id='4'>com.demoqa.webautomation.testcases.ElementsFunctionalityTest.verifyHomeFolderExpandCollapse</a>
</td>
</tr>
<tr class="tag-test-status" status="pass">
<td><span class="badge log pass-bg">Pass</span></td>
<td>20:47:09 pm</td>
<td>
<a href="#" class="linked" test-id='5' id='5'>com.demoqa.webautomation.testcases.ElementsFunctionalityTest.verifyHomeSelectsAllCheckboxes</a>
</td>
</tr>
</tbody>
</table>
</div>
</li>
<li class="test-item">
<div class="test-detail">
<span class="meta">
<span class='badge log pass-bg'>3</span>
<span class='badge log badge-skip'>2</span>
</span>
<p class="name">buttons</p>
<p class="duration text-sm">5 tests</p>
</div>
<div class="test-contents d-none">
<div class="info">
<h4>buttons</h4>
<span status="pass" class='badge log pass-bg'>3 passed</span>
<span status="skip" class='badge log badge-skip'>2 skipped</span>
</div>
<table class='table table-sm mt-4'>
<thead>
<tr>
<th class="status-col">Status</th>
<th class="timestamp-col">Timestamp</th>
<th>TestName</th>
</tr>
</thead>
<tbody>
<tr class="tag-test-status" status="skip">
<td><span class="badge log skip-bg">Skip</span></td>
<td>20:54:49 pm</td>
<td>
<a href="#" class="linked" test-id='27' id='27'>com.demoqa.webautomation.testcases.ElementsFunctionalityTest.verifyDoubleClickFunctionality</a>
</td>
</tr>
<tr class="tag-test-status" status="skip">
<td><span class="badge log skip-bg">Skip</span></td>
<td>20:55:31 pm</td>
<td>
<a href="#" class="linked" test-id='28' id='28'>com.demoqa.webautomation.testcases.ElementsFunctionalityTest.verifyDoubleClickFunctionality</a>
</td>
</tr>
<tr class="tag-test-status" status="pass">
<td><span class="badge log pass-bg">Pass</span></td>
<td>20:56:18 pm</td>
<td>
<a href="#" class="linked" test-id='29' id='29'>com.demoqa.webautomation.testcases.ElementsFunctionalityTest.verifyDoubleClickFunctionality</a>
</td>
</tr>
<tr class="tag-test-status" status="pass">
<td><span class="badge log pass-bg">Pass</span></td>
<td>20:56:50 pm</td>
<td>
<a href="#" class="linked" test-id='30' id='30'>com.demoqa.webautomation.testcases.ElementsFunctionalityTest.verifyRightClickFunctionality</a>
</td>
</tr>
<tr class="tag-test-status" status="pass">
<td><span class="badge log pass-bg">Pass</span></td>
<td>20:57:06 pm</td>
<td>
<a href="#" class="linked" test-id='31' id='31'>com.demoqa.webautomation.testcases.ElementsFunctionalityTest.verifyClickMeFunctionality</a>
</td>
</tr>
</tbody>
</table>
</div>
</li>
<li class="test-item">
<div class="test-detail">
<span class="meta">
<span class='badge log pass-bg'>3</span>
</span>
<p class="name">textbox</p>
<p class="duration text-sm">3 tests</p>
</div>
<div class="test-contents d-none">
<div class="info">
<h4>textbox</h4>
<span status="pass" class='badge log pass-bg'>3 passed</span>
</div>
<table class='table table-sm mt-4'>
<thead>
<tr>
<th class="status-col">Status</th>
<th class="timestamp-col">Timestamp</th>
<th>TestName</th>
</tr>
</thead>
<tbody>
<tr class="tag-test-status" status="pass">
<td><span class="badge log pass-bg">Pass</span></td>
<td>20:45:52 pm</td>
<td>
<a href="#" class="linked" test-id='1' id='1'>com.demoqa.webautomation.testcases.ElementsFunctionalityTest.verifyFormSubmissionWithValidData</a>
</td>
</tr>
<tr class="tag-test-status" status="pass">
<td><span class="badge log pass-bg">Pass</span></td>
<td>20:46:06 pm</td>
<td>
<a href="#" class="linked" test-id='2' id='2'>com.demoqa.webautomation.testcases.ElementsFunctionalityTest.verifyFormSubmissionWithValidData</a>
</td>
</tr>
<tr class="tag-test-status" status="pass">
<td><span class="badge log pass-bg">Pass</span></td>
<td>20:46:19 pm</td>
<td>
<a href="#" class="linked" test-id='3' id='3'>com.demoqa.webautomation.testcases.ElementsFunctionalityTest.verifyFormSubmissionWithValidData</a>
</td>
</tr>
</tbody>
</table>
</div>
</li>
<li class="test-item">
<div class="test-detail">
<span class="meta">
<span class='badge log pass-bg'>23</span>
<span class='badge log badge-danger'>4</span>
<span class='badge log badge-skip'>11</span>
</span>
<p class="name">smoke</p>
<p class="duration text-sm">38 tests</p>
</div>
<div class="test-contents d-none">
<div class="info">
<h4>smoke</h4>
<span status="pass" class='badge log pass-bg'>23 passed</span>
<span status="fail" class='badge log badge-danger'>4 failed</span>
<span status="skip" class='badge log badge-skip'>11 skipped</span>
</div>
<table class='table table-sm mt-4'>
<thead>
<tr>
<th class="status-col">Status</th>
<th class="timestamp-col">Timestamp</th>
<th>TestName</th>
</tr>
</thead>
<tbody>
<tr class="tag-test-status" status="pass">
<td><span class="badge log pass-bg">Pass</span></td>
<td>20:45:52 pm</td>
<td>
<a href="#" class="linked" test-id='1' id='1'>com.demoqa.webautomation.testcases.ElementsFunctionalityTest.verifyFormSubmissionWithValidData</a>
</td>
</tr>
<tr class="tag-test-status" status="pass">
<td><span class="badge log pass-bg">Pass</span></td>
<td>20:46:06 pm</td>
<td>
<a href="#" class="linked" test-id='2' id='2'>com.demoqa.webautomation.testcases.ElementsFunctionalityTest.verifyFormSubmissionWithValidData</a>
</td>
</tr>
<tr class="tag-test-status" status="pass">
<td><span class="badge log pass-bg">Pass</span></td>
<td>20:46:19 pm</td>
<td>
<a href="#" class="linked" test-id='3' id='3'>com.demoqa.webautomation.testcases.ElementsFunctionalityTest.verifyFormSubmissionWithValidData</a>
</td>
</tr>
<tr class="tag-test-status" status="pass">
<td><span class="badge log pass-bg">Pass</span></td>
<td>20:46:46 pm</td>
<td>
<a href="#" class="linked" test-id='4' id='4'>com.demoqa.webautomation.testcases.ElementsFunctionalityTest.verifyHomeFolderExpandCollapse</a>
</td>
</tr>
<tr class="tag-test-status" status="pass">
<td><span class="badge log pass-bg">Pass</span></td>
<td>20:47:09 pm</td>
<td>
<a href="#" class="linked" test-id='5' id='5'>com.demoqa.webautomation.testcases.ElementsFunctionalityTest.verifyHomeSelectsAllCheckboxes</a>
</td>
</tr>
<tr class="tag-test-status" status="pass">
<td><span class="badge log pass-bg">Pass</span></td>
<td>20:47:22 pm</td>
<td>
<a href="#" class="linked" test-id='6' id='6'>com.demoqa.webautomation.testcases.ElementsFunctionalityTest.verifyYesRadioButtonSelected</a>
</td>
</tr>
<tr class="tag-test-status" status="pass">
<td><span class="badge log pass-bg">Pass</span></td>
<td>20:47:41 pm</td>
<td>
<a href="#" class="linked" test-id='7' id='7'>com.demoqa.webautomation.testcases.ElementsFunctionalityTest.verifyAddButtonOpensRegistrationForm</a>
</td>
</tr>
<tr class="tag-test-status" status="skip">
<td><span class="badge log skip-bg">Skip</span></td>
<td>20:48:03 pm</td>
<td>
<a href="#" class="linked" test-id='8' id='8'>com.demoqa.webautomation.testcases.ElementsFunctionalityTest.verifyAddingNewRecordWithAllValidData</a>
</td>
</tr>
<tr class="tag-test-status" status="skip">
<td><span class="badge log skip-bg">Skip</span></td>
<td>20:48:25 pm</td>
<td>
<a href="#" class="linked" test-id='9' id='9'>com.demoqa.webautomation.testcases.ElementsFunctionalityTest.verifyAddingNewRecordWithAllValidData</a>
</td>
</tr>
<tr class="tag-test-status" status="fail">
<td><span class="badge log fail-bg">Fail</span></td>
<td>20:48:39 pm</td>
<td>
<a href="#" class="linked" test-id='10' id='10'>com.demoqa.webautomation.testcases.ElementsFunctionalityTest.verifyAddingNewRecordWithAllValidData</a>
</td>
</tr>
<tr class="tag-test-status" status="skip">
<td><span class="badge log skip-bg">Skip</span></td>
<td>20:48:52 pm</td>
<td>
<a href="#" class="linked" test-id='11' id='11'>com.demoqa.webautomation.testcases.ElementsFunctionalityTest.verifyAddingNewRecordWithAllValidData</a>
</td>
</tr>
<tr class="tag-test-status" status="skip">
<td><span class="badge log skip-bg">Skip</span></td>
<td>20:49:12 pm</td>
<td>
<a href="#" class="linked" test-id='12' id='12'>com.demoqa.webautomation.testcases.ElementsFunctionalityTest.verifyAddingNewRecordWithAllValidData</a>
</td>
</tr>
<tr class="tag-test-status" status="fail">
<td><span class="badge log fail-bg">Fail</span></td>
<td>20:49:27 pm</td>
<td>
<a href="#" class="linked" test-id='13' id='13'>com.demoqa.webautomation.testcases.ElementsFunctionalityTest.verifyAddingNewRecordWithAllValidData</a>
</td>
</tr>
<tr class="tag-test-status" status="skip">
<td><span class="badge log skip-bg">Skip</span></td>
<td>20:49:43 pm</td>
<td>
<a href="#" class="linked" test-id='14' id='14'>com.demoqa.webautomation.testcases.ElementsFunctionalityTest.verifyAddingNewRecordWithAllValidData</a>
</td>
</tr>
<tr class="tag-test-status" status="skip">
<td><span class="badge log skip-bg">Skip</span></td>
<td>20:49:55 pm</td>
<td>
<a href="#" class="linked" test-id='15' id='15'>com.demoqa.webautomation.testcases.ElementsFunctionalityTest.verifyAddingNewRecordWithAllValidData</a>
</td>
</tr>
<tr class="tag-test-status" status="fail">
<td><span class="badge log fail-bg">Fail</span></td>
<td>20:50:11 pm</td>
<td>
<a href="#" class="linked" test-id='16' id='16'>com.demoqa.webautomation.testcases.ElementsFunctionalityTest.verifyAddingNewRecordWithAllValidData</a>
</td>
</tr>
<tr class="tag-test-status" status="skip">
<td><span class="badge log skip-bg">Skip</span></td>
<td>20:50:29 pm</td>
<td>
<a href="#" class="linked" test-id='17' id='17'>com.demoqa.webautomation.testcases.ElementsFunctionalityTest.verifyAddingNewRecordWithAllValidData</a>
</td>
</tr>
<tr class="tag-test-status" status="skip">
<td><span class="badge log skip-bg">Skip</span></td>
<td>20:50:55 pm</td>
<td>
<a href="#" class="linked" test-id='18' id='18'>com.demoqa.webautomation.testcases.ElementsFunctionalityTest.verifyAddingNewRecordWithAllValidData</a>
</td>
</tr>
<tr class="tag-test-status" status="fail">
<td><span class="badge log fail-bg">Fail</span></td>
<td>20:51:41 pm</td>
<td>
<a href="#" class="linked" test-id='19' id='19'>com.demoqa.webautomation.testcases.ElementsFunctionalityTest.verifyAddingNewRecordWithAllValidData</a>
</td>
</tr>
<tr class="tag-test-status" status="pass">
<td><span class="badge log pass-bg">Pass</span></td>
<td>20:52:01 pm</td>
<td>
<a href="#" class="linked" test-id='20' id='20'>com.demoqa.webautomation.testcases.ElementsFunctionalityTest.verifyEditButtonOpensRecordWithCorrectData</a>
</td>
</tr>
<tr class="tag-test-status" status="pass">
<td><span class="badge log pass-bg">Pass</span></td>
<td>20:52:26 pm</td>
<td>
<a href="#" class="linked" test-id='21' id='21'>com.demoqa.webautomation.testcases.ElementsFunctionalityTest.verifyEditButtonOpensRecordWithCorrectData</a>
</td>
</tr>
<tr class="tag-test-status" status="pass">
<td><span class="badge log pass-bg">Pass</span></td>
<td>20:52:44 pm</td>
<td>
<a href="#" class="linked" test-id='22' id='22'>com.demoqa.webautomation.testcases.ElementsFunctionalityTest.verifyEditButtonOpensRecordWithCorrectData</a>
</td>
</tr>
<tr class="tag-test-status" status="pass">
<td><span class="badge log pass-bg">Pass</span></td>
<td>20:53:09 pm</td>
<td>
<a href="#" class="linked" test-id='23' id='23'>com.demoqa.webautomation.testcases.ElementsFunctionalityTest.verifyDeleteExistingRecord</a>
</td>
</tr>
<tr class="tag-test-status" status="pass">
<td><span class="badge log pass-bg">Pass</span></td>
<td>20:53:55 pm</td>
<td>
<a href="#" class="linked" test-id='24' id='24'>com.demoqa.webautomation.testcases.ElementsFunctionalityTest.verifySearchWithValidFirstName</a>
</td>
</tr>
<tr class="tag-test-status" status="pass">
<td><span class="badge log pass-bg">Pass</span></td>
<td>20:54:13 pm</td>
<td>
<a href="#" class="linked" test-id='25' id='25'>com.demoqa.webautomation.testcases.ElementsFunctionalityTest.verifySearchWithValidFirstName</a>
</td>
</tr>
<tr class="tag-test-status" status="pass">
<td><span class="badge log pass-bg">Pass</span></td>
<td>20:54:35 pm</td>
<td>
<a href="#" class="linked" test-id='26' id='26'>com.demoqa.webautomation.testcases.ElementsFunctionalityTest.verifySearchWithValidFirstName</a>
</td>
</tr>
<tr class="tag-test-status" status="skip">
<td><span class="badge log skip-bg">Skip</span></td>
<td>20:54:49 pm</td>
<td>
<a href="#" class="linked" test-id='27' id='27'>com.demoqa.webautomation.testcases.ElementsFunctionalityTest.verifyDoubleClickFunctionality</a>
</td>
</tr>
<tr class="tag-test-status" status="skip">
<td><span class="badge log skip-bg">Skip</span></td>
<td>20:55:31 pm</td>
<td>
<a href="#" class="linked" test-id='28' id='28'>com.demoqa.webautomation.testcases.ElementsFunctionalityTest.verifyDoubleClickFunctionality</a>
</td>
</tr>
<tr class="tag-test-status" status="pass">
<td><span class="badge log pass-bg">Pass</span></td>
<td>20:56:18 pm</td>
<td>
<a href="#" class="linked" test-id='29' id='29'>com.demoqa.webautomation.testcases.ElementsFunctionalityTest.verifyDoubleClickFunctionality</a>
</td>
</tr>
<tr class="tag-test-status" status="pass">
<td><span class="badge log pass-bg">Pass</span></td>
<td>20:56:50 pm</td>
<td>
<a href="#" class="linked" test-id='30' id='30'>com.demoqa.webautomation.testcases.ElementsFunctionalityTest.verifyRightClickFunctionality</a>
</td>
</tr>
<tr class="tag-test-status" status="pass">
<td><span class="badge log pass-bg">Pass</span></td>
<td>20:57:06 pm</td>
<td>
<a href="#" class="linked" test-id='31' id='31'>com.demoqa.webautomation.testcases.ElementsFunctionalityTest.verifyClickMeFunctionality</a>
</td>
</tr>
<tr class="tag-test-status" status="skip">
<td><span class="badge log skip-bg">Skip</span></td>
<td>20:57:29 pm</td>
<td>
<a href="#" class="linked" test-id='32' id='32'>com.demoqa.webautomation.testcases.ElementsFunctionalityTest.verifyLinkOpenInNewTab</a>
</td>
</tr>
<tr class="tag-test-status" status="pass">
<td><span class="badge log pass-bg">Pass</span></td>
<td>20:57:59 pm</td>
<td>
<a href="#" class="linked" test-id='33' id='33'>com.demoqa.webautomation.testcases.ElementsFunctionalityTest.verifyLinkOpenInNewTab</a>
</td>
</tr>
<tr class="tag-test-status" status="pass">
<td><span class="badge log pass-bg">Pass</span></td>
<td>20:58:27 pm</td>
<td>
<a href="#" class="linked" test-id='34' id='34'>com.demoqa.webautomation.testcases.ElementsFunctionalityTest.verifyCreatedLinkAndGetResponseCode</a>
</td>
</tr>
<tr class="tag-test-status" status="pass">
<td><span class="badge log pass-bg">Pass</span></td>
<td>20:58:55 pm</td>
<td>
<a href="#" class="linked" test-id='35' id='35'>com.demoqa.webautomation.testcases.ElementsFunctionalityTest.verifyValidImage</a>
</td>
</tr>
<tr class="tag-test-status" status="pass">
<td><span class="badge log pass-bg">Pass</span></td>
<td>20:59:14 pm</td>
<td>
<a href="#" class="linked" test-id='36' id='36'>com.demoqa.webautomation.testcases.ElementsFunctionalityTest.verifyDownloadFunctionality</a>
</td>
</tr>
<tr class="tag-test-status" status="pass">
<td><span class="badge log pass-bg">Pass</span></td>
<td>20:59:46 pm</td>
<td>
<a href="#" class="linked" test-id='37' id='37'>com.demoqa.webautomation.testcases.ElementsFunctionalityTest.verifyUploadFileFunctionality</a>
</td>
</tr>
<tr class="tag-test-status" status="pass">
<td><span class="badge log pass-bg">Pass</span></td>
<td>21:00:04 pm</td>
<td>
<a href="#" class="linked" test-id='38' id='38'>com.demoqa.webautomation.testcases.ElementsFunctionalityTest.verifyRandomIdText</a>
</td>
</tr>
</tbody>
</table>
</div>
</li>
<li class="test-item">
<div class="test-detail">
<span class="meta">
<span class='badge log pass-bg'>5</span>
<span class='badge log badge-danger'>4</span>
<span class='badge log badge-skip'>8</span>
</span>
<p class="name">webtable</p>
<p class="duration text-sm">17 tests</p>
</div>
<div class="test-contents d-none">
<div class="info">
<h4>webtable</h4>
<span status="pass" class='badge log pass-bg'>5 passed</span>
<span status="fail" class='badge log badge-danger'>4 failed</span>
<span status="skip" class='badge log badge-skip'>8 skipped</span>
</div>
<table class='table table-sm mt-4'>
<thead>
<tr>
<th class="status-col">Status</th>
<th class="timestamp-col">Timestamp</th>
<th>TestName</th>
</tr>
</thead>
<tbody>
<tr class="tag-test-status" status="pass">
<td><span class="badge log pass-bg">Pass</span></td>
<td>20:47:41 pm</td>
<td>
<a href="#" class="linked" test-id='7' id='7'>com.demoqa.webautomation.testcases.ElementsFunctionalityTest.verifyAddButtonOpensRegistrationForm</a>
</td>
</tr>
<tr class="tag-test-status" status="skip">
<td><span class="badge log skip-bg">Skip</span></td>
<td>20:48:03 pm</td>
<td>
<a href="#" class="linked" test-id='8' id='8'>com.demoqa.webautomation.testcases.ElementsFunctionalityTest.verifyAddingNewRecordWithAllValidData</a>
</td>
</tr>
<tr class="tag-test-status" status="skip">
<td><span class="badge log skip-bg">Skip</span></td>
<td>20:48:25 pm</td>
<td>
<a href="#" class="linked" test-id='9' id='9'>com.demoqa.webautomation.testcases.ElementsFunctionalityTest.verifyAddingNewRecordWithAllValidData</a>
</td>
</tr>
<tr class="tag-test-status" status="fail">
<td><span class="badge log fail-bg">Fail</span></td>
<td>20:48:39 pm</td>
<td>
<a href="#" class="linked" test-id='10' id='10'>com.demoqa.webautomation.testcases.ElementsFunctionalityTest.verifyAddingNewRecordWithAllValidData</a>
</td>
</tr>
<tr class="tag-test-status" status="skip">
<td><span class="badge log skip-bg">Skip</span></td>
<td>20:48:52 pm</td>
<td>
<a href="#" class="linked" test-id='11' id='11'>com.demoqa.webautomation.testcases.ElementsFunctionalityTest.verifyAddingNewRecordWithAllValidData</a>
</td>
</tr>
<tr class="tag-test-status" status="skip">
<td><span class="badge log skip-bg">Skip</span></td>
<td>20:49:12 pm</td>
<td>
<a href="#" class="linked" test-id='12' id='12'>com.demoqa.webautomation.testcases.ElementsFunctionalityTest.verifyAddingNewRecordWithAllValidData</a>
</td>
</tr>
<tr class="tag-test-status" status="fail">
<td><span class="badge log fail-bg">Fail</span></td>
<td>20:49:27 pm</td>
<td>
<a href="#" class="linked" test-id='13' id='13'>com.demoqa.webautomation.testcases.ElementsFunctionalityTest.verifyAddingNewRecordWithAllValidData</a>
</td>
</tr>
<tr class="tag-test-status" status="skip">
<td><span class="badge log skip-bg">Skip</span></td>
<td>20:49:43 pm</td>
<td>
<a href="#" class="linked" test-id='14' id='14'>com.demoqa.webautomation.testcases.ElementsFunctionalityTest.verifyAddingNewRecordWithAllValidData</a>
</td>
</tr>
<tr class="tag-test-status" status="skip">
<td><span class="badge log skip-bg">Skip</span></td>
<td>20:49:55 pm</td>
<td>
<a href="#" class="linked" test-id='15' id='15'>com.demoqa.webautomation.testcases.ElementsFunctionalityTest.verifyAddingNewRecordWithAllValidData</a>
</td>
</tr>
<tr class="tag-test-status" status="fail">
<td><span class="badge log fail-bg">Fail</span></td>
<td>20:50:11 pm</td>
<td>
<a href="#" class="linked" test-id='16' id='16'>com.demoqa.webautomation.testcases.ElementsFunctionalityTest.verifyAddingNewRecordWithAllValidData</a>
</td>
</tr>
<tr class="tag-test-status" status="skip">
<td><span class="badge log skip-bg">Skip</span></td>
<td>20:50:29 pm</td>
<td>
<a href="#" class="linked" test-id='17' id='17'>com.demoqa.webautomation.testcases.ElementsFunctionalityTest.verifyAddingNewRecordWithAllValidData</a>
</td>
</tr>
<tr class="tag-test-status" status="skip">
<td><span class="badge log skip-bg">Skip</span></td>
<td>20:50:55 pm</td>
<td>
<a href="#" class="linked" test-id='18' id='18'>com.demoqa.webautomation.testcases.ElementsFunctionalityTest.verifyAddingNewRecordWithAllValidData</a>
</td>
</tr>
<tr class="tag-test-status" status="fail">
<td><span class="badge log fail-bg">Fail</span></td>
<td>20:51:41 pm</td>
<td>
<a href="#" class="linked" test-id='19' id='19'>com.demoqa.webautomation.testcases.ElementsFunctionalityTest.verifyAddingNewRecordWithAllValidData</a>
</td>
</tr>
<tr class="tag-test-status" status="pass">
<td><span class="badge log pass-bg">Pass</span></td>
<td>20:52:01 pm</td>
<td>
<a href="#" class="linked" test-id='20' id='20'>com.demoqa.webautomation.testcases.ElementsFunctionalityTest.verifyEditButtonOpensRecordWithCorrectData</a>
</td>
</tr>
<tr class="tag-test-status" status="pass">
<td><span class="badge log pass-bg">Pass</span></td>
<td>20:52:26 pm</td>
<td>
<a href="#" class="linked" test-id='21' id='21'>com.demoqa.webautomation.testcases.ElementsFunctionalityTest.verifyEditButtonOpensRecordWithCorrectData</a>
</td>
</tr>
<tr class="tag-test-status" status="pass">
<td><span class="badge log pass-bg">Pass</span></td>
<td>20:52:44 pm</td>
<td>
<a href="#" class="linked" test-id='22' id='22'>com.demoqa.webautomation.testcases.ElementsFunctionalityTest.verifyEditButtonOpensRecordWithCorrectData</a>
</td>
</tr>
<tr class="tag-test-status" status="pass">
<td><span class="badge log pass-bg">Pass</span></td>
<td>20:53:09 pm</td>
<td>
<a href="#" class="linked" test-id='23' id='23'>com.demoqa.webautomation.testcases.ElementsFunctionalityTest.verifyDeleteExistingRecord</a>
</td>
</tr>
</tbody>
</table>
</div>
</li>
<li class="test-item">
<div class="test-detail">
<span class="meta">
<span class='badge log pass-bg'>1</span>
</span>
<p class="name">images</p>
<p class="duration text-sm">1 tests</p>
</div>
<div class="test-contents d-none">
<div class="info">
<h4>images</h4>
<span status="pass" class='badge log pass-bg'>1 passed</span>
</div>
<table class='table table-sm mt-4'>
<thead>
<tr>
<th class="status-col">Status</th>
<th class="timestamp-col">Timestamp</th>
<th>TestName</th>
</tr>
</thead>
<tbody>
<tr class="tag-test-status" status="pass">
<td><span class="badge log pass-bg">Pass</span></td>
<td>20:58:55 pm</td>
<td>
<a href="#" class="linked" test-id='35' id='35'>com.demoqa.webautomation.testcases.ElementsFunctionalityTest.verifyValidImage</a>
</td>
</tr>
</tbody>
</table>
</div>
</li>
<li class="test-item">
<div class="test-detail">
<span class="meta">
<span class='badge log pass-bg'>3</span>
</span>
<p class="name">searchBox</p>
<p class="duration text-sm">3 tests</p>
</div>
<div class="test-contents d-none">
<div class="info">
<h4>searchBox</h4>
<span status="pass" class='badge log pass-bg'>3 passed</span>
</div>
<table class='table table-sm mt-4'>
<thead>
<tr>
<th class="status-col">Status</th>
<th class="timestamp-col">Timestamp</th>
<th>TestName</th>
</tr>
</thead>
<tbody>
<tr class="tag-test-status" status="pass">
<td><span class="badge log pass-bg">Pass</span></td>
<td>20:53:55 pm</td>
<td>
<a href="#" class="linked" test-id='24' id='24'>com.demoqa.webautomation.testcases.ElementsFunctionalityTest.verifySearchWithValidFirstName</a>
</td>
</tr>
<tr class="tag-test-status" status="pass">
<td><span class="badge log pass-bg">Pass</span></td>
<td>20:54:13 pm</td>
<td>
<a href="#" class="linked" test-id='25' id='25'>com.demoqa.webautomation.testcases.ElementsFunctionalityTest.verifySearchWithValidFirstName</a>
</td>
</tr>
<tr class="tag-test-status" status="pass">
<td><span class="badge log pass-bg">Pass</span></td>
<td>20:54:35 pm</td>
<td>
<a href="#" class="linked" test-id='26' id='26'>com.demoqa.webautomation.testcases.ElementsFunctionalityTest.verifySearchWithValidFirstName</a>
</td>
</tr>
</tbody>
</table>
</div>
</li>
<li class="test-item">
<div class="test-detail">
<span class="meta">
<span class='badge log pass-bg'>2</span>
</span>
<p class="name">filehandling</p>
<p class="duration text-sm">2 tests</p>
</div>
<div class="test-contents d-none">
<div class="info">
<h4>filehandling</h4>
<span status="pass" class='badge log pass-bg'>2 passed</span>
</div>
<table class='table table-sm mt-4'>
<thead>
<tr>
<th class="status-col">Status</th>
<th class="timestamp-col">Timestamp</th>
<th>TestName</th>
</tr>
</thead>
<tbody>
<tr class="tag-test-status" status="pass">
<td><span class="badge log pass-bg">Pass</span></td>
<td>20:59:14 pm</td>
<td>
<a href="#" class="linked" test-id='36' id='36'>com.demoqa.webautomation.testcases.ElementsFunctionalityTest.verifyDownloadFunctionality</a>
</td>
</tr>
<tr class="tag-test-status" status="pass">
<td><span class="badge log pass-bg">Pass</span></td>
<td>20:59:46 pm</td>
<td>
<a href="#" class="linked" test-id='37' id='37'>com.demoqa.webautomation.testcases.ElementsFunctionalityTest.verifyUploadFileFunctionality</a>
</td>
</tr>
</tbody>
</table>
</div>
</li>
<li class="test-item">
<div class="test-detail">
<span class="meta">
<span class='badge log pass-bg'>23</span>
<span class='badge log badge-danger'>4</span>
<span class='badge log badge-skip'>11</span>
</span>
<p class="name">regression</p>
<p class="duration text-sm">38 tests</p>
</div>
<div class="test-contents d-none">
<div class="info">
<h4>regression</h4>
<span status="pass" class='badge log pass-bg'>23 passed</span>
<span status="fail" class='badge log badge-danger'>4 failed</span>
<span status="skip" class='badge log badge-skip'>11 skipped</span>
</div>
<table class='table table-sm mt-4'>
<thead>
<tr>
<th class="status-col">Status</th>
<th class="timestamp-col">Timestamp</th>
<th>TestName</th>
</tr>
</thead>
<tbody>
<tr class="tag-test-status" status="pass">
<td><span class="badge log pass-bg">Pass</span></td>
<td>20:45:52 pm</td>
<td>
<a href="#" class="linked" test-id='1' id='1'>com.demoqa.webautomation.testcases.ElementsFunctionalityTest.verifyFormSubmissionWithValidData</a>
</td>
</tr>
<tr class="tag-test-status" status="pass">
<td><span class="badge log pass-bg">Pass</span></td>
<td>20:46:06 pm</td>
<td>
<a href="#" class="linked" test-id='2' id='2'>com.demoqa.webautomation.testcases.ElementsFunctionalityTest.verifyFormSubmissionWithValidData</a>
</td>
</tr>
<tr class="tag-test-status" status="pass">
<td><span class="badge log pass-bg">Pass</span></td>
<td>20:46:19 pm</td>
<td>
<a href="#" class="linked" test-id='3' id='3'>com.demoqa.webautomation.testcases.ElementsFunctionalityTest.verifyFormSubmissionWithValidData</a>
</td>
</tr>
<tr class="tag-test-status" status="pass">
<td><span class="badge log pass-bg">Pass</span></td>
<td>20:46:46 pm</td>
<td>
<a href="#" class="linked" test-id='4' id='4'>com.demoqa.webautomation.testcases.ElementsFunctionalityTest.verifyHomeFolderExpandCollapse</a>
</td>
</tr>
<tr class="tag-test-status" status="pass">
<td><span class="badge log pass-bg">Pass</span></td>
<td>20:47:09 pm</td>
<td>
<a href="#" class="linked" test-id='5' id='5'>com.demoqa.webautomation.testcases.ElementsFunctionalityTest.verifyHomeSelectsAllCheckboxes</a>
</td>
</tr>
<tr class="tag-test-status" status="pass">
<td><span class="badge log pass-bg">Pass</span></td>
<td>20:47:22 pm</td>
<td>
<a href="#" class="linked" test-id='6' id='6'>com.demoqa.webautomation.testcases.ElementsFunctionalityTest.verifyYesRadioButtonSelected</a>
</td>
</tr>
<tr class="tag-test-status" status="pass">
<td><span class="badge log pass-bg">Pass</span></td>
<td>20:47:41 pm</td>
<td>
<a href="#" class="linked" test-id='7' id='7'>com.demoqa.webautomation.testcases.ElementsFunctionalityTest.verifyAddButtonOpensRegistrationForm</a>
</td>
</tr>
<tr class="tag-test-status" status="skip">
<td><span class="badge log skip-bg">Skip</span></td>
<td>20:48:03 pm</td>
<td>
<a href="#" class="linked" test-id='8' id='8'>com.demoqa.webautomation.testcases.ElementsFunctionalityTest.verifyAddingNewRecordWithAllValidData</a>
</td>
</tr>
<tr class="tag-test-status" status="skip">
<td><span class="badge log skip-bg">Skip</span></td>
<td>20:48:25 pm</td>
<td>
<a href="#" class="linked" test-id='9' id='9'>com.demoqa.webautomation.testcases.ElementsFunctionalityTest.verifyAddingNewRecordWithAllValidData</a>
</td>
</tr>
<tr class="tag-test-status" status="fail">
<td><span class="badge log fail-bg">Fail</span></td>
<td>20:48:39 pm</td>
<td>
<a href="#" class="linked" test-id='10' id='10'>com.demoqa.webautomation.testcases.ElementsFunctionalityTest.verifyAddingNewRecordWithAllValidData</a>
</td>
</tr>
<tr class="tag-test-status" status="skip">
<td><span class="badge log skip-bg">Skip</span></td>
<td>20:48:52 pm</td>
<td>
<a href="#" class="linked" test-id='11' id='11'>com.demoqa.webautomation.testcases.ElementsFunctionalityTest.verifyAddingNewRecordWithAllValidData</a>
</td>
</tr>
<tr class="tag-test-status" status="skip">
<td><span class="badge log skip-bg">Skip</span></td>
<td>20:49:12 pm</td>
<td>
<a href="#" class="linked" test-id='12' id='12'>com.demoqa.webautomation.testcases.ElementsFunctionalityTest.verifyAddingNewRecordWithAllValidData</a>
</td>
</tr>
<tr class="tag-test-status" status="fail">
<td><span class="badge log fail-bg">Fail</span></td>
<td>20:49:27 pm</td>
<td>
<a href="#" class="linked" test-id='13' id='13'>com.demoqa.webautomation.testcases.ElementsFunctionalityTest.verifyAddingNewRecordWithAllValidData</a>
</td>
</tr>
<tr class="tag-test-status" status="skip">
<td><span class="badge log skip-bg">Skip</span></td>
<td>20:49:43 pm</td>
<td>
<a href="#" class="linked" test-id='14' id='14'>com.demoqa.webautomation.testcases.ElementsFunctionalityTest.verifyAddingNewRecordWithAllValidData</a>
</td>
</tr>
<tr class="tag-test-status" status="skip">
<td><span class="badge log skip-bg">Skip</span></td>
<td>20:49:55 pm</td>
<td>
<a href="#" class="linked" test-id='15' id='15'>com.demoqa.webautomation.testcases.ElementsFunctionalityTest.verifyAddingNewRecordWithAllValidData</a>
</td>
</tr>
<tr class="tag-test-status" status="fail">
<td><span class="badge log fail-bg">Fail</span></td>
<td>20:50:11 pm</td>
<td>
<a href="#" class="linked" test-id='16' id='16'>com.demoqa.webautomation.testcases.ElementsFunctionalityTest.verifyAddingNewRecordWithAllValidData</a>
</td>
</tr>
<tr class="tag-test-status" status="skip">
<td><span class="badge log skip-bg">Skip</span></td>
<td>20:50:29 pm</td>
<td>
<a href="#" class="linked" test-id='17' id='17'>com.demoqa.webautomation.testcases.ElementsFunctionalityTest.verifyAddingNewRecordWithAllValidData</a>
</td>
</tr>
<tr class="tag-test-status" status="skip">
<td><span class="badge log skip-bg">Skip</span></td>
<td>20:50:55 pm</td>
<td>
<a href="#" class="linked" test-id='18' id='18'>com.demoqa.webautomation.testcases.ElementsFunctionalityTest.verifyAddingNewRecordWithAllValidData</a>
</td>
</tr>
<tr class="tag-test-status" status="fail">
<td><span class="badge log fail-bg">Fail</span></td>
<td>20:51:41 pm</td>
<td>
<a href="#" class="linked" test-id='19' id='19'>com.demoqa.webautomation.testcases.ElementsFunctionalityTest.verifyAddingNewRecordWithAllValidData</a>
</td>
</tr>
<tr class="tag-test-status" status="pass">
<td><span class="badge log pass-bg">Pass</span></td>
<td>20:52:01 pm</td>
<td>
<a href="#" class="linked" test-id='20' id='20'>com.demoqa.webautomation.testcases.ElementsFunctionalityTest.verifyEditButtonOpensRecordWithCorrectData</a>
</td>
</tr>
<tr class="tag-test-status" status="pass">
<td><span class="badge log pass-bg">Pass</span></td>
<td>20:52:26 pm</td>
<td>
<a href="#" class="linked" test-id='21' id='21'>com.demoqa.webautomation.testcases.ElementsFunctionalityTest.verifyEditButtonOpensRecordWithCorrectData</a>
</td>
</tr>
<tr class="tag-test-status" status="pass">
<td><span class="badge log pass-bg">Pass</span></td>
<td>20:52:44 pm</td>
<td>
<a href="#" class="linked" test-id='22' id='22'>com.demoqa.webautomation.testcases.ElementsFunctionalityTest.verifyEditButtonOpensRecordWithCorrectData</a>
</td>
</tr>
<tr class="tag-test-status" status="pass">
<td><span class="badge log pass-bg">Pass</span></td>
<td>20:53:09 pm</td>
<td>
<a href="#" class="linked" test-id='23' id='23'>com.demoqa.webautomation.testcases.ElementsFunctionalityTest.verifyDeleteExistingRecord</a>
</td>
</tr>
<tr class="tag-test-status" status="pass">
<td><span class="badge log pass-bg">Pass</span></td>
<td>20:53:55 pm</td>
<td>
<a href="#" class="linked" test-id='24' id='24'>com.demoqa.webautomation.testcases.ElementsFunctionalityTest.verifySearchWithValidFirstName</a>
</td>
</tr>
<tr class="tag-test-status" status="pass">
<td><span class="badge log pass-bg">Pass</span></td>
<td>20:54:13 pm</td>
<td>
<a href="#" class="linked" test-id='25' id='25'>com.demoqa.webautomation.testcases.ElementsFunctionalityTest.verifySearchWithValidFirstName</a>
</td>
</tr>
<tr class="tag-test-status" status="pass">
<td><span class="badge log pass-bg">Pass</span></td>
<td>20:54:35 pm</td>
<td>
<a href="#" class="linked" test-id='26' id='26'>com.demoqa.webautomation.testcases.ElementsFunctionalityTest.verifySearchWithValidFirstName</a>
</td>
</tr>
<tr class="tag-test-status" status="skip">
<td><span class="badge log skip-bg">Skip</span></td>
<td>20:54:49 pm</td>
<td>
<a href="#" class="linked" test-id='27' id='27'>com.demoqa.webautomation.testcases.ElementsFunctionalityTest.verifyDoubleClickFunctionality</a>
</td>
</tr>
<tr class="tag-test-status" status="skip">
<td><span class="badge log skip-bg">Skip</span></td>
<td>20:55:31 pm</td>
<td>
<a href="#" class="linked" test-id='28' id='28'>com.demoqa.webautomation.testcases.ElementsFunctionalityTest.verifyDoubleClickFunctionality</a>
</td>
</tr>
<tr class="tag-test-status" status="pass">
<td><span class="badge log pass-bg">Pass</span></td>
<td>20:56:18 pm</td>
<td>
<a href="#" class="linked" test-id='29' id='29'>com.demoqa.webautomation.testcases.ElementsFunctionalityTest.verifyDoubleClickFunctionality</a>
</td>
</tr>
<tr class="tag-test-status" status="pass">
<td><span class="badge log pass-bg">Pass</span></td>
<td>20:56:50 pm</td>
<td>
<a href="#" class="linked" test-id='30' id='30'>com.demoqa.webautomation.testcases.ElementsFunctionalityTest.verifyRightClickFunctionality</a>
</td>
</tr>
<tr class="tag-test-status" status="pass">
<td><span class="badge log pass-bg">Pass</span></td>
<td>20:57:06 pm</td>
<td>
<a href="#" class="linked" test-id='31' id='31'>com.demoqa.webautomation.testcases.ElementsFunctionalityTest.verifyClickMeFunctionality</a>
</td>
</tr>
<tr class="tag-test-status" status="skip">
<td><span class="badge log skip-bg">Skip</span></td>
<td>20:57:29 pm</td>
<td>
<a href="#" class="linked" test-id='32' id='32'>com.demoqa.webautomation.testcases.ElementsFunctionalityTest.verifyLinkOpenInNewTab</a>
</td>
</tr>
<tr class="tag-test-status" status="pass">
<td><span class="badge log pass-bg">Pass</span></td>
<td>20:57:59 pm</td>
<td>
<a href="#" class="linked" test-id='33' id='33'>com.demoqa.webautomation.testcases.ElementsFunctionalityTest.verifyLinkOpenInNewTab</a>
</td>
</tr>
<tr class="tag-test-status" status="pass">
<td><span class="badge log pass-bg">Pass</span></td>
<td>20:58:27 pm</td>
<td>
<a href="#" class="linked" test-id='34' id='34'>com.demoqa.webautomation.testcases.ElementsFunctionalityTest.verifyCreatedLinkAndGetResponseCode</a>
</td>
</tr>
<tr class="tag-test-status" status="pass">
<td><span class="badge log pass-bg">Pass</span></td>
<td>20:58:55 pm</td>
<td>
<a href="#" class="linked" test-id='35' id='35'>com.demoqa.webautomation.testcases.ElementsFunctionalityTest.verifyValidImage</a>
</td>
</tr>
<tr class="tag-test-status" status="pass">
<td><span class="badge log pass-bg">Pass</span></td>
<td>20:59:14 pm</td>
<td>
<a href="#" class="linked" test-id='36' id='36'>com.demoqa.webautomation.testcases.ElementsFunctionalityTest.verifyDownloadFunctionality</a>
</td>
</tr>
<tr class="tag-test-status" status="pass">
<td><span class="badge log pass-bg">Pass</span></td>
<td>20:59:46 pm</td>
<td>
<a href="#" class="linked" test-id='37' id='37'>com.demoqa.webautomation.testcases.ElementsFunctionalityTest.verifyUploadFileFunctionality</a>
</td>
</tr>
<tr class="tag-test-status" status="pass">
<td><span class="badge log pass-bg">Pass</span></td>
<td>21:00:04 pm</td>
<td>
<a href="#" class="linked" test-id='38' id='38'>com.demoqa.webautomation.testcases.ElementsFunctionalityTest.verifyRandomIdText</a>
</td>
</tr>
</tbody>
</table>
</div>
</li>
</ul>
</div>
</div>
<div class="test-content scrollable">
<div class="test-content-detail">
<div class="detail-body"></div>
</div>
</div>
</div><div class="container-fluid p-4 view dashboard-view">
<div class="row">
<div class="col-md-3">
<div class="card"><div class="card-body">
<p class="m-b-0">Started</p>
<h3>Jan 22, 2026 08:45:39 pm</h3>
</div></div>
</div>
<div class="col-md-3">
<div class="card"><div class="card-body">
<p class="m-b-0">Ended</p>
<h3>Jan 22, 2026 09:00:05 pm</h3>
</div></div>
</div>
<div class="col-md-3">
<div class="card"><div class="card-body">
<p class="m-b-0 text-pass">Tests Passed</p>
<h3>23</h3>
</div></div>
</div>
<div class="col-md-3">
<div class="card"><div class="card-body">
<p class="m-b-0 text-fail">Tests Failed</p>
<h3>4</h3>
</div></div>
</div>
</div>
<div class="row">
<div class="col-md-6">
<div class="card">
<div class="card-header">
<h6 class="card-title">Tests</h6>
</div>
<div class="card-body">
<div class="">
<canvas id='parent-analysis' width='115' height='90'></canvas>
</div>
</div>
<div class="card-footer">
<div><small data-tooltip='60%'>
<b>23</b> tests passed
</small>
</div>
<div>
<small data-tooltip='10%'><b>4</b> tests failed,
<b>11</b> skipped, <b data-tooltip='0%'>0</b> others
</small>
</div>
</div>
</div>
</div>
<div class="col-md-6">
<div class="card">
<div class="card-header">
<h6 class="card-title">Log events</h6>
</div>
<div class="card-body">
<div class="">
<canvas id='events-analysis' width='115' height='90'></canvas>
</div>
</div>
<div class="card-footer">
<div><small data-tooltip='4%'><b>23</b> events passed</small></div>
<div>
<small data-tooltip='1%'><b>8</b> events failed,
<b data-tooltip='%'>468</b> others
</small>
</div>
</div>
</div>
</div>
</div>
<div class="row"><div class="col-md-12">
<div class="card"><div class="card-header"><p>Timeline</p></div>
<div class="card-body pt-0"><div>
<canvas id="timeline" height="120"></canvas>
</div></div>
</div>
</div></div>
<script>
var timeline = {
"com.demoqa.webautomation.testcases.ElementsFunctionalityTest.verifyFormSubmissionWithValidData":13.99,"com.demoqa.webautomation.testcases.ElementsFunctionalityTest.verifyFormSubmissionWithValidData":13.255,"com.demoqa.webautomation.testcases.ElementsFunctionalityTest.verifyFormSubmissionWithValidData":26.883,"com.demoqa.webautomation.testcases.ElementsFunctionalityTest.verifyHomeFolderExpandCollapse":23.268,"com.demoqa.webautomation.testcases.ElementsFunctionalityTest.verifyHomeSelectsAllCheckboxes":12.348,"com.demoqa.webautomation.testcases.ElementsFunctionalityTest.verifyYesRadioButtonSelected":19.595,"com.demoqa.webautomation.testcases.ElementsFunctionalityTest.verifyAddButtonOpensRegistrationForm":21.637,"com.demoqa.webautomation.testcases.ElementsFunctionalityTest.verifyAddingNewRecordWithAllValidData":21.608,"com.demoqa.webautomation.testcases.ElementsFunctionalityTest.verifyAddingNewRecordWithAllValidData":13.837,"com.demoqa.webautomation.testcases.ElementsFunctionalityTest.verifyAddingNewRecordWithAllValidData":13.741,"com.demoqa.webautomation.testcases.ElementsFunctionalityTest.verifyAddingNewRecordWithAllValidData":19.681,"com.demoqa.webautomation.testcases.ElementsFunctionalityTest.verifyAddingNewRecordWithAllValidData":15.401,"com.demoqa.webautomation.testcases.ElementsFunctionalityTest.verifyAddingNewRecordWithAllValidData":15.208,"com.demoqa.webautomation.testcases.ElementsFunctionalityTest.verifyAddingNewRecordWithAllValidData":12.54,"com.demoqa.webautomation.testcases.ElementsFunctionalityTest.verifyAddingNewRecordWithAllValidData":15.871,"com.demoqa.webautomation.testcases.ElementsFunctionalityTest.verifyAddingNewRecordWithAllValidData":17.963,"com.demoqa.webautomation.testcases.ElementsFunctionalityTest.verifyAddingNewRecordWithAllValidData":25.563,"com.demoqa.webautomation.testcases.ElementsFunctionalityTest.verifyAddingNewRecordWithAllValidData":46.007,"com.demoqa.webautomation.testcases.ElementsFunctionalityTest.verifyAddingNewRecordWithAllValidData":20.628,"com.demoqa.webautomation.testcases.ElementsFunctionalityTest.verifyEditButtonOpensRecordWithCorrectData":25.099,"com.demoqa.webautomation.testcases.ElementsFunctionalityTest.verifyEditButtonOpensRecordWithCorrectData":17.814,"com.demoqa.webautomation.testcases.ElementsFunctionalityTest.verifyEditButtonOpensRecordWithCorrectData":24.938,"com.demoqa.webautomation.testcases.ElementsFunctionalityTest.verifyDeleteExistingRecord":46.347,"com.demoqa.webautomation.testcases.ElementsFunctionalityTest.verifySearchWithValidFirstName":17.185,"com.demoqa.webautomation.testcases.ElementsFunctionalityTest.verifySearchWithValidFirstName":22.772,"com.demoqa.webautomation.testcases.ElementsFunctionalityTest.verifySearchWithValidFirstName":13.901,"com.demoqa.webautomation.testcases.ElementsFunctionalityTest.verifyDoubleClickFunctionality":42.155,"com.demoqa.webautomation.testcases.ElementsFunctionalityTest.verifyDoubleClickFunctionality":46.369,"com.demoqa.webautomation.testcases.ElementsFunctionalityTest.verifyDoubleClickFunctionality":31.982,"com.demoqa.webautomation.testcases.ElementsFunctionalityTest.verifyRightClickFunctionality":16.672,"com.demoqa.webautomation.testcases.ElementsFunctionalityTest.verifyClickMeFunctionality":22.598,"com.demoqa.webautomation.testcases.ElementsFunctionalityTest.verifyLinkOpenInNewTab":29.493,"com.demoqa.webautomation.testcases.ElementsFunctionalityTest.verifyLinkOpenInNewTab":28.237,"com.demoqa.webautomation.testcases.ElementsFunctionalityTest.verifyCreatedLinkAndGetResponseCode":28.075,"com.demoqa.webautomation.testcases.ElementsFunctionalityTest.verifyValidImage":19.045,"com.demoqa.webautomation.testcases.ElementsFunctionalityTest.verifyDownloadFunctionality":31.633,"com.demoqa.webautomation.testcases.ElementsFunctionalityTest.verifyUploadFileFunctionality":18.098,"com.demoqa.webautomation.testcases.ElementsFunctionalityTest.verifyRandomIdText":0.66
};
</script>
<div class="row">
<div class="col-lg-6 col-md-12 category-container">
<div class="card">
<div class="card-header"><p>Tags</p></div>
<div class="card-body pb-0 pt-0"><table class="table table-sm table-bordered">
<thead><tr class="bg-gray"><th>Name</th><th>Passed</th><th>Failed</th><th>Skipped</th><th>Others</th><th>Passed %</th></tr></thead><tbody>
<tr>
<td>radio</td>
<td>1</td>
<td>0</td>
<td>0</td>
<td>0</td>
<td>100%</td>
</tr>
<tr>
<td>dynamic</td>
<td>1</td>
<td>0</td>
<td>0</td>
<td>0</td>
<td>100%</td>
</tr>
<tr>
<td>api</td>
<td>1</td>
<td>0</td>
<td>0</td>
<td>0</td>
<td>100%</td>
</tr>
<tr>
<td>links</td>
<td>2</td>
<td>0</td>
<td>1</td>
<td>0</td>
<td>66.667%</td>
</tr>
<tr>
<td>checkbox</td>
<td>2</td>
<td>0</td>
<td>0</td>
<td>0</td>
<td>100%</td>
</tr>
<tr>
<td>buttons</td>
<td>3</td>
<td>0</td>
<td>2</td>
<td>0</td>
<td>60%</td>
</tr>
<tr>
<td>textbox</td>
<td>3</td>
<td>0</td>
<td>0</td>
<td>0</td>
<td>100%</td>
</tr>
<tr>
<td>smoke</td>
<td>23</td>
<td>4</td>
<td>11</td>
<td>0</td>
<td>60.526%</td>
</tr>
<tr>
<td>webtable</td>
<td>5</td>
<td>4</td>
<td>8</td>
<td>0</td>
<td>29.412%</td>
</tr>
<tr>
<td>images</td>
<td>1</td>
<td>0</td>
<td>0</td>
<td>0</td>
<td>100%</td>
</tr>
<tr>
<td>searchBox</td>
<td>3</td>
<td>0</td>
<td>0</td>
<td>0</td>
<td>100%</td>
</tr>
<tr>
<td>filehandling</td>
<td>2</td>
<td>0</td>
<td>0</td>
<td>0</td>
<td>100%</td>
</tr>
<tr>
<td>regression</td>
<td>23</td>
<td>4</td>
<td>11</td>
<td>0</td>
<td>60.526%</td>
</tr>
</tbody>
</table></div>
</div>
</div>
<div class="col-lg-6 col-md-12 sysenv-container">
<div class="card">
<div class="card-header"><p>System/Environment</p></div>
<div class="card-body pb-0 pt-0"><table class="table table-sm table-bordered">
<thead><tr class="bg-gray"><th>Name</th><th>Value</th></tr></thead>
<tbody>
<tr>
<td>Application</td>
<td>DemoQA</td>
</tr>
<tr>
<td>Environment</td>
<td>QA</td>
</tr>
<tr>
<td>Tester Name</td>
<td>SANJAY</td>
</tr>
<tr>
<td>Operating System</td>
<td>windows</td>
</tr>
<tr>
<td>Browser Name</td>
<td>chrome</td>
</tr>
<tr>
<td>Groups</td>
<td>[smoke]</td>
</tr>
</tbody>
</table></div>
</div>
</div>
</div>
</div>
<script>
var statusGroup = {
parentCount: 5,
passParent: 23,
failParent: 4,
warningParent: 0,
skipParent: 11,
childCount: 5,
passChild: 0,
failChild: 0,
warningChild: 0,
skipChild: 0,
infoChild: 0,
grandChildCount: 5,
passGrandChild: 0,
failGrandChild: 0,
warningGrandChild: 0,
skipGrandChild: 0,
infoGrandChild: 0,
eventsCount: 5,
passEvents: 23,
failEvents: 8,
warningEvents: 0,
skipEvents: 22,
infoEvents: 446
};
</script>        </div>
      </div>
    </div>
  </div>
<script src="https://cdn.jsdelivr.net/gh/extent-framework/extent-github-cdn@c05cd28cde1617b9d0c05a831daff6cb97fd9fd5/spark/js/spark-script.js"></script>
<script type="text/javascript"></script></body>
</html>