<?xml version="1.0" encoding="UTF-8"?>
<!-- Generated by org.testng.reporters.JUnitXMLReporter -->
<testsuite ignored="0" hostname="LAPTOP-T6FV17P0" failures="0" tests="83" name="Element Functionality Tests" time="1649.982" errors="0" timestamp="2026-01-20T00:26:49 IST">
  <testcase classname="com.demoqa.webautomation.testcases.ElementsFunctionalityTest" name="verifyFormSubmissionWithValidData" time="6.658"/>
  <testcase classname="com.demoqa.webautomation.testcases.ElementsFunctionalityTest" name="verifyFormSubmissionWithValidData" time="3.238"/>
  <testcase classname="com.demoqa.webautomation.testcases.ElementsFunctionalityTest" name="verifyFormSubmissionWithValidData" time="4.571"/>
  <testcase classname="com.demoqa.webautomation.testcases.ElementsFunctionalityTest" name="verifyFormSubmissionWithValidName" time="1.723"/>
  <testcase classname="com.demoqa.webautomation.testcases.ElementsFunctionalityTest" name="verifyFormSubmissionWithValidName" time="3.641"/>
  <testcase classname="com.demoqa.webautomation.testcases.ElementsFunctionalityTest" name="verifyFormSubmissionWithValidName" time="0.844"/>
  <testcase classname="com.demoqa.webautomation.testcases.ElementsFunctionalityTest" name="verifyFormSubmissionWithValidEmail" time="1.851"/>
  <testcase classname="com.demoqa.webautomation.testcases.ElementsFunctionalityTest" name="verifyFormSubmissionWithValidEmail" time="0.995"/>
  <testcase classname="com.demoqa.webautomation.testcases.ElementsFunctionalityTest" name="verifyFormSubmissionWithValidEmail" time="0.836"/>
  <testcase classname="com.demoqa.webautomation.testcases.ElementsFunctionalityTest" name="verifyFormSubmissionWithValidCurrentAddress" time="1.199"/>
  <testcase classname="com.demoqa.webautomation.testcases.ElementsFunctionalityTest" name="verifyFormSubmissionWithValidCurrentAddress" time="0.817"/>
  <testcase classname="com.demoqa.webautomation.testcases.ElementsFunctionalityTest" name="verifyFormSubmissionWithValidCurrentAddress" time="1.294"/>
  <testcase classname="com.demoqa.webautomation.testcases.ElementsFunctionalityTest" name="verifyFormSubmissionWithValidPermanentAddress" time="0.866"/>
  <testcase classname="com.demoqa.webautomation.testcases.ElementsFunctionalityTest" name="verifyFormSubmissionWithValidPermanentAddress" time="1.048"/>
  <testcase classname="com.demoqa.webautomation.testcases.ElementsFunctionalityTest" name="verifyFormSubmissionWithValidPermanentAddress" time="0.779"/>
  <testcase classname="com.demoqa.webautomation.testcases.ElementsFunctionalityTest" name="verifyHomeFolderExpandCollapse" time="10.79"/>
  <testcase classname="com.demoqa.webautomation.testcases.ElementsFunctionalityTest" name="verifyHomeSelectsAllCheckboxes" time="4.614"/>
  <testcase classname="com.demoqa.webautomation.testcases.ElementsFunctionalityTest" name="verifyDesktopSelectsAllChildCheckboxes" time="0.717"/>
  <testcase classname="com.demoqa.webautomation.testcases.ElementsFunctionalityTest" name="verifyDocumentsSelectsAllChildCheckboxes" time="4.304"/>
  <testcase classname="com.demoqa.webautomation.testcases.ElementsFunctionalityTest" name="verifyDownloadsSelectsAllChildCheckboxes" time="0.681"/>
  <testcase classname="com.demoqa.webautomation.testcases.ElementsFunctionalityTest" name="verifyWorkspaceSelectsAllChildCheckboxes" time="0.929"/>
  <testcase classname="com.demoqa.webautomation.testcases.ElementsFunctionalityTest" name="verifyOfficeSelectsAllChildCheckboxes" time="1.094"/>
  <testcase classname="com.demoqa.webautomation.testcases.ElementsFunctionalityTest" name="verifyClickOnNotesCheckbox" time="0.714"/>
  <testcase classname="com.demoqa.webautomation.testcases.ElementsFunctionalityTest" name="verifyClickOnCommandsCheckbox" time="0.695"/>
  <testcase classname="com.demoqa.webautomation.testcases.ElementsFunctionalityTest" name="verifyClickOnReactCheckbox" time="0.765"/>
  <testcase classname="com.demoqa.webautomation.testcases.ElementsFunctionalityTest" name="verifyClickOnAngularCheckbox" time="0.912"/>
  <testcase classname="com.demoqa.webautomation.testcases.ElementsFunctionalityTest" name="verifyClickOnVeuCheckbox" time="2.002"/>
  <testcase classname="com.demoqa.webautomation.testcases.ElementsFunctionalityTest" name="verifyClickOnPublicCheckbox" time="2.827"/>
  <testcase classname="com.demoqa.webautomation.testcases.ElementsFunctionalityTest" name="verifyClickOnPrivateCheckbox" time="1.33"/>
  <testcase classname="com.demoqa.webautomation.testcases.ElementsFunctionalityTest" name="verifyClickOnClassifiedCheckbox" time="1.093"/>
  <testcase classname="com.demoqa.webautomation.testcases.ElementsFunctionalityTest" name="verifyClickOnGeneralCheckbox" time="0.86"/>
  <testcase classname="com.demoqa.webautomation.testcases.ElementsFunctionalityTest" name="verifyClickOnWordFileCheckbox" time="0.835"/>
  <testcase classname="com.demoqa.webautomation.testcases.ElementsFunctionalityTest" name="verifyClickOnExcelFileCheckbox" time="0.878"/>
  <testcase classname="com.demoqa.webautomation.testcases.ElementsFunctionalityTest" name="verifyYesRadioButtonSelected" time="0.426"/>
  <testcase classname="com.demoqa.webautomation.testcases.ElementsFunctionalityTest" name="verifyImpressiveRadioButtonSelected" time="0.288"/>
  <testcase classname="com.demoqa.webautomation.testcases.ElementsFunctionalityTest" name="verifyAddButtonOpensRegistrationForm" time="1.237"/>
  <testcase classname="com.demoqa.webautomation.testcases.ElementsFunctionalityTest" name="verifyAddingNewRecordWithAllValidData" time="3.566"/>
  <testcase classname="com.demoqa.webautomation.testcases.ElementsFunctionalityTest" name="verifyAddingNewRecordWithAllValidData" time="4.617"/>
  <testcase classname="com.demoqa.webautomation.testcases.ElementsFunctionalityTest" name="verifyAddingNewRecordWithAllValidData" time="3.032"/>
  <testcase classname="com.demoqa.webautomation.testcases.ElementsFunctionalityTest" name="verifyAddingNewRecordWithAllValidData" time="2.392"/>
  <testcase classname="com.demoqa.webautomation.testcases.ElementsFunctionalityTest" name="verifyEditButtonOpensRecordWithCorrectData" time="0.856"/>
  <testcase classname="com.demoqa.webautomation.testcases.ElementsFunctionalityTest" name="verifyEditButtonOpensRecordWithCorrectData" time="0.753"/>
  <testcase classname="com.demoqa.webautomation.testcases.ElementsFunctionalityTest" name="verifyEditButtonOpensRecordWithCorrectData" time="0.866"/>
  <testcase classname="com.demoqa.webautomation.testcases.ElementsFunctionalityTest" name="verifyEditingExistingRecord" time="3.176"/>
  <testcase classname="com.demoqa.webautomation.testcases.ElementsFunctionalityTest" name="verifyDeleteExistingRecord" time="23.063"/>
  <testcase classname="com.demoqa.webautomation.testcases.ElementsFunctionalityTest" name="verifySearchWithValidFirstName" time="1.766"/>
  <testcase classname="com.demoqa.webautomation.testcases.ElementsFunctionalityTest" name="verifySearchWithValidFirstName" time="0.715"/>
  <testcase classname="com.demoqa.webautomation.testcases.ElementsFunctionalityTest" name="verifySearchWithValidFirstName" time="0.743"/>
  <testcase classname="com.demoqa.webautomation.testcases.ElementsFunctionalityTest" name="verifySearchWithValidLastName" time="0.744"/>
  <testcase classname="com.demoqa.webautomation.testcases.ElementsFunctionalityTest" name="verifySearchWithValidLastName" time="0.803"/>
  <testcase classname="com.demoqa.webautomation.testcases.ElementsFunctionalityTest" name="verifySearchWithValidLastName" time="0.794"/>
  <testcase classname="com.demoqa.webautomation.testcases.ElementsFunctionalityTest" name="verifySearchWithValidEmail" time="0.747"/>
  <testcase classname="com.demoqa.webautomation.testcases.ElementsFunctionalityTest" name="verifySearchWithValidEmail" time="0.905"/>
  <testcase classname="com.demoqa.webautomation.testcases.ElementsFunctionalityTest" name="verifySearchWithValidEmail" time="0.972"/>
  <testcase classname="com.demoqa.webautomation.testcases.ElementsFunctionalityTest" name="verifySearchWithValidDepartment" time="0.842"/>
  <testcase classname="com.demoqa.webautomation.testcases.ElementsFunctionalityTest" name="verifySearchWithValidDepartment" time="0.865"/>
  <testcase classname="com.demoqa.webautomation.testcases.ElementsFunctionalityTest" name="verifySearchWithValidDepartment" time="0.779"/>
  <testcase classname="com.demoqa.webautomation.testcases.ElementsFunctionalityTest" name="verifySearchWithNoMatchingResults" time="0.5"/>
  <testcase classname="com.demoqa.webautomation.testcases.ElementsFunctionalityTest" name="verifySearchWithNoMatchingResults" time="0.662"/>
  <testcase classname="com.demoqa.webautomation.testcases.ElementsFunctionalityTest" name="verifySearchWithNoMatchingResults" time="1.244"/>
  <testcase classname="com.demoqa.webautomation.testcases.ElementsFunctionalityTest" name="verifySearchWithNoMatchingResults" time="1.835"/>
  <testcase classname="com.demoqa.webautomation.testcases.ElementsFunctionalityTest" name="verifyDoubleClickFunctionality" time="0.615"/>
  <testcase classname="com.demoqa.webautomation.testcases.ElementsFunctionalityTest" name="verifyRightClickFunctionality" time="0.548"/>
  <testcase classname="com.demoqa.webautomation.testcases.ElementsFunctionalityTest" name="verifyClickMeFunctionality" time="0.516"/>
  <testcase classname="com.demoqa.webautomation.testcases.ElementsFunctionalityTest" name="verifyLinkOpenInNewTab" time="3.611"/>
  <testcase classname="com.demoqa.webautomation.testcases.ElementsFunctionalityTest" name="verifyDynamicLinkOpenInNewTab" time="7.118"/>
  <testcase classname="com.demoqa.webautomation.testcases.ElementsFunctionalityTest" name="verifyCreatedLinkAndGetResponseCode" time="1.4"/>
  <testcase classname="com.demoqa.webautomation.testcases.ElementsFunctionalityTest" name="verifyNoContentAndGetResponseCode" time="1.512"/>
  <testcase classname="com.demoqa.webautomation.testcases.ElementsFunctionalityTest" name="verifyMovedAndGetResponseCode" time="1.372"/>
  <testcase classname="com.demoqa.webautomation.testcases.ElementsFunctionalityTest" name="verifyBadRequestAndGetResponseCode" time="3.239"/>
  <testcase classname="com.demoqa.webautomation.testcases.ElementsFunctionalityTest" name="verifyUnAuthorizedAndGetResponseCode" time="1.106"/>
  <testcase classname="com.demoqa.webautomation.testcases.ElementsFunctionalityTest" name="verifyForbiddenAndGetResponseCode" time="1.976"/>
  <testcase classname="com.demoqa.webautomation.testcases.ElementsFunctionalityTest" name="verifyNotFoundAndGetResponseCode" time="1.193"/>
  <testcase classname="com.demoqa.webautomation.testcases.ElementsFunctionalityTest" name="verifyValidImage" time="0.361"/>
  <testcase classname="com.demoqa.webautomation.testcases.ElementsFunctionalityTest" name="verifyInValidImage" time="0.5"/>
  <testcase classname="com.demoqa.webautomation.testcases.ElementsFunctionalityTest" name="verifyValidLinkFunctionality" time="0.837"/>
  <testcase classname="com.demoqa.webautomation.testcases.ElementsFunctionalityTest" name="verifyBrokenLinkFunctionality" time="1.189"/>
  <testcase classname="com.demoqa.webautomation.testcases.ElementsFunctionalityTest" name="verifyDownloadFunctionality" time="1.743"/>
  <testcase classname="com.demoqa.webautomation.testcases.ElementsFunctionalityTest" name="verifyUploadFileFunctionality" time="0.453"/>
  <testcase classname="com.demoqa.webautomation.testcases.ElementsFunctionalityTest" name="verifyRandomIdText" time="0.339"/>
  <testcase classname="com.demoqa.webautomation.testcases.ElementsFunctionalityTest" name="verifyEnableAfter5Seconds" time="5.828"/>
  <testcase classname="com.demoqa.webautomation.testcases.ElementsFunctionalityTest" name="verifyColorChangeButton" time="5.429"/>
  <testcase classname="com.demoqa.webautomation.testcases.ElementsFunctionalityTest" name="verifyVisibleAfter5Seconds" time="5.492"/>
</testsuite> <!-- Element Functionality Tests -->
