<?xml version="1.0" encoding="UTF-8"?>
<!-- Generated by org.testng.reporters.JUnitXMLReporter -->
<testsuite ignored="56" hostname="LAPTOP-T6FV17P0" failures="0" tests="4" name="Login Page Tests" time="112.987" errors="0" timestamp="2026-01-22T21:19:30 IST">
  <testcase classname="com.demoqa.webautomation.testcases.ElementsFunctionalityTest" name="verifyAddingNewRecordWithAllValidData" time="6.439"/>
  <testcase classname="com.demoqa.webautomation.testcases.ElementsFunctionalityTest" name="verifyAddingNewRecordWithAllValidData" time="4.914"/>
  <testcase classname="com.demoqa.webautomation.testcases.ElementsFunctionalityTest" name="verifyAddingNewRecordWithAllValidData" time="5.341"/>
  <testcase classname="com.demoqa.webautomation.testcases.ElementsFunctionalityTest" name="verifyAddingNewRecordWithAllValidData" time="5.616"/>
  <testcase classname="com.demoqa.webautomation.testcases.ElementsFunctionalityTest" name="verifyClickOnClassifiedCheckbox" time="0.0">
    <ignored/>
  </testcase> <!-- verifyClickOnClassifiedCheckbox -->
  <testcase classname="com.demoqa.webautomation.testcases.ElementsFunctionalityTest" name="verifySearchWithValidFirstName" time="0.0">
    <ignored/>
  </testcase> <!-- verifySearchWithValidFirstName -->
  <testcase classname="com.demoqa.webautomation.testcases.ElementsFunctionalityTest" name="verifyFormSubmissionWithValidCurrentAddress" time="0.0">
    <ignored/>
  </testcase> <!-- verifyFormSubmissionWithValidCurrentAddress -->
  <testcase classname="com.demoqa.webautomation.testcases.ElementsFunctionalityTest" name="verifyClickOnReactCheckbox" time="0.0">
    <ignored/>
  </testcase> <!-- verifyClickOnReactCheckbox -->
  <testcase classname="com.demoqa.webautomation.testcases.ElementsFunctionalityTest" name="verifyFormSubmissionWithValidPermanentAddress" time="0.0">
    <ignored/>
  </testcase> <!-- verifyFormSubmissionWithValidPermanentAddress -->
  <testcase classname="com.demoqa.webautomation.testcases.ElementsFunctionalityTest" name="verifyWorkspaceSelectsAllChildCheckboxes" time="0.0">
    <ignored/>
  </testcase> <!-- verifyWorkspaceSelectsAllChildCheckboxes -->
  <testcase classname="com.demoqa.webautomation.testcases.ElementsFunctionalityTest" name="verifyAddButtonOpensRegistrationForm" time="0.0">
    <ignored/>
  </testcase> <!-- verifyAddButtonOpensRegistrationForm -->
  <testcase classname="com.demoqa.webautomation.testcases.ElementsFunctionalityTest" name="verifyVisibleAfter5Seconds" time="0.0">
    <ignored/>
  </testcase> <!-- verifyVisibleAfter5Seconds -->
  <testcase classname="com.demoqa.webautomation.testcases.ElementsFunctionalityTest" name="verifyClickOnAngularCheckbox" time="0.0">
    <ignored/>
  </testcase> <!-- verifyClickOnAngularCheckbox -->
  <testcase classname="com.demoqa.webautomation.testcases.ElementsFunctionalityTest" name="verifyYesRadioButtonSelected" time="0.0">
    <ignored/>
  </testcase> <!-- verifyYesRadioButtonSelected -->
  <testcase classname="com.demoqa.webautomation.testcases.ElementsFunctionalityTest" name="verifyColorChangeButton" time="0.0">
    <ignored/>
  </testcase> <!-- verifyColorChangeButton -->
  <testcase classname="com.demoqa.webautomation.testcases.ElementsFunctionalityTest" name="verifyClickMeFunctionality" time="0.0">
    <ignored/>
  </testcase> <!-- verifyClickMeFunctionality -->
  <testcase classname="com.demoqa.webautomation.testcases.ElementsFunctionalityTest" name="verifyForbiddenAndGetResponseCode" time="0.0">
    <ignored/>
  </testcase> <!-- verifyForbiddenAndGetResponseCode -->
  <testcase classname="com.demoqa.webautomation.testcases.ElementsFunctionalityTest" name="verifySearchWithValidLastName" time="0.0">
    <ignored/>
  </testcase> <!-- verifySearchWithValidLastName -->
  <testcase classname="com.demoqa.webautomation.testcases.ElementsFunctionalityTest" name="verifyNoContentAndGetResponseCode" time="0.0">
    <ignored/>
  </testcase> <!-- verifyNoContentAndGetResponseCode -->
  <testcase classname="com.demoqa.webautomation.testcases.ElementsFunctionalityTest" name="verifyEnableAfter5Seconds" time="0.0">
    <ignored/>
  </testcase> <!-- verifyEnableAfter5Seconds -->
  <testcase classname="com.demoqa.webautomation.testcases.ElementsFunctionalityTest" name="verifyClickOnNotesCheckbox" time="0.0">
    <ignored/>
  </testcase> <!-- verifyClickOnNotesCheckbox -->
  <testcase classname="com.demoqa.webautomation.testcases.ElementsFunctionalityTest" name="verifyFormSubmissionWithValidEmail" time="0.0">
    <ignored/>
  </testcase> <!-- verifyFormSubmissionWithValidEmail -->
  <testcase classname="com.demoqa.webautomation.testcases.ElementsFunctionalityTest" name="verifyDesktopSelectsAllChildCheckboxes" time="0.0">
    <ignored/>
  </testcase> <!-- verifyDesktopSelectsAllChildCheckboxes -->
  <testcase classname="com.demoqa.webautomation.testcases.ElementsFunctionalityTest" name="verifyRightClickFunctionality" time="0.0">
    <ignored/>
  </testcase> <!-- verifyRightClickFunctionality -->
  <testcase classname="com.demoqa.webautomation.testcases.ElementsFunctionalityTest" name="verifyHomeSelectsAllCheckboxes" time="0.0">
    <ignored/>
  </testcase> <!-- verifyHomeSelectsAllCheckboxes -->
  <testcase classname="com.demoqa.webautomation.testcases.ElementsFunctionalityTest" name="verifySearchWithValidEmail" time="0.0">
    <ignored/>
  </testcase> <!-- verifySearchWithValidEmail -->
  <testcase classname="com.demoqa.webautomation.testcases.ElementsFunctionalityTest" name="verifyInValidImage" time="0.0">
    <ignored/>
  </testcase> <!-- verifyInValidImage -->
  <testcase classname="com.demoqa.webautomation.testcases.ElementsFunctionalityTest" name="verifyDoubleClickFunctionality" time="0.0">
    <ignored/>
  </testcase> <!-- verifyDoubleClickFunctionality -->
  <testcase classname="com.demoqa.webautomation.testcases.ElementsFunctionalityTest" name="verifyDownloadsSelectsAllChildCheckboxes" time="0.0">
    <ignored/>
  </testcase> <!-- verifyDownloadsSelectsAllChildCheckboxes -->
  <testcase classname="com.demoqa.webautomation.testcases.ElementsFunctionalityTest" name="verifyCreatedLinkAndGetResponseCode" time="0.0">
    <ignored/>
  </testcase> <!-- verifyCreatedLinkAndGetResponseCode -->
  <testcase classname="com.demoqa.webautomation.testcases.ElementsFunctionalityTest" name="verifySearchWithValidDepartment" time="0.0">
    <ignored/>
  </testcase> <!-- verifySearchWithValidDepartment -->
  <testcase classname="com.demoqa.webautomation.testcases.ElementsFunctionalityTest" name="verifyClickOnExcelFileCheckbox" time="0.0">
    <ignored/>
  </testcase> <!-- verifyClickOnExcelFileCheckbox -->
  <testcase classname="com.demoqa.webautomation.testcases.ElementsFunctionalityTest" name="verifyImpressiveRadioButtonSelected" time="0.0">
    <ignored/>
  </testcase> <!-- verifyImpressiveRadioButtonSelected -->
  <testcase classname="com.demoqa.webautomation.testcases.ElementsFunctionalityTest" name="verifyClickOnCommandsCheckbox" time="0.0">
    <ignored/>
  </testcase> <!-- verifyClickOnCommandsCheckbox -->
  <testcase classname="com.demoqa.webautomation.testcases.ElementsFunctionalityTest" name="verifyFormSubmissionWithValidName" time="0.0">
    <ignored/>
  </testcase> <!-- verifyFormSubmissionWithValidName -->
  <testcase classname="com.demoqa.webautomation.testcases.ElementsFunctionalityTest" name="verifyBadRequestAndGetResponseCode" time="0.0">
    <ignored/>
  </testcase> <!-- verifyBadRequestAndGetResponseCode -->
  <testcase classname="com.demoqa.webautomation.testcases.ElementsFunctionalityTest" name="verifyMovedAndGetResponseCode" time="0.0">
    <ignored/>
  </testcase> <!-- verifyMovedAndGetResponseCode -->
  <testcase classname="com.demoqa.webautomation.testcases.ElementsFunctionalityTest" name="verifyUploadFileFunctionality" time="0.0">
    <ignored/>
  </testcase> <!-- verifyUploadFileFunctionality -->
  <testcase classname="com.demoqa.webautomation.testcases.ElementsFunctionalityTest" name="verifyHomeFolderExpandCollapse" time="0.0">
    <ignored/>
  </testcase> <!-- verifyHomeFolderExpandCollapse -->
  <testcase classname="com.demoqa.webautomation.testcases.ElementsFunctionalityTest" name="verifyValidLinkFunctionality" time="0.0">
    <ignored/>
  </testcase> <!-- verifyValidLinkFunctionality -->
  <testcase classname="com.demoqa.webautomation.testcases.ElementsFunctionalityTest" name="verifyEditingExistingRecord" time="0.0">
    <ignored/>
  </testcase> <!-- verifyEditingExistingRecord -->
  <testcase classname="com.demoqa.webautomation.testcases.ElementsFunctionalityTest" name="verifyClickOnGeneralCheckbox" time="0.0">
    <ignored/>
  </testcase> <!-- verifyClickOnGeneralCheckbox -->
  <testcase classname="com.demoqa.webautomation.testcases.ElementsFunctionalityTest" name="verifyOfficeSelectsAllChildCheckboxes" time="0.0">
    <ignored/>
  </testcase> <!-- verifyOfficeSelectsAllChildCheckboxes -->
  <testcase classname="com.demoqa.webautomation.testcases.ElementsFunctionalityTest" name="verifyFormSubmissionWithValidData" time="0.0">
    <ignored/>
  </testcase> <!-- verifyFormSubmissionWithValidData -->
  <testcase classname="com.demoqa.webautomation.testcases.ElementsFunctionalityTest" name="verifyValidImage" time="0.0">
    <ignored/>
  </testcase> <!-- verifyValidImage -->
  <testcase classname="com.demoqa.webautomation.testcases.ElementsFunctionalityTest" name="verifyClickOnVeuCheckbox" time="0.0">
    <ignored/>
  </testcase> <!-- verifyClickOnVeuCheckbox -->
  <testcase classname="com.demoqa.webautomation.testcases.ElementsFunctionalityTest" name="verifyRandomIdText" time="0.0">
    <ignored/>
  </testcase> <!-- verifyRandomIdText -->
  <testcase classname="com.demoqa.webautomation.testcases.ElementsFunctionalityTest" name="verifyDeleteExistingRecord" time="0.0">
    <ignored/>
  </testcase> <!-- verifyDeleteExistingRecord -->
  <testcase classname="com.demoqa.webautomation.testcases.ElementsFunctionalityTest" name="verifyClickOnWordFileCheckbox" time="0.0">
    <ignored/>
  </testcase> <!-- verifyClickOnWordFileCheckbox -->
  <testcase classname="com.demoqa.webautomation.testcases.ElementsFunctionalityTest" name="verifyBrokenLinkFunctionality" time="0.0">
    <ignored/>
  </testcase> <!-- verifyBrokenLinkFunctionality -->
  <testcase classname="com.demoqa.webautomation.testcases.ElementsFunctionalityTest" name="verifyDownloadFunctionality" time="0.0">
    <ignored/>
  </testcase> <!-- verifyDownloadFunctionality -->
  <testcase classname="com.demoqa.webautomation.testcases.ElementsFunctionalityTest" name="verifyDynamicLinkOpenInNewTab" time="0.0">
    <ignored/>
  </testcase> <!-- verifyDynamicLinkOpenInNewTab -->
  <testcase classname="com.demoqa.webautomation.testcases.ElementsFunctionalityTest" name="verifyEditButtonOpensRecordWithCorrectData" time="0.0">
    <ignored/>
  </testcase> <!-- verifyEditButtonOpensRecordWithCorrectData -->
  <testcase classname="com.demoqa.webautomation.testcases.ElementsFunctionalityTest" name="verifyLinkOpenInNewTab" time="0.0">
    <ignored/>
  </testcase> <!-- verifyLinkOpenInNewTab -->
  <testcase classname="com.demoqa.webautomation.testcases.ElementsFunctionalityTest" name="verifyClickOnPrivateCheckbox" time="0.0">
    <ignored/>
  </testcase> <!-- verifyClickOnPrivateCheckbox -->
  <testcase classname="com.demoqa.webautomation.testcases.ElementsFunctionalityTest" name="verifyUnAuthorizedAndGetResponseCode" time="0.0">
    <ignored/>
  </testcase> <!-- verifyUnAuthorizedAndGetResponseCode -->
  <testcase classname="com.demoqa.webautomation.testcases.ElementsFunctionalityTest" name="verifyDocumentsSelectsAllChildCheckboxes" time="0.0">
    <ignored/>
  </testcase> <!-- verifyDocumentsSelectsAllChildCheckboxes -->
  <testcase classname="com.demoqa.webautomation.testcases.ElementsFunctionalityTest" name="verifyClickOnPublicCheckbox" time="0.0">
    <ignored/>
  </testcase> <!-- verifyClickOnPublicCheckbox -->
  <testcase classname="com.demoqa.webautomation.testcases.ElementsFunctionalityTest" name="verifySearchWithNoMatchingResults" time="0.0">
    <ignored/>
  </testcase> <!-- verifySearchWithNoMatchingResults -->
  <testcase classname="com.demoqa.webautomation.testcases.ElementsFunctionalityTest" name="verifyNotFoundAndGetResponseCode" time="0.0">
    <ignored/>
  </testcase> <!-- verifyNotFoundAndGetResponseCode -->
</testsuite> <!-- Login Page Tests -->
