<?xml version="1.0" encoding="UTF-8"?>
<testng-results ignored="0" total="1" passed="1" failed="0" skipped="0">
  <reporter-output>
  </reporter-output>
  <suite started-at="2026-01-21T22:08:40 IST" name="DemoQA Test Suite" finished-at="2026-01-21T22:09:11 IST" duration-ms="30983">
    <groups>
    </groups>
    <test started-at="2026-01-21T22:08:40 IST" name="Login Page Tests" finished-at="2026-01-21T22:09:11 IST" duration-ms="30983">
      <class name="com.demoqa.webautomation.testcases.ElementsFunctionalityTest">
        <test-method is-config="true" signature="setUp(java.lang.String,java.lang.String)[pri:0, instance:com.demoqa.webautomation.testcases.ElementsFunctionalityTest@22d7b4f8]" started-at="2026-01-21T22:08:40 IST" name="setUp" finished-at="2026-01-21T22:09:09 IST" duration-ms="28633" status="PASS">
          <params>
            <param index="0">
              <value>
                <![CDATA[windows]]>
              </value>
            </param>
            <param index="1">
              <value>
                <![CDATA[chrome]]>
              </value>
            </param>
          </params>
          <reporter-output>
          </reporter-output>
        </test-method> <!-- setUp -->
        <test-method is-config="true" signature="setUpHomePage()[pri:0, instance:com.demoqa.webautomation.testcases.ElementsFunctionalityTest@22d7b4f8]" started-at="2026-01-21T22:09:09 IST" name="setUpHomePage" finished-at="2026-01-21T22:09:09 IST" duration-ms="543" status="PASS">
          <reporter-output>
          </reporter-output>
        </test-method> <!-- setUpHomePage -->
        <test-method signature="verifyUploadFileFunctionality()[pri:53, instance:com.demoqa.webautomation.testcases.ElementsFunctionalityTest@22d7b4f8]" started-at="2026-01-21T22:09:09 IST" name="verifyUploadFileFunctionality" description="TC_053: Verify file upload functionality" finished-at="2026-01-21T22:09:10 IST" duration-ms="935" status="PASS">
          <reporter-output>
          </reporter-output>
        </test-method> <!-- verifyUploadFileFunctionality -->
        <test-method is-config="true" signature="tearDown()[pri:0, instance:com.demoqa.webautomation.testcases.ElementsFunctionalityTest@22d7b4f8]" started-at="2026-01-21T22:09:10 IST" name="tearDown" finished-at="2026-01-21T22:09:11 IST" duration-ms="510" status="PASS">
          <reporter-output>
          </reporter-output>
        </test-method> <!-- tearDown -->
      </class> <!-- com.demoqa.webautomation.testcases.ElementsFunctionalityTest -->
    </test> <!-- Login Page Tests -->
  </suite> <!-- DemoQA Test Suite -->
  <suite started-at="2026-01-21T22:09:13 IST" name="Master Suite" finished-at="2026-01-21T22:09:13 IST" duration-ms="0">
    <groups>
    </groups>
  </suite> <!-- Master Suite -->
</testng-results>
