<?xml version="1.0" encoding="UTF-8"?>
<testsuite xmlns:xsi="http://www.w3.org/2001/XMLSchema-instance" xsi:noNamespaceSchemaLocation="https://maven.apache.org/surefire/maven-surefire-plugin/xsd/surefire-test-report.xsd" version="3.0.2" name="TestSuite" time="35.287" tests="1" errors="0" skipped="0" failures="0">
  <properties>
[...]
</properties>
  <testcase name="verifyUploadFileFunctionality" classname="com.demoqa.webautomation.testcases.ElementsFunctionalityTest" time="0.956">
    <system-out><![CDATA[2026-01-21 22:08:39 [main] DEBUG org.testng.TestNG - suiteXmlPath: "D:\QA\DemoQA\testng.xml"
2026-01-21 22:08:39 [main] WARN  org.testng.TestNG - Ignoring duplicate listener : com.demoqa.webautomation.utilities.ExtentReportManager
2026-01-21 22:08:39 [main] WARN  org.testng.TestNG - AnnotationTransformer already set
2026-01-21 22:09:09 [main] INFO  com.demoqa.webautomation.pagebase.TestBase - ===== Initializing Home Page before test execution =====
2026-01-21 22:09:09 [main] INFO  com.demoqa.webautomation.pagebase.TestBase - Navigated to Elements module
2026-01-21 22:09:09 [main] INFO  com.demoqa.webautomation.pagebase.TestBase - TC_053 STARTED - Verify Upload File Functionality
2026-01-21 22:09:10 [main] INFO  com.demoqa.webautomation.pagebase.TestBase - Navigated to Upload and Download page
2026-01-21 22:09:10 [main] INFO  com.demoqa.webautomation.pagebase.TestBase - Uploading file from path: D:\QA\DemoQA\downloads\Downloaded_20260118_193135.jpeg
2026-01-21 22:09:10 [main] INFO  com.demoqa.webautomation.pagebase.TestBase - Uploaded File Status Message: C:\fakepath\Downloaded_20260118_193135.jpeg
2026-01-21 22:09:10 [main] INFO  com.demoqa.webautomation.pagebase.TestBase - File uploaded successfully and file name verified
2026-01-21 22:09:10 [main] INFO  com.demoqa.webautomation.pagebase.TestBase - TC_053 COMPLETED - Verify Upload File Functionality
]]></system-out>
  </testcase>
</testsuite>