<?xml version="1.0" encoding="UTF-8"?>
<!-- Generated by org.testng.reporters.JUnitXMLReporter -->
<testsuite ignored="5" hostname="LAPTOP-T6FV17P0" failures="0" tests="1" name="Login Page Tests" time="11.324" errors="0" timestamp="2025-12-30T19:12:22 IST">
  <testcase classname="com.orangehrm.webautomation.testcases.LoginFunctionality" name="testLogoutFromDashboard_TC006" time="5.01"/>
  <testcase classname="com.orangehrm.webautomation.testcases.LoginFunctionality" name="testLoginWithInvalidUsername_TC003" time="0.0">
    <ignored/>
  </testcase> <!-- testLoginWithInvalidUsername_TC003 -->
  <testcase classname="com.orangehrm.webautomation.testcases.LoginFunctionality" name="testLoginWithValidCredentials_CaseSensitivity_TC002" time="0.0">
    <ignored/>
  </testcase> <!-- testLoginWithValidCredentials_CaseSensitivity_TC002 -->
  <testcase classname="com.orangehrm.webautomation.testcases.LoginFunctionality" name="testLoginWithValidCredentials_TC001" time="0.0">
    <ignored/>
  </testcase> <!-- testLoginWithValidCredentials_TC001 -->
  <testcase classname="com.orangehrm.webautomation.testcases.LoginFunctionality" name="testLoginWithInvalidUsernameAndInvalidPassword_TC005" time="0.0">
    <ignored/>
  </testcase> <!-- testLoginWithInvalidUsernameAndInvalidPassword_TC005 -->
  <testcase classname="com.orangehrm.webautomation.testcases.LoginFunctionality" name="testLoginWithInvalidPassword_TC004" time="0.0">
    <ignored/>
  </testcase> <!-- testLoginWithInvalidPassword_TC004 -->
</testsuite> <!-- Login Page Tests -->
