<?xml version="1.0" encoding="UTF-8"?>
<testng-results ignored="56" total="57" passed="1" failed="0" skipped="0">
  <reporter-output>
  </reporter-output>
  <suite started-at="2026-01-21T21:07:07 IST" name="DemoQA Test Suite" finished-at="2026-01-21T21:07:19 IST" duration-ms="11901">
    <groups>
    </groups>
    <test started-at="2026-01-21T21:07:07 IST" name="Login Page Tests" finished-at="2026-01-21T21:07:19 IST" duration-ms="11901">
      <class name="com.demoqa.webautomation.testcases.ElementsFunctionalityTest">
        <test-method is-config="true" signature="setUp(java.lang.String,java.lang.String)[pri:0, instance:com.demoqa.webautomation.testcases.ElementsFunctionalityTest@c4ed84]" started-at="2026-01-21T21:07:07 IST" name="setUp" finished-at="2026-01-21T21:07:17 IST" duration-ms="10231" status="PASS">
          <params>
            <param index="0">
              <value>
                <![CDATA[windows]]>
              </value>
            </param>
            <param index="1">
              <value>
                <![CDATA[chrome]]>
              </value>
            </param>
          </params>
          <reporter-output>
          </reporter-output>
        </test-method> <!-- setUp -->
        <test-method is-config="true" signature="setUpHomePage()[pri:0, instance:com.demoqa.webautomation.testcases.ElementsFunctionalityTest@c4ed84]" started-at="2026-01-21T21:07:17 IST" name="setUpHomePage" finished-at="2026-01-21T21:07:18 IST" duration-ms="648" status="PASS">
          <reporter-output>
          </reporter-output>
        </test-method> <!-- setUpHomePage -->
        <test-method signature="verifyUploadFileFunctionality()[pri:53, instance:com.demoqa.webautomation.testcases.ElementsFunctionalityTest@c4ed84]" started-at="2026-01-21T21:07:18 IST" name="verifyUploadFileFunctionality" description="TC_053: Verify file upload functionality" finished-at="2026-01-21T21:07:18 IST" duration-ms="375" status="PASS">
          <reporter-output>
          </reporter-output>
        </test-method> <!-- verifyUploadFileFunctionality -->
        <test-method is-config="true" signature="tearDown()[pri:0, instance:com.demoqa.webautomation.testcases.ElementsFunctionalityTest@c4ed84]" started-at="2026-01-21T21:07:18 IST" name="tearDown" finished-at="2026-01-21T21:07:19 IST" duration-ms="375" status="PASS">
          <reporter-output>
          </reporter-output>
        </test-method> <!-- tearDown -->
      </class> <!-- com.demoqa.webautomation.testcases.ElementsFunctionalityTest -->
    </test> <!-- Login Page Tests -->
  </suite> <!-- DemoQA Test Suite -->
</testng-results>
