<?xml version="1.0" encoding="UTF-8"?>
<!-- Generated by org.testng.reporters.JUnitReportReporter -->
<testsuite hostname="LAPTOP-T6FV17P0" failures="0" tests="9" name="com.demoqa.webautomation.testcases.HomePageTest" time="90.672" errors="0" timestamp="2026-01-09T21:19:22 IST" skipped="0">
  <testcase classname="com.demoqa.webautomation.testcases.HomePageTest" name="verifyElementsTileNavigation" time="9.191"/>
  <testcase classname="com.demoqa.webautomation.testcases.HomePageTest" name="verifyToolsQABannerIsDisplayed" time="10.703"/>
  <testcase classname="com.demoqa.webautomation.testcases.HomePageTest" name="verifyAlertsFrameWindowsTileNavigation" time="10.561"/>
  <testcase classname="com.demoqa.webautomation.testcases.HomePageTest" name="verifyBookStoreApplicationNavigation" time="12.543"/>
  <testcase classname="com.demoqa.webautomation.testcases.HomePageTest" name="verifyHomePageLoadsSuccessfully" time="10.389"/>
  <testcase classname="com.demoqa.webautomation.testcases.HomePageTest" name="verifyFooterCopyrightText" time="7.580"/>
  <testcase classname="com.demoqa.webautomation.testcases.HomePageTest" name="verifyFormsTileNavigation" time="9.605"/>
  <testcase classname="com.demoqa.webautomation.testcases.HomePageTest" name="verifyInteractionsTileNavigation" time="14.167"/>
  <testcase classname="com.demoqa.webautomation.testcases.HomePageTest" name="verifyWidgetsTileNavigation" time="5.933"/>
</testsuite> <!-- com.demoqa.webautomation.testcases.HomePageTest -->
