<?xml version="1.0" encoding="UTF-8"?>
<!-- Generated by org.testng.reporters.JUnitReportReporter -->
<testsuite hostname="LAPTOP-T6FV17P0" failures="0" tests="28" name="com.demoqa.webautomation.testcases.ElementsFunctionalityTest" time="876.440" errors="0" timestamp="2026-01-22T21:37:44 IST" skipped="1">
  <testcase classname="com.demoqa.webautomation.testcases.ElementsFunctionalityTest" name="verifyFormSubmissionWithValidData" time="11.565"/>
  <testcase classname="com.demoqa.webautomation.testcases.ElementsFunctionalityTest" name="verifyFormSubmissionWithValidData" time="11.828"/>
  <testcase classname="com.demoqa.webautomation.testcases.ElementsFunctionalityTest" name="verifyFormSubmissionWithValidData" time="35.507"/>
  <testcase classname="com.demoqa.webautomation.testcases.ElementsFunctionalityTest" name="verifyHomeFolderExpandCollapse" time="21.953"/>
  <testcase classname="com.demoqa.webautomation.testcases.ElementsFunctionalityTest" name="verifyHomeSelectsAllCheckboxes" time="29.986"/>
  <testcase classname="com.demoqa.webautomation.testcases.ElementsFunctionalityTest" name="verifyYesRadioButtonSelected" time="21.230"/>
  <testcase classname="com.demoqa.webautomation.testcases.ElementsFunctionalityTest" name="verifyAddButtonOpensRegistrationForm" time="9.743"/>
  <testcase classname="com.demoqa.webautomation.testcases.ElementsFunctionalityTest" name="verifyAddingNewRecordWithAllValidData" time="50.662"/>
  <testcase classname="com.demoqa.webautomation.testcases.ElementsFunctionalityTest" name="verifyAddingNewRecordWithAllValidData" time="42.500"/>
  <testcase classname="com.demoqa.webautomation.testcases.ElementsFunctionalityTest" name="verifyAddingNewRecordWithAllValidData" time="40.124"/>
  <testcase classname="com.demoqa.webautomation.testcases.ElementsFunctionalityTest" name="verifyAddingNewRecordWithAllValidData" time="42.220"/>
  <testcase classname="com.demoqa.webautomation.testcases.ElementsFunctionalityTest" name="verifyEditButtonOpensRecordWithCorrectData" time="46.269"/>
  <testcase classname="com.demoqa.webautomation.testcases.ElementsFunctionalityTest" name="verifyEditButtonOpensRecordWithCorrectData" time="20.492"/>
  <testcase classname="com.demoqa.webautomation.testcases.ElementsFunctionalityTest" name="verifyEditButtonOpensRecordWithCorrectData" time="32.909"/>
  <testcase classname="com.demoqa.webautomation.testcases.ElementsFunctionalityTest" name="verifyDeleteExistingRecord" time="72.091"/>
  <testcase classname="com.demoqa.webautomation.testcases.ElementsFunctionalityTest" name="verifySearchWithValidFirstName" time="33.826"/>
  <testcase classname="com.demoqa.webautomation.testcases.ElementsFunctionalityTest" name="verifySearchWithValidFirstName" time="53.438"/>
  <testcase classname="com.demoqa.webautomation.testcases.ElementsFunctionalityTest" name="verifySearchWithValidFirstName" time="37.971"/>
  <testcase classname="com.demoqa.webautomation.testcases.ElementsFunctionalityTest" name="verifyDoubleClickFunctionality" time="18.927"/>
  <testcase classname="com.demoqa.webautomation.testcases.ElementsFunctionalityTest" name="verifyRightClickFunctionality" time="9.083"/>
  <testcase classname="com.demoqa.webautomation.testcases.ElementsFunctionalityTest" name="verifyClickMeFunctionality" time="20.911"/>
  <testcase classname="com.demoqa.webautomation.testcases.ElementsFunctionalityTest" name="verifyLinkOpenInNewTab" time="26.013"/>
  <testcase classname="com.demoqa.webautomation.testcases.ElementsFunctionalityTest" name="verifyLinkOpenInNewTab" time="25.652">
    <skipped/>
  </testcase> <!-- verifyLinkOpenInNewTab -->
  <testcase classname="com.demoqa.webautomation.testcases.ElementsFunctionalityTest" name="verifyCreatedLinkAndGetResponseCode" time="25.939"/>
  <testcase classname="com.demoqa.webautomation.testcases.ElementsFunctionalityTest" name="verifyValidImage" time="29.099"/>
  <testcase classname="com.demoqa.webautomation.testcases.ElementsFunctionalityTest" name="verifyDownloadFunctionality" time="31.238"/>
  <testcase classname="com.demoqa.webautomation.testcases.ElementsFunctionalityTest" name="verifyUploadFileFunctionality" time="51.019"/>
  <testcase classname="com.demoqa.webautomation.testcases.ElementsFunctionalityTest" name="verifyRandomIdText" time="24.245"/>
</testsuite> <!-- com.demoqa.webautomation.testcases.ElementsFunctionalityTest -->
