<?xml version="1.0" encoding="UTF-8"?>
<!-- Generated by org.testng.reporters.JUnitReportReporter -->
<testsuite hostname="LAPTOP-T6FV17P0" failures="0" tests="2" name="com.demoqa.webautomation.testcases.HomePageTests" time="21.435" errors="0" timestamp="2025-11-04T15:31:39 IST" skipped="0">
  <testcase classname="com.demoqa.webautomation.testcases.HomePageTests" name="verifyHomePageTitle" time="15.765"/>
  <testcase classname="com.demoqa.webautomation.testcases.HomePageTests" name="verifyLogoIsDisplayed" time="5.670"/>
</testsuite> <!-- com.demoqa.webautomation.testcases.HomePageTests -->
