<?xml version="1.0" encoding="UTF-8"?>
<!-- Generated by org.testng.reporters.JUnitReportReporter -->
<testsuite hostname="LAPTOP-T6FV17P0" failures="0" tests="1" name="com.demoqa.webautomation.testcases.ElementsFunctionalityTest" time="30.621" errors="0" timestamp="2026-01-21T22:09:13 IST" skipped="0">
  <testcase classname="com.demoqa.webautomation.testcases.ElementsFunctionalityTest" name="verifyUploadFileFunctionality" time="30.621"/>
</testsuite> <!-- com.demoqa.webautomation.testcases.ElementsFunctionalityTest -->
